<?xml version="1.0" encoding="UTF-8" standalone="no"?><testsuite errors="0" failures="0" name="Login" skipped="0" tests="8" time="82.32" timestamp="2023-06-27 12:42:06"><testcase name="user input with valid Username and password"/><testcase name="user input with valid Username and invalid password"/><testcase name="user input with invalid Username and valid password"/><testcase name="user does not enter the Username and Password"/><testcase name="user does not enter the Username and enter valid Password"/><testcase name="user enter valid Username and does not  enter Password"/><testcase name="user enter valid Username + Space and Valid Password"/><testcase name="user enter valid Username  and Valid Password + Space"/></testsuite>