<?xml version="1.0" encoding="UTF-8"?>
<testsuite xmlns:xsi="http://www.w3.org/2001/XMLSchema-instance" xsi:noNamespaceSchemaLocation="https://maven.apache.org/surefire/maven-failsafe-plugin/xsd/failsafe-test-report-3.0.xsd" version="3.0" name="starter.CucumberTestSuite" time="58.794" tests="3" errors="0" skipped="0" failures="0">
  <properties>
[...]
</properties>
  <testcase name="user input with valid Username and password" classname="Login" time="23.598">
    <system-out><![CDATA[21:55:07.712 [main] DEBUG net.thucydides.core.guice.Injectors - Created injector for module net.thucydides.core.guice.ThucydidesModule
21:55:07.965 [main] DEBUG io.cucumber.core.plugin.SerenityReporter - Running feature from file:///D:/alta/Capstone/WEB/CapstoneWEB/src/test/resources/features/login.feature
21:55:08.125 [main] DEBUG net.thucydides.core.guice.Injectors - Created injector for module net.thucydides.core.guice.webdriver.WebDriverModule
21:55:08.136 [main] INFO  - 

-------------------------------------------------------------------------------------
     _______. _______ .______       _______ .__   __.  __  .___________.____    ____ 
    /       ||   ____||   _  \     |   ____||  \ |  | |  | |           |\   \  /   / 
   |   (----`|  |__   |  |_)  |    |  |__   |   \|  | |  | `---|  |----` \   \/   /  
    \   \    |   __|  |      /     |   __|  |  . `  | |  |     |  |       \_    _/   
.----)   |   |  |____ |  |\  \----.|  |____ |  |\   | |  |     |  |         |  |     
|_______/    |_______|| _| `._____||_______||__| \__| |__|     |__|         |__|    
                                                                                     
 News and tutorials at http://www.serenity-bdd.info                                  
 Documentation at https://wakaleo.gitbooks.io/the-serenity-book/content/             
 Join the Serenity Community on Gitter: https://gitter.im/serenity-bdd/serenity-core 
 Serenity BDD Support and Training at http://serenity-bdd.info/#/trainingandsupport  
-------------------------------------------------------------------------------------

21:55:08.139 [main] DEBUG net.thucydides.core.steps.StepEventBus - Test suite started for story net.thucydides.core.model.Story@f388ff28
21:55:08.144 [main] INFO  - Test Suite Started: Login
21:55:08.162 [main] DEBUG io.cucumber.core.plugin.SerenityReporter - Running feature from file:///D:/alta/Capstone/WEB/CapstoneWEB/src/test/resources/features/login.feature
21:55:08.165 [main] DEBUG net.thucydides.core.steps.StepEventBus - Test suite started for story net.thucydides.core.model.Story@f388ff28
21:55:08.166 [main] INFO  - Test Suite Started: Login

@login
Scenario: user input with valid Username and password &amp#27;[90m# src/test/resources/features/login.feature:7&amp#27;[0m
21:55:08.265 [main] DEBUG io.cucumber.core.plugin.SerenityReporter - Running feature from file:///D:/alta/Capstone/WEB/CapstoneWEB/src/test/resources/features/login.feature
21:55:08.391 [main] INFO  - 
  _____   ___   ___   _____     ___   _____     _     ___   _____   ___   ___  
 |_   _| | __| / __| |_   _|   / __| |_   _|   /_\   | _ \ |_   _| | __| |   \ 
   | |   | _|  \__ \   | |     \__ \   | |    / _ \  |   /   | |   | _|  | |) |
   |_|   |___| |___/   |_|     |___/   |_|   /_/ \_\ |_|_\   |_|   |___| |___/ 

user input with valid Username and password(login;user-input-with-valid-username-and-password)
--------------------------------------------------------------------------------
21:55:08.464 [main] DEBUG net.thucydides.core.requirements.model.cucumber.CucumberParser - Loading feature D:\alta\Capstone\WEB\CapstoneWEB\src\test\resources\features\login.feature
21:55:09.237 [main] INFO net.serenitybdd.core.webdriver.driverproviders.ChromeDriverProvider - Starting Chrome driver instance with capabilities:
21:55:09.245 [main] INFO net.serenitybdd.core.webdriver.driverproviders.ChromeDriverProvider - Capabilities {acceptInsecureCerts: false, browserName: chrome, goog:chromeOptions: {args: [remote-allow-origins=*], extensions: []}}
21:55:10.369 [main] DEBUG io.netty.util.internal.logging.InternalLoggerFactory - Using SLF4J as the default logging framework
21:55:10.373 [main] DEBUG io.netty.util.ResourceLeakDetector - -Dio.netty.leakDetection.level: simple
21:55:10.373 [main] DEBUG io.netty.util.ResourceLeakDetector - -Dio.netty.leakDetection.targetRecords: 4
21:55:10.378 [main] DEBUG io.netty.util.ResourceLeakDetectorFactory - Loaded default ResourceLeakDetector: io.netty.util.ResourceLeakDetector@5cfed0ba
21:55:10.396 [main] DEBUG io.netty.util.internal.PlatformDependent0 - -Dio.netty.noUnsafe: false
21:55:10.396 [main] DEBUG io.netty.util.internal.PlatformDependent0 - Java version: 17
21:55:10.397 [main] DEBUG io.netty.util.internal.PlatformDependent0 - sun.misc.Unsafe.theUnsafe: available
21:55:10.398 [main] DEBUG io.netty.util.internal.PlatformDependent0 - sun.misc.Unsafe.copyMemory: available
21:55:10.398 [main] DEBUG io.netty.util.internal.PlatformDependent0 - sun.misc.Unsafe.storeFence: available
21:55:10.398 [main] DEBUG io.netty.util.internal.PlatformDependent0 - java.nio.Buffer.address: available
21:55:10.399 [main] DEBUG io.netty.util.internal.PlatformDependent0 - direct buffer constructor: unavailable: Reflective setAccessible(true) disabled
21:55:10.399 [main] DEBUG io.netty.util.internal.PlatformDependent0 - java.nio.Bits.unaligned: available, true
21:55:10.400 [main] DEBUG io.netty.util.internal.PlatformDependent0 - jdk.internal.misc.Unsafe.allocateUninitializedArray(int): unavailable: class io.netty.util.internal.PlatformDependent0$7 cannot access class jdk.internal.misc.Unsafe (in module java.base) because module java.base does not export jdk.internal.misc to unnamed module @272ed83b
21:55:10.402 [main] DEBUG io.netty.util.internal.PlatformDependent0 - java.nio.DirectByteBuffer.<init>(long, int): unavailable
21:55:10.402 [main] DEBUG io.netty.util.internal.PlatformDependent - sun.misc.Unsafe: available
21:55:10.404 [main] DEBUG io.netty.util.internal.PlatformDependent - maxDirectMemory: 2067791872 bytes (maybe)
21:55:10.404 [main] DEBUG io.netty.util.internal.PlatformDependent - -Dio.netty.tmpdir: C:\Users\User-PC\AppData\Local\Temp (java.io.tmpdir)
21:55:10.404 [main] DEBUG io.netty.util.internal.PlatformDependent - -Dio.netty.bitMode: 64 (sun.arch.data.model)
21:55:10.404 [main] DEBUG io.netty.util.internal.PlatformDependent - Platform: Windows
21:55:10.405 [main] DEBUG io.netty.util.internal.PlatformDependent - -Dio.netty.maxDirectMemory: -1 bytes
21:55:10.405 [main] DEBUG io.netty.util.internal.PlatformDependent - -Dio.netty.uninitializedArrayAllocationThreshold: -1
21:55:10.406 [main] DEBUG io.netty.util.internal.CleanerJava9 - java.nio.ByteBuffer.cleaner(): available
21:55:10.406 [main] DEBUG io.netty.util.internal.PlatformDependent - -Dio.netty.noPreferDirect: false
21:55:10.413 [main] DEBUG io.netty.util.internal.PlatformDependent - org.jctools-core.MpscChunkedArrayQueue: available
21:55:10.433 [main] DEBUG io.netty.util.internal.InternalThreadLocalMap - -Dio.netty.threadLocalMap.stringBuilder.initialSize: 1024
21:55:10.433 [main] DEBUG io.netty.util.internal.InternalThreadLocalMap - -Dio.netty.threadLocalMap.stringBuilder.maxSize: 4096
21:55:10.621 [main] DEBUG io.netty.handler.ssl.JdkSslContext - Default protocols (JDK): [TLSv1.3, TLSv1.2] 
21:55:10.621 [main] DEBUG io.netty.handler.ssl.JdkSslContext - Default cipher suites (JDK): [TLS_ECDHE_ECDSA_WITH_AES_256_GCM_SHA384, TLS_ECDHE_ECDSA_WITH_AES_128_GCM_SHA256, TLS_ECDHE_RSA_WITH_AES_128_GCM_SHA256, TLS_ECDHE_RSA_WITH_AES_256_GCM_SHA384, TLS_ECDHE_RSA_WITH_AES_128_CBC_SHA, TLS_ECDHE_RSA_WITH_AES_256_CBC_SHA, TLS_RSA_WITH_AES_128_GCM_SHA256, TLS_RSA_WITH_AES_128_CBC_SHA, TLS_RSA_WITH_AES_256_CBC_SHA, TLS_AES_128_GCM_SHA256, TLS_AES_256_GCM_SHA384]
21:55:10.644 [main] DEBUG io.netty.channel.MultithreadEventLoopGroup - -Dio.netty.eventLoopThreads: 16
21:55:10.655 [main] DEBUG io.netty.channel.nio.NioEventLoop - -Dio.netty.noKeySetOptimization: false
21:55:10.655 [main] DEBUG io.netty.channel.nio.NioEventLoop - -Dio.netty.selectorAutoRebuildThreshold: 512
21:55:10.711 [main] DEBUG io.netty.buffer.PooledByteBufAllocator - -Dio.netty.allocator.numHeapArenas: 16
21:55:10.711 [main] DEBUG io.netty.buffer.PooledByteBufAllocator - -Dio.netty.allocator.numDirectArenas: 16
21:55:10.711 [main] DEBUG io.netty.buffer.PooledByteBufAllocator - -Dio.netty.allocator.pageSize: 8192
21:55:10.711 [main] DEBUG io.netty.buffer.PooledByteBufAllocator - -Dio.netty.allocator.maxOrder: 9
21:55:10.711 [main] DEBUG io.netty.buffer.PooledByteBufAllocator - -Dio.netty.allocator.chunkSize: 4194304
21:55:10.711 [main] DEBUG io.netty.buffer.PooledByteBufAllocator - -Dio.netty.allocator.smallCacheSize: 256
21:55:10.711 [main] DEBUG io.netty.buffer.PooledByteBufAllocator - -Dio.netty.allocator.normalCacheSize: 64
21:55:10.711 [main] DEBUG io.netty.buffer.PooledByteBufAllocator - -Dio.netty.allocator.maxCachedBufferCapacity: 32768
21:55:10.711 [main] DEBUG io.netty.buffer.PooledByteBufAllocator - -Dio.netty.allocator.cacheTrimInterval: 8192
21:55:10.711 [main] DEBUG io.netty.buffer.PooledByteBufAllocator - -Dio.netty.allocator.cacheTrimIntervalMillis: 0
21:55:10.711 [main] DEBUG io.netty.buffer.PooledByteBufAllocator - -Dio.netty.allocator.useCacheForAllThreads: false
21:55:10.711 [main] DEBUG io.netty.buffer.PooledByteBufAllocator - -Dio.netty.allocator.maxCachedByteBuffersPerChunk: 1023
21:55:10.718 [main] DEBUG io.netty.buffer.ByteBufUtil - -Dio.netty.allocator.type: pooled
21:55:10.718 [main] DEBUG io.netty.buffer.ByteBufUtil - -Dio.netty.threadLocalDirectBufferSize: 0
21:55:10.719 [main] DEBUG io.netty.buffer.ByteBufUtil - -Dio.netty.maxThreadLocalCharBufferSize: 16384
21:55:10.981 [Forwarding newSession on session null to remote] DEBUG io.netty.channel.DefaultChannelId - -Dio.netty.processId: 22344 (auto-detected)
21:55:10.983 [Forwarding newSession on session null to remote] DEBUG io.netty.util.NetUtil - -Djava.net.preferIPv4Stack: false
21:55:10.983 [Forwarding newSession on session null to remote] DEBUG io.netty.util.NetUtil - -Djava.net.preferIPv6Addresses: false
21:55:10.989 [Forwarding newSession on session null to remote] DEBUG io.netty.util.NetUtilInitializations - Loopback interface: lo (Software Loopback Interface 1, 127.0.0.1)
21:55:10.990 [Forwarding newSession on session null to remote] DEBUG io.netty.util.NetUtil - Failed to get SOMAXCONN from sysctl and file \proc\sys\net\core\somaxconn. Default: 200
21:55:10.998 [Forwarding newSession on session null to remote] DEBUG io.netty.channel.DefaultChannelId - -Dio.netty.machineId: 28:11:a8:ff:fe:eb:e6:5f (auto-detected)
21:55:11.038 [AsyncHttpClient-1-2] DEBUG io.netty.buffer.AbstractByteBuf - -Dio.netty.buffer.checkAccessible: true
21:55:11.038 [AsyncHttpClient-1-2] DEBUG io.netty.buffer.AbstractByteBuf - -Dio.netty.buffer.checkBounds: true
21:55:11.038 [AsyncHttpClient-1-2] DEBUG io.netty.util.ResourceLeakDetectorFactory - Loaded default ResourceLeakDetector: io.netty.util.ResourceLeakDetector@2d1a7054
21:55:11.047 [AsyncHttpClient-1-2] DEBUG org.asynchttpclient.netty.channel.NettyConnectListener - Using new Channel '[id: 0xc46d18cb, L:/127.0.0.1:53802 - R:localhost/127.0.0.1:46455]' for 'POST' to '/session'
21:55:11.065 [AsyncHttpClient-1-2] DEBUG io.netty.util.Recycler - -Dio.netty.recycler.maxCapacityPerThread: 4096
21:55:11.066 [AsyncHttpClient-1-2] DEBUG io.netty.util.Recycler - -Dio.netty.recycler.ratio: 8
21:55:11.066 [AsyncHttpClient-1-2] DEBUG io.netty.util.Recycler - -Dio.netty.recycler.chunkSize: 32
21:55:11.066 [AsyncHttpClient-1-2] DEBUG io.netty.util.Recycler - -Dio.netty.recycler.blocking: false
21:55:13.004 [AsyncHttpClient-1-2] DEBUG io.netty.handler.codec.compression.Brotli - brotli4j not in the classpath; Brotli support will be unavailable.
21:55:13.005 [AsyncHttpClient-1-2] DEBUG org.asynchttpclient.netty.handler.HttpHandler - 

Request DefaultHttpRequest(decodeResult: success, version: HTTP/1.1)
POST /session HTTP/1.1
User-Agent: selenium/4.8.1 (java windows)
Content-Length: 507
Content-Type: application/json; charset=utf-8
host: localhost:46455
accept: */*

Response DefaultHttpResponse(decodeResult: success, version: HTTP/1.1)
HTTP/1.1 200 OK
Content-Length: 862
Content-Type: application/json; charset=utf-8
cache-control: no-cache

21:55:13.014 [AsyncHttpClient-1-2] DEBUG org.asynchttpclient.netty.channel.ChannelManager - Adding key: http://localhost:46455 for channel [id: 0xc46d18cb, L:/127.0.0.1:53802 - R:localhost/127.0.0.1:46455]
21:55:13.218 [AsyncHttpClient-1-3] DEBUG org.asynchttpclient.netty.channel.NettyConnectListener - Using new Channel '[id: 0xbab27144, L:/127.0.0.1:53810 - R:localhost/127.0.0.1:53803]' for 'GET' to '/json/version'
21:55:13.238 [AsyncHttpClient-1-3] DEBUG org.asynchttpclient.netty.handler.HttpHandler - 

Request DefaultFullHttpRequest(decodeResult: success, version: HTTP/1.1, content: EmptyByteBufBE)
GET /json/version HTTP/1.1
User-Agent: selenium/4.8.1 (java windows)
host: localhost:53803
accept: */*

Response DefaultHttpResponse(decodeResult: success, version: HTTP/1.1)
HTTP/1.1 200 OK
Content-Security-Policy: frame-ancestors 'none'
Content-Length: 424
Content-Type: application/json; charset=UTF-8

21:55:13.239 [AsyncHttpClient-1-3] DEBUG org.asynchttpclient.netty.channel.ChannelManager - Adding key: http://localhost:53803 for channel [id: 0xbab27144, L:/127.0.0.1:53810 - R:localhost/127.0.0.1:53803]
21:55:13.258 [main] DEBUG io.netty.util.internal.ThreadLocalRandom - -Dio.netty.initialSeedUniquifier: 0x51ab22bdb4e52feb
21:55:13.268 [AsyncHttpClient-1-4] DEBUG org.asynchttpclient.netty.channel.NettyConnectListener - Using new Channel '[id: 0x6913bfce, L:/127.0.0.1:53811 - R:localhost/127.0.0.1:53803]' for 'GET' to '/devtools/browser/c8219ecd-8d25-4748-a30f-77668d7f3753'
21:55:13.287 [AsyncHttpClient-1-4] DEBUG org.asynchttpclient.netty.handler.WebSocketHandler - 

Request DefaultFullHttpRequest(decodeResult: success, version: HTTP/1.1, content: EmptyByteBufBE)
GET /devtools/browser/c8219ecd-8d25-4748-a30f-77668d7f3753 HTTP/1.1
upgrade: websocket
connection: upgrade
sec-websocket-key: dXLyt0BOhqyzVYs39GB/rw==
sec-websocket-version: 13
origin: http://localhost:53803
host: localhost:53803
accept: */*
user-agent: AHC/2.1

Response DefaultHttpResponse(decodeResult: success, version: HTTP/1.1)
HTTP/1.1 101 WebSocket Protocol Handshake
Upgrade: WebSocket
Connection: Upgrade
Sec-WebSocket-Accept: SKyh6ogUqUm8aEqDjB9AY7gB4co=

21:55:13.525 [Forwarding get on session e744708c031fc39770e197d63d032555 to remote] DEBUG org.asynchttpclient.netty.request.NettyRequestSender - Using pooled Channel '[id: 0xc46d18cb, L:/127.0.0.1:53802 - R:localhost/127.0.0.1:46455]' for 'POST' to 'http://localhost:46455/session/e744708c031fc39770e197d63d032555/url'
21:55:13.526 [Forwarding get on session e744708c031fc39770e197d63d032555 to remote] DEBUG org.asynchttpclient.netty.request.NettyRequestSender - Using open Channel [id: 0xc46d18cb, L:/127.0.0.1:53802 - R:localhost/127.0.0.1:46455] for POST '/session/e744708c031fc39770e197d63d032555/url'
21:55:13.921 [AsyncHttpClient-1-1] DEBUG org.asynchttpclient.netty.channel.DefaultChannelPool - Entry count for : http://localhost:53803 : 1
21:55:15.025 [AsyncHttpClient-1-1] DEBUG org.asynchttpclient.netty.channel.DefaultChannelPool - Entry count for : http://localhost:53803 : 1
21:55:16.123 [AsyncHttpClient-1-1] DEBUG org.asynchttpclient.netty.channel.DefaultChannelPool - Entry count for : http://localhost:53803 : 1
21:55:17.219 [AsyncHttpClient-1-1] DEBUG org.asynchttpclient.netty.channel.DefaultChannelPool - Entry count for : http://localhost:53803 : 1
21:55:18.317 [AsyncHttpClient-1-1] DEBUG org.asynchttpclient.netty.channel.DefaultChannelPool - Entry count for : http://localhost:53803 : 1
21:55:19.418 [AsyncHttpClient-1-1] DEBUG org.asynchttpclient.netty.channel.DefaultChannelPool - Entry count for : http://localhost:53803 : 1
21:55:20.520 [AsyncHttpClient-1-1] DEBUG org.asynchttpclient.netty.channel.DefaultChannelPool - Entry count for : http://localhost:53803 : 1
21:55:21.621 [AsyncHttpClient-1-1] DEBUG org.asynchttpclient.netty.channel.DefaultChannelPool - Entry count for : http://localhost:53803 : 1
21:55:22.721 [AsyncHttpClient-1-1] DEBUG org.asynchttpclient.netty.channel.DefaultChannelPool - Entry count for : http://localhost:53803 : 1
21:55:23.819 [AsyncHttpClient-1-1] DEBUG org.asynchttpclient.netty.channel.DefaultChannelPool - Entry count for : http://localhost:53803 : 1
21:55:24.920 [AsyncHttpClient-1-1] DEBUG org.asynchttpclient.netty.channel.DefaultChannelPool - Entry count for : http://localhost:53803 : 1
21:55:25.679 [AsyncHttpClient-1-2] DEBUG org.asynchttpclient.netty.handler.HttpHandler - 

Request DefaultHttpRequest(decodeResult: success, version: HTTP/1.1)
POST /session/e744708c031fc39770e197d63d032555/url HTTP/1.1
User-Agent: selenium/4.8.1 (java windows)
Content-Length: 65
Content-Type: application/json; charset=utf-8
host: localhost:46455
accept: */*

Response DefaultHttpResponse(decodeResult: success, version: HTTP/1.1)
HTTP/1.1 200 OK
Content-Length: 14
Content-Type: application/json; charset=utf-8
cache-control: no-cache

21:55:25.680 [AsyncHttpClient-1-2] DEBUG org.asynchttpclient.netty.channel.ChannelManager - Adding key: http://localhost:46455 for channel [id: 0xc46d18cb, L:/127.0.0.1:53802 - R:localhost/127.0.0.1:46455]
21:55:25.697 [Forwarding setTimeout on session e744708c031fc39770e197d63d032555 to remote] DEBUG org.asynchttpclient.netty.request.NettyRequestSender - Using pooled Channel '[id: 0xc46d18cb, L:/127.0.0.1:53802 - R:localhost/127.0.0.1:46455]' for 'POST' to 'http://localhost:46455/session/e744708c031fc39770e197d63d032555/timeouts'
21:55:25.698 [Forwarding setTimeout on session e744708c031fc39770e197d63d032555 to remote] DEBUG org.asynchttpclient.netty.request.NettyRequestSender - Using open Channel [id: 0xc46d18cb, L:/127.0.0.1:53802 - R:localhost/127.0.0.1:46455] for POST '/session/e744708c031fc39770e197d63d032555/timeouts'
21:55:25.706 [AsyncHttpClient-1-2] DEBUG org.asynchttpclient.netty.handler.HttpHandler - 

Request DefaultHttpRequest(decodeResult: success, version: HTTP/1.1)
POST /session/e744708c031fc39770e197d63d032555/timeouts HTTP/1.1
User-Agent: selenium/4.8.1 (java windows)
Content-Length: 22
Content-Type: application/json; charset=utf-8
host: localhost:46455
accept: */*

Response DefaultHttpResponse(decodeResult: success, version: HTTP/1.1)
HTTP/1.1 200 OK
Content-Length: 14
Content-Type: application/json; charset=utf-8
cache-control: no-cache

21:55:25.707 [AsyncHttpClient-1-2] DEBUG org.asynchttpclient.netty.channel.ChannelManager - Adding key: http://localhost:46455 for channel [id: 0xc46d18cb, L:/127.0.0.1:53802 - R:localhost/127.0.0.1:46455]
21:55:25.768 [main] DEBUG net.serenitybdd.core.photography.Darkroom - Opening darkroom
21:55:25.769 [Darkroom Processing Line] DEBUG net.serenitybdd.core.photography.DarkroomProcessingLine - Darkroom processing line starting up
21:55:25.788 [Forwarding getAlertText on session e744708c031fc39770e197d63d032555 to remote] DEBUG org.asynchttpclient.netty.request.NettyRequestSender - Using pooled Channel '[id: 0xc46d18cb, L:/127.0.0.1:53802 - R:localhost/127.0.0.1:46455]' for 'GET' to 'http://localhost:46455/session/e744708c031fc39770e197d63d032555/alert/text'
21:55:25.788 [Forwarding getAlertText on session e744708c031fc39770e197d63d032555 to remote] DEBUG org.asynchttpclient.netty.request.NettyRequestSender - Using open Channel [id: 0xc46d18cb, L:/127.0.0.1:53802 - R:localhost/127.0.0.1:46455] for GET '/session/e744708c031fc39770e197d63d032555/alert/text'
21:55:25.791 [AsyncHttpClient-1-2] DEBUG org.asynchttpclient.netty.handler.HttpHandler - 

Request DefaultFullHttpRequest(decodeResult: success, version: HTTP/1.1, content: EmptyByteBufBE)
GET /session/e744708c031fc39770e197d63d032555/alert/text HTTP/1.1
User-Agent: selenium/4.8.1 (java windows)
Cache-Control: no-cache
Content-Type: application/json; charset=utf-8
host: localhost:46455
accept: */*

Response DefaultHttpResponse(decodeResult: success, version: HTTP/1.1)
HTTP/1.1 404 Not Found
Content-Length: 821
Content-Type: application/json; charset=utf-8
cache-control: no-cache

21:55:25.791 [AsyncHttpClient-1-2] DEBUG org.asynchttpclient.netty.channel.ChannelManager - Adding key: http://localhost:46455 for channel [id: 0xc46d18cb, L:/127.0.0.1:53802 - R:localhost/127.0.0.1:46455]
21:55:25.801 [Forwarding getCurrentUrl on session e744708c031fc39770e197d63d032555 to remote] DEBUG org.asynchttpclient.netty.request.NettyRequestSender - Using pooled Channel '[id: 0xc46d18cb, L:/127.0.0.1:53802 - R:localhost/127.0.0.1:46455]' for 'GET' to 'http://localhost:46455/session/e744708c031fc39770e197d63d032555/url'
21:55:25.802 [Forwarding getCurrentUrl on session e744708c031fc39770e197d63d032555 to remote] DEBUG org.asynchttpclient.netty.request.NettyRequestSender - Using open Channel [id: 0xc46d18cb, L:/127.0.0.1:53802 - R:localhost/127.0.0.1:46455] for GET '/session/e744708c031fc39770e197d63d032555/url'
21:55:25.811 [AsyncHttpClient-1-2] DEBUG org.asynchttpclient.netty.handler.HttpHandler - 

Request DefaultFullHttpRequest(decodeResult: success, version: HTTP/1.1, content: EmptyByteBufBE)
GET /session/e744708c031fc39770e197d63d032555/url HTTP/1.1
User-Agent: selenium/4.8.1 (java windows)
Cache-Control: no-cache
Content-Type: application/json; charset=utf-8
host: localhost:46455
accept: */*

Response DefaultHttpResponse(decodeResult: success, version: HTTP/1.1)
HTTP/1.1 200 OK
Content-Length: 47
Content-Type: application/json; charset=utf-8
cache-control: no-cache

21:55:25.812 [AsyncHttpClient-1-2] DEBUG org.asynchttpclient.netty.channel.ChannelManager - Adding key: http://localhost:46455 for channel [id: 0xc46d18cb, L:/127.0.0.1:53802 - R:localhost/127.0.0.1:46455]
21:55:25.816 [Forwarding screenshot on session e744708c031fc39770e197d63d032555 to remote] DEBUG org.asynchttpclient.netty.request.NettyRequestSender - Using pooled Channel '[id: 0xc46d18cb, L:/127.0.0.1:53802 - R:localhost/127.0.0.1:46455]' for 'GET' to 'http://localhost:46455/session/e744708c031fc39770e197d63d032555/screenshot'
21:55:25.816 [Forwarding screenshot on session e744708c031fc39770e197d63d032555 to remote] DEBUG org.asynchttpclient.netty.request.NettyRequestSender - Using open Channel [id: 0xc46d18cb, L:/127.0.0.1:53802 - R:localhost/127.0.0.1:46455] for GET '/session/e744708c031fc39770e197d63d032555/screenshot'
21:55:26.001 [AsyncHttpClient-1-2] DEBUG org.asynchttpclient.netty.handler.HttpHandler - 

Request DefaultFullHttpRequest(decodeResult: success, version: HTTP/1.1, content: EmptyByteBufBE)
GET /session/e744708c031fc39770e197d63d032555/screenshot HTTP/1.1
User-Agent: selenium/4.8.1 (java windows)
Cache-Control: no-cache
Content-Type: application/json; charset=utf-8
host: localhost:46455
accept: */*

Response DefaultHttpResponse(decodeResult: success, version: HTTP/1.1)
HTTP/1.1 200 OK
Content-Length: 39008
Content-Type: application/json; charset=utf-8
cache-control: no-cache

21:55:26.001 [AsyncHttpClient-1-2] DEBUG org.asynchttpclient.netty.channel.ChannelManager - Adding key: http://localhost:46455 for channel [id: 0xc46d18cb, L:/127.0.0.1:53802 - R:localhost/127.0.0.1:46455]
21:55:26.021 [AsyncHttpClient-1-1] DEBUG org.asynchttpclient.netty.channel.DefaultChannelPool - Entry count for : http://localhost:53803 : 1
21:55:26.021 [AsyncHttpClient-1-1] DEBUG org.asynchttpclient.netty.channel.DefaultChannelPool - Entry count for : http://localhost:46455 : 1
21:55:26.070 [main] DEBUG net.serenitybdd.core.photography.Darkroom - Send negative for processing for target\site\serenity\7eea101b2595eac2e12e16c6c3a7f2d8107d3db9c8ca172944cc4151e9d43e2b.png
21:55:26.070 [Darkroom Processing Line] DEBUG net.serenitybdd.core.photography.DarkroomProcessingLine - Processing screenshot image in /var/screenshots/screenshot-3939059278809639113
21:55:26.070 [Darkroom Processing Line] DEBUG net.serenitybdd.core.photography.DarkroomProcessingLine - Saving screenshot to target\site\serenity\7eea101b2595eac2e12e16c6c3a7f2d8107d3db9c8ca172944cc4151e9d43e2b.png
21:55:26.073 [Forwarding getPageSource on session e744708c031fc39770e197d63d032555 to remote] DEBUG org.asynchttpclient.netty.request.NettyRequestSender - Using pooled Channel '[id: 0xc46d18cb, L:/127.0.0.1:53802 - R:localhost/127.0.0.1:46455]' for 'POST' to 'http://localhost:46455/session/e744708c031fc39770e197d63d032555/execute/sync'
21:55:26.073 [Forwarding getPageSource on session e744708c031fc39770e197d63d032555 to remote] DEBUG org.asynchttpclient.netty.request.NettyRequestSender - Using open Channel [id: 0xc46d18cb, L:/127.0.0.1:53802 - R:localhost/127.0.0.1:46455] for POST '/session/e744708c031fc39770e197d63d032555/execute/sync'
21:55:26.112 [AsyncHttpClient-1-2] DEBUG org.asynchttpclient.netty.handler.HttpHandler - 

Request DefaultHttpRequest(decodeResult: success, version: HTTP/1.1)
POST /session/e744708c031fc39770e197d63d032555/execute/sync HTTP/1.1
User-Agent: selenium/4.8.1 (java windows)
Content-Length: 176
Content-Type: application/json; charset=utf-8
host: localhost:46455
accept: */*

Response DefaultHttpResponse(decodeResult: success, version: HTTP/1.1)
HTTP/1.1 200 OK
Content-Length: 166638
Content-Type: application/json; charset=utf-8
cache-control: no-cache

21:55:26.115 [AsyncHttpClient-1-2] DEBUG org.asynchttpclient.netty.channel.ChannelManager - Adding key: http://localhost:46455 for channel [id: 0xc46d18cb, L:/127.0.0.1:53802 - R:localhost/127.0.0.1:46455]
21:55:26.221 [Forwarding getCurrentUrl on session e744708c031fc39770e197d63d032555 to remote] DEBUG org.asynchttpclient.netty.request.NettyRequestSender - Using pooled Channel '[id: 0xc46d18cb, L:/127.0.0.1:53802 - R:localhost/127.0.0.1:46455]' for 'GET' to 'http://localhost:46455/session/e744708c031fc39770e197d63d032555/url'
21:55:26.221 [Forwarding getCurrentUrl on session e744708c031fc39770e197d63d032555 to remote] DEBUG org.asynchttpclient.netty.request.NettyRequestSender - Using open Channel [id: 0xc46d18cb, L:/127.0.0.1:53802 - R:localhost/127.0.0.1:46455] for GET '/session/e744708c031fc39770e197d63d032555/url'
21:55:26.225 [AsyncHttpClient-1-2] DEBUG org.asynchttpclient.netty.handler.HttpHandler - 

Request DefaultFullHttpRequest(decodeResult: success, version: HTTP/1.1, content: EmptyByteBufBE)
GET /session/e744708c031fc39770e197d63d032555/url HTTP/1.1
User-Agent: selenium/4.8.1 (java windows)
Cache-Control: no-cache
Content-Type: application/json; charset=utf-8
host: localhost:46455
accept: */*

Response DefaultHttpResponse(decodeResult: success, version: HTTP/1.1)
HTTP/1.1 200 OK
Content-Length: 47
Content-Type: application/json; charset=utf-8
cache-control: no-cache

21:55:26.225 [AsyncHttpClient-1-2] DEBUG org.asynchttpclient.netty.channel.ChannelManager - Adding key: http://localhost:46455 for channel [id: 0xc46d18cb, L:/127.0.0.1:53802 - R:localhost/127.0.0.1:46455]
21:55:26.230 [main] DEBUG net.thucydides.core.steps.StepInterceptor - STARTING STEP: LoginSteps.onLoginPage - validateOnLoginPage
21:55:26.240 [Forwarding findElement on session e744708c031fc39770e197d63d032555 to remote] DEBUG org.asynchttpclient.netty.request.NettyRequestSender - Using pooled Channel '[id: 0xc46d18cb, L:/127.0.0.1:53802 - R:localhost/127.0.0.1:46455]' for 'POST' to 'http://localhost:46455/session/e744708c031fc39770e197d63d032555/element'
21:55:26.240 [Forwarding findElement on session e744708c031fc39770e197d63d032555 to remote] DEBUG org.asynchttpclient.netty.request.NettyRequestSender - Using open Channel [id: 0xc46d18cb, L:/127.0.0.1:53802 - R:localhost/127.0.0.1:46455] for POST '/session/e744708c031fc39770e197d63d032555/element'
21:55:26.256 [AsyncHttpClient-1-2] DEBUG org.asynchttpclient.netty.handler.HttpHandler - 

Request DefaultHttpRequest(decodeResult: success, version: HTTP/1.1)
POST /session/e744708c031fc39770e197d63d032555/element HTTP/1.1
User-Agent: selenium/4.8.1 (java windows)
Content-Length: 155
Content-Type: application/json; charset=utf-8
host: localhost:46455
accept: */*

Response DefaultHttpResponse(decodeResult: success, version: HTTP/1.1)
HTTP/1.1 200 OK
Content-Length: 94
Content-Type: application/json; charset=utf-8
cache-control: no-cache

21:55:26.257 [AsyncHttpClient-1-2] DEBUG org.asynchttpclient.netty.channel.ChannelManager - Adding key: http://localhost:46455 for channel [id: 0xc46d18cb, L:/127.0.0.1:53802 - R:localhost/127.0.0.1:46455]
21:55:26.270 [Forwarding isElementDisplayed on session e744708c031fc39770e197d63d032555 to remote] DEBUG org.asynchttpclient.netty.request.NettyRequestSender - Using pooled Channel '[id: 0xc46d18cb, L:/127.0.0.1:53802 - R:localhost/127.0.0.1:46455]' for 'POST' to 'http://localhost:46455/session/e744708c031fc39770e197d63d032555/execute/sync'
21:55:26.270 [Forwarding isElementDisplayed on session e744708c031fc39770e197d63d032555 to remote] DEBUG org.asynchttpclient.netty.request.NettyRequestSender - Using open Channel [id: 0xc46d18cb, L:/127.0.0.1:53802 - R:localhost/127.0.0.1:46455] for POST '/session/e744708c031fc39770e197d63d032555/execute/sync'
21:55:26.305 [AsyncHttpClient-1-2] DEBUG org.asynchttpclient.netty.handler.HttpHandler - 

Request DefaultHttpRequest(decodeResult: success, version: HTTP/1.1)
POST /session/e744708c031fc39770e197d63d032555/execute/sync HTTP/1.1
User-Agent: selenium/4.8.1 (java windows)
Content-Length: 48813
Content-Type: application/json; charset=utf-8
host: localhost:46455
accept: */*

Response DefaultHttpResponse(decodeResult: success, version: HTTP/1.1)
HTTP/1.1 200 OK
Content-Length: 14
Content-Type: application/json; charset=utf-8
cache-control: no-cache

21:55:26.306 [AsyncHttpClient-1-2] DEBUG org.asynchttpclient.netty.channel.ChannelManager - Adding key: http://localhost:46455 for channel [id: 0xc46d18cb, L:/127.0.0.1:53802 - R:localhost/127.0.0.1:46455]
21:55:26.315 [Forwarding getAlertText on session e744708c031fc39770e197d63d032555 to remote] DEBUG org.asynchttpclient.netty.request.NettyRequestSender - Using pooled Channel '[id: 0xc46d18cb, L:/127.0.0.1:53802 - R:localhost/127.0.0.1:46455]' for 'GET' to 'http://localhost:46455/session/e744708c031fc39770e197d63d032555/alert/text'
21:55:26.315 [Forwarding getAlertText on session e744708c031fc39770e197d63d032555 to remote] DEBUG org.asynchttpclient.netty.request.NettyRequestSender - Using open Channel [id: 0xc46d18cb, L:/127.0.0.1:53802 - R:localhost/127.0.0.1:46455] for GET '/session/e744708c031fc39770e197d63d032555/alert/text'
21:55:26.316 [AsyncHttpClient-1-2] DEBUG org.asynchttpclient.netty.handler.HttpHandler - 

Request DefaultFullHttpRequest(decodeResult: success, version: HTTP/1.1, content: EmptyByteBufBE)
GET /session/e744708c031fc39770e197d63d032555/alert/text HTTP/1.1
User-Agent: selenium/4.8.1 (java windows)
Cache-Control: no-cache
Content-Type: application/json; charset=utf-8
host: localhost:46455
accept: */*

Response DefaultHttpResponse(decodeResult: success, version: HTTP/1.1)
HTTP/1.1 404 Not Found
Content-Length: 821
Content-Type: application/json; charset=utf-8
cache-control: no-cache

21:55:26.317 [AsyncHttpClient-1-2] DEBUG org.asynchttpclient.netty.channel.ChannelManager - Adding key: http://localhost:46455 for channel [id: 0xc46d18cb, L:/127.0.0.1:53802 - R:localhost/127.0.0.1:46455]
21:55:26.319 [Forwarding getCurrentUrl on session e744708c031fc39770e197d63d032555 to remote] DEBUG org.asynchttpclient.netty.request.NettyRequestSender - Using pooled Channel '[id: 0xc46d18cb, L:/127.0.0.1:53802 - R:localhost/127.0.0.1:46455]' for 'GET' to 'http://localhost:46455/session/e744708c031fc39770e197d63d032555/url'
21:55:26.320 [Forwarding getCurrentUrl on session e744708c031fc39770e197d63d032555 to remote] DEBUG org.asynchttpclient.netty.request.NettyRequestSender - Using open Channel [id: 0xc46d18cb, L:/127.0.0.1:53802 - R:localhost/127.0.0.1:46455] for GET '/session/e744708c031fc39770e197d63d032555/url'
21:55:26.325 [AsyncHttpClient-1-2] DEBUG org.asynchttpclient.netty.handler.HttpHandler - 

Request DefaultFullHttpRequest(decodeResult: success, version: HTTP/1.1, content: EmptyByteBufBE)
GET /session/e744708c031fc39770e197d63d032555/url HTTP/1.1
User-Agent: selenium/4.8.1 (java windows)
Cache-Control: no-cache
Content-Type: application/json; charset=utf-8
host: localhost:46455
accept: */*

Response DefaultHttpResponse(decodeResult: success, version: HTTP/1.1)
HTTP/1.1 200 OK
Content-Length: 47
Content-Type: application/json; charset=utf-8
cache-control: no-cache

21:55:26.325 [AsyncHttpClient-1-2] DEBUG org.asynchttpclient.netty.channel.ChannelManager - Adding key: http://localhost:46455 for channel [id: 0xc46d18cb, L:/127.0.0.1:53802 - R:localhost/127.0.0.1:46455]
21:55:26.327 [Forwarding screenshot on session e744708c031fc39770e197d63d032555 to remote] DEBUG org.asynchttpclient.netty.request.NettyRequestSender - Using pooled Channel '[id: 0xc46d18cb, L:/127.0.0.1:53802 - R:localhost/127.0.0.1:46455]' for 'GET' to 'http://localhost:46455/session/e744708c031fc39770e197d63d032555/screenshot'
21:55:26.327 [Forwarding screenshot on session e744708c031fc39770e197d63d032555 to remote] DEBUG org.asynchttpclient.netty.request.NettyRequestSender - Using open Channel [id: 0xc46d18cb, L:/127.0.0.1:53802 - R:localhost/127.0.0.1:46455] for GET '/session/e744708c031fc39770e197d63d032555/screenshot'
21:55:26.464 [AsyncHttpClient-1-2] DEBUG org.asynchttpclient.netty.handler.HttpHandler - 

Request DefaultFullHttpRequest(decodeResult: success, version: HTTP/1.1, content: EmptyByteBufBE)
GET /session/e744708c031fc39770e197d63d032555/screenshot HTTP/1.1
User-Agent: selenium/4.8.1 (java windows)
Cache-Control: no-cache
Content-Type: application/json; charset=utf-8
host: localhost:46455
accept: */*

Response DefaultHttpResponse(decodeResult: success, version: HTTP/1.1)
HTTP/1.1 200 OK
Content-Length: 41452
Content-Type: application/json; charset=utf-8
cache-control: no-cache

21:55:26.466 [AsyncHttpClient-1-2] DEBUG org.asynchttpclient.netty.channel.ChannelManager - Adding key: http://localhost:46455 for channel [id: 0xc46d18cb, L:/127.0.0.1:53802 - R:localhost/127.0.0.1:46455]
21:55:26.472 [main] DEBUG net.serenitybdd.core.photography.Darkroom - Send negative for processing for target\site\serenity\23d1c1dbdf4751859e868a8f6a253615d77b52e4c279469123cde7edb7460d66.png
21:55:26.473 [Darkroom Processing Line] DEBUG net.serenitybdd.core.photography.DarkroomProcessingLine - Processing screenshot image in /var/screenshots/screenshot-16178183066246783883
21:55:26.473 [Darkroom Processing Line] DEBUG net.serenitybdd.core.photography.DarkroomProcessingLine - Saving screenshot to target\site\serenity\23d1c1dbdf4751859e868a8f6a253615d77b52e4c279469123cde7edb7460d66.png
21:55:26.475 [main] DEBUG net.thucydides.core.steps.StepInterceptor - STEP DONE: validateOnLoginPage
  &amp#27;[32mGiven &amp#27;[0m&amp#27;[32mI am on the login page&amp#27;[0m                        &amp#27;[90m# starter.stepdefinitions.LoginSteps.onLoginPage()&amp#27;[0m
21:55:26.531 [Forwarding getAlertText on session e744708c031fc39770e197d63d032555 to remote] DEBUG org.asynchttpclient.netty.request.NettyRequestSender - Using pooled Channel '[id: 0xc46d18cb, L:/127.0.0.1:53802 - R:localhost/127.0.0.1:46455]' for 'GET' to 'http://localhost:46455/session/e744708c031fc39770e197d63d032555/alert/text'
21:55:26.532 [Forwarding getAlertText on session e744708c031fc39770e197d63d032555 to remote] DEBUG org.asynchttpclient.netty.request.NettyRequestSender - Using open Channel [id: 0xc46d18cb, L:/127.0.0.1:53802 - R:localhost/127.0.0.1:46455] for GET '/session/e744708c031fc39770e197d63d032555/alert/text'
21:55:26.535 [AsyncHttpClient-1-2] DEBUG org.asynchttpclient.netty.handler.HttpHandler - 

Request DefaultFullHttpRequest(decodeResult: success, version: HTTP/1.1, content: EmptyByteBufBE)
GET /session/e744708c031fc39770e197d63d032555/alert/text HTTP/1.1
User-Agent: selenium/4.8.1 (java windows)
Cache-Control: no-cache
Content-Type: application/json; charset=utf-8
host: localhost:46455
accept: */*

Response DefaultHttpResponse(decodeResult: success, version: HTTP/1.1)
HTTP/1.1 404 Not Found
Content-Length: 821
Content-Type: application/json; charset=utf-8
cache-control: no-cache

21:55:26.535 [AsyncHttpClient-1-2] DEBUG org.asynchttpclient.netty.channel.ChannelManager - Adding key: http://localhost:46455 for channel [id: 0xc46d18cb, L:/127.0.0.1:53802 - R:localhost/127.0.0.1:46455]
21:55:26.541 [Forwarding getCurrentUrl on session e744708c031fc39770e197d63d032555 to remote] DEBUG org.asynchttpclient.netty.request.NettyRequestSender - Using pooled Channel '[id: 0xc46d18cb, L:/127.0.0.1:53802 - R:localhost/127.0.0.1:46455]' for 'GET' to 'http://localhost:46455/session/e744708c031fc39770e197d63d032555/url'
21:55:26.542 [Forwarding getCurrentUrl on session e744708c031fc39770e197d63d032555 to remote] DEBUG org.asynchttpclient.netty.request.NettyRequestSender - Using open Channel [id: 0xc46d18cb, L:/127.0.0.1:53802 - R:localhost/127.0.0.1:46455] for GET '/session/e744708c031fc39770e197d63d032555/url'
21:55:26.549 [AsyncHttpClient-1-2] DEBUG org.asynchttpclient.netty.handler.HttpHandler - 

Request DefaultFullHttpRequest(decodeResult: success, version: HTTP/1.1, content: EmptyByteBufBE)
GET /session/e744708c031fc39770e197d63d032555/url HTTP/1.1
User-Agent: selenium/4.8.1 (java windows)
Cache-Control: no-cache
Content-Type: application/json; charset=utf-8
host: localhost:46455
accept: */*

Response DefaultHttpResponse(decodeResult: success, version: HTTP/1.1)
HTTP/1.1 200 OK
Content-Length: 47
Content-Type: application/json; charset=utf-8
cache-control: no-cache

21:55:26.550 [AsyncHttpClient-1-2] DEBUG org.asynchttpclient.netty.channel.ChannelManager - Adding key: http://localhost:46455 for channel [id: 0xc46d18cb, L:/127.0.0.1:53802 - R:localhost/127.0.0.1:46455]
21:55:26.551 [Forwarding screenshot on session e744708c031fc39770e197d63d032555 to remote] DEBUG org.asynchttpclient.netty.request.NettyRequestSender - Using pooled Channel '[id: 0xc46d18cb, L:/127.0.0.1:53802 - R:localhost/127.0.0.1:46455]' for 'GET' to 'http://localhost:46455/session/e744708c031fc39770e197d63d032555/screenshot'
21:55:26.551 [Forwarding screenshot on session e744708c031fc39770e197d63d032555 to remote] DEBUG org.asynchttpclient.netty.request.NettyRequestSender - Using open Channel [id: 0xc46d18cb, L:/127.0.0.1:53802 - R:localhost/127.0.0.1:46455] for GET '/session/e744708c031fc39770e197d63d032555/screenshot'
21:55:26.691 [AsyncHttpClient-1-2] DEBUG org.asynchttpclient.netty.handler.HttpHandler - 

Request DefaultFullHttpRequest(decodeResult: success, version: HTTP/1.1, content: EmptyByteBufBE)
GET /session/e744708c031fc39770e197d63d032555/screenshot HTTP/1.1
User-Agent: selenium/4.8.1 (java windows)
Cache-Control: no-cache
Content-Type: application/json; charset=utf-8
host: localhost:46455
accept: */*

Response DefaultHttpResponse(decodeResult: success, version: HTTP/1.1)
HTTP/1.1 200 OK
Content-Length: 41452
Content-Type: application/json; charset=utf-8
cache-control: no-cache

21:55:26.692 [AsyncHttpClient-1-2] DEBUG org.asynchttpclient.netty.channel.ChannelManager - Adding key: http://localhost:46455 for channel [id: 0xc46d18cb, L:/127.0.0.1:53802 - R:localhost/127.0.0.1:46455]
21:55:26.698 [main] DEBUG net.serenitybdd.core.photography.Darkroom - Send negative for processing for target\site\serenity\23d1c1dbdf4751859e868a8f6a253615d77b52e4c279469123cde7edb7460d66.png
21:55:26.702 [Forwarding getPageSource on session e744708c031fc39770e197d63d032555 to remote] DEBUG org.asynchttpclient.netty.request.NettyRequestSender - Using pooled Channel '[id: 0xc46d18cb, L:/127.0.0.1:53802 - R:localhost/127.0.0.1:46455]' for 'POST' to 'http://localhost:46455/session/e744708c031fc39770e197d63d032555/execute/sync'
21:55:26.702 [Forwarding getPageSource on session e744708c031fc39770e197d63d032555 to remote] DEBUG org.asynchttpclient.netty.request.NettyRequestSender - Using open Channel [id: 0xc46d18cb, L:/127.0.0.1:53802 - R:localhost/127.0.0.1:46455] for POST '/session/e744708c031fc39770e197d63d032555/execute/sync'
21:55:26.721 [AsyncHttpClient-1-2] DEBUG org.asynchttpclient.netty.handler.HttpHandler - 

Request DefaultHttpRequest(decodeResult: success, version: HTTP/1.1)
POST /session/e744708c031fc39770e197d63d032555/execute/sync HTTP/1.1
User-Agent: selenium/4.8.1 (java windows)
Content-Length: 176
Content-Type: application/json; charset=utf-8
host: localhost:46455
accept: */*

Response DefaultHttpResponse(decodeResult: success, version: HTTP/1.1)
HTTP/1.1 200 OK
Content-Length: 166638
Content-Type: application/json; charset=utf-8
cache-control: no-cache

21:55:26.722 [AsyncHttpClient-1-2] DEBUG org.asynchttpclient.netty.channel.ChannelManager - Adding key: http://localhost:46455 for channel [id: 0xc46d18cb, L:/127.0.0.1:53802 - R:localhost/127.0.0.1:46455]
21:55:26.739 [Forwarding getCurrentUrl on session e744708c031fc39770e197d63d032555 to remote] DEBUG org.asynchttpclient.netty.request.NettyRequestSender - Using pooled Channel '[id: 0xc46d18cb, L:/127.0.0.1:53802 - R:localhost/127.0.0.1:46455]' for 'GET' to 'http://localhost:46455/session/e744708c031fc39770e197d63d032555/url'
21:55:26.739 [Forwarding getCurrentUrl on session e744708c031fc39770e197d63d032555 to remote] DEBUG org.asynchttpclient.netty.request.NettyRequestSender - Using open Channel [id: 0xc46d18cb, L:/127.0.0.1:53802 - R:localhost/127.0.0.1:46455] for GET '/session/e744708c031fc39770e197d63d032555/url'
21:55:26.743 [AsyncHttpClient-1-2] DEBUG org.asynchttpclient.netty.handler.HttpHandler - 

Request DefaultFullHttpRequest(decodeResult: success, version: HTTP/1.1, content: EmptyByteBufBE)
GET /session/e744708c031fc39770e197d63d032555/url HTTP/1.1
User-Agent: selenium/4.8.1 (java windows)
Cache-Control: no-cache
Content-Type: application/json; charset=utf-8
host: localhost:46455
accept: */*

Response DefaultHttpResponse(decodeResult: success, version: HTTP/1.1)
HTTP/1.1 200 OK
Content-Length: 47
Content-Type: application/json; charset=utf-8
cache-control: no-cache

21:55:26.743 [AsyncHttpClient-1-2] DEBUG org.asynchttpclient.netty.channel.ChannelManager - Adding key: http://localhost:46455 for channel [id: 0xc46d18cb, L:/127.0.0.1:53802 - R:localhost/127.0.0.1:46455]
21:55:26.756 [Forwarding getAlertText on session e744708c031fc39770e197d63d032555 to remote] DEBUG org.asynchttpclient.netty.request.NettyRequestSender - Using pooled Channel '[id: 0xc46d18cb, L:/127.0.0.1:53802 - R:localhost/127.0.0.1:46455]' for 'GET' to 'http://localhost:46455/session/e744708c031fc39770e197d63d032555/alert/text'
21:55:26.756 [Forwarding getAlertText on session e744708c031fc39770e197d63d032555 to remote] DEBUG org.asynchttpclient.netty.request.NettyRequestSender - Using open Channel [id: 0xc46d18cb, L:/127.0.0.1:53802 - R:localhost/127.0.0.1:46455] for GET '/session/e744708c031fc39770e197d63d032555/alert/text'
21:55:26.758 [AsyncHttpClient-1-2] DEBUG org.asynchttpclient.netty.handler.HttpHandler - 

Request DefaultFullHttpRequest(decodeResult: success, version: HTTP/1.1, content: EmptyByteBufBE)
GET /session/e744708c031fc39770e197d63d032555/alert/text HTTP/1.1
User-Agent: selenium/4.8.1 (java windows)
Cache-Control: no-cache
Content-Type: application/json; charset=utf-8
host: localhost:46455
accept: */*

Response DefaultHttpResponse(decodeResult: success, version: HTTP/1.1)
HTTP/1.1 404 Not Found
Content-Length: 821
Content-Type: application/json; charset=utf-8
cache-control: no-cache

21:55:26.758 [AsyncHttpClient-1-2] DEBUG org.asynchttpclient.netty.channel.ChannelManager - Adding key: http://localhost:46455 for channel [id: 0xc46d18cb, L:/127.0.0.1:53802 - R:localhost/127.0.0.1:46455]
21:55:26.760 [Forwarding getCurrentUrl on session e744708c031fc39770e197d63d032555 to remote] DEBUG org.asynchttpclient.netty.request.NettyRequestSender - Using pooled Channel '[id: 0xc46d18cb, L:/127.0.0.1:53802 - R:localhost/127.0.0.1:46455]' for 'GET' to 'http://localhost:46455/session/e744708c031fc39770e197d63d032555/url'
21:55:26.761 [Forwarding getCurrentUrl on session e744708c031fc39770e197d63d032555 to remote] DEBUG org.asynchttpclient.netty.request.NettyRequestSender - Using open Channel [id: 0xc46d18cb, L:/127.0.0.1:53802 - R:localhost/127.0.0.1:46455] for GET '/session/e744708c031fc39770e197d63d032555/url'
21:55:26.765 [AsyncHttpClient-1-2] DEBUG org.asynchttpclient.netty.handler.HttpHandler - 

Request DefaultFullHttpRequest(decodeResult: success, version: HTTP/1.1, content: EmptyByteBufBE)
GET /session/e744708c031fc39770e197d63d032555/url HTTP/1.1
User-Agent: selenium/4.8.1 (java windows)
Cache-Control: no-cache
Content-Type: application/json; charset=utf-8
host: localhost:46455
accept: */*

Response DefaultHttpResponse(decodeResult: success, version: HTTP/1.1)
HTTP/1.1 200 OK
Content-Length: 47
Content-Type: application/json; charset=utf-8
cache-control: no-cache

21:55:26.766 [AsyncHttpClient-1-2] DEBUG org.asynchttpclient.netty.channel.ChannelManager - Adding key: http://localhost:46455 for channel [id: 0xc46d18cb, L:/127.0.0.1:53802 - R:localhost/127.0.0.1:46455]
21:55:26.767 [Forwarding screenshot on session e744708c031fc39770e197d63d032555 to remote] DEBUG org.asynchttpclient.netty.request.NettyRequestSender - Using pooled Channel '[id: 0xc46d18cb, L:/127.0.0.1:53802 - R:localhost/127.0.0.1:46455]' for 'GET' to 'http://localhost:46455/session/e744708c031fc39770e197d63d032555/screenshot'
21:55:26.767 [Forwarding screenshot on session e744708c031fc39770e197d63d032555 to remote] DEBUG org.asynchttpclient.netty.request.NettyRequestSender - Using open Channel [id: 0xc46d18cb, L:/127.0.0.1:53802 - R:localhost/127.0.0.1:46455] for GET '/session/e744708c031fc39770e197d63d032555/screenshot'
21:55:26.854 [AsyncHttpClient-1-2] DEBUG org.asynchttpclient.netty.handler.HttpHandler - 

Request DefaultFullHttpRequest(decodeResult: success, version: HTTP/1.1, content: EmptyByteBufBE)
GET /session/e744708c031fc39770e197d63d032555/screenshot HTTP/1.1
User-Agent: selenium/4.8.1 (java windows)
Cache-Control: no-cache
Content-Type: application/json; charset=utf-8
host: localhost:46455
accept: */*

Response DefaultHttpResponse(decodeResult: success, version: HTTP/1.1)
HTTP/1.1 200 OK
Content-Length: 41452
Content-Type: application/json; charset=utf-8
cache-control: no-cache

21:55:26.854 [AsyncHttpClient-1-2] DEBUG org.asynchttpclient.netty.channel.ChannelManager - Adding key: http://localhost:46455 for channel [id: 0xc46d18cb, L:/127.0.0.1:53802 - R:localhost/127.0.0.1:46455]
21:55:26.857 [main] DEBUG net.serenitybdd.core.photography.Darkroom - Send negative for processing for target\site\serenity\23d1c1dbdf4751859e868a8f6a253615d77b52e4c279469123cde7edb7460d66.png
21:55:26.859 [Forwarding getPageSource on session e744708c031fc39770e197d63d032555 to remote] DEBUG org.asynchttpclient.netty.request.NettyRequestSender - Using pooled Channel '[id: 0xc46d18cb, L:/127.0.0.1:53802 - R:localhost/127.0.0.1:46455]' for 'POST' to 'http://localhost:46455/session/e744708c031fc39770e197d63d032555/execute/sync'
21:55:26.859 [Forwarding getPageSource on session e744708c031fc39770e197d63d032555 to remote] DEBUG org.asynchttpclient.netty.request.NettyRequestSender - Using open Channel [id: 0xc46d18cb, L:/127.0.0.1:53802 - R:localhost/127.0.0.1:46455] for POST '/session/e744708c031fc39770e197d63d032555/execute/sync'
21:55:26.877 [AsyncHttpClient-1-2] DEBUG org.asynchttpclient.netty.handler.HttpHandler - 

Request DefaultHttpRequest(decodeResult: success, version: HTTP/1.1)
POST /session/e744708c031fc39770e197d63d032555/execute/sync HTTP/1.1
User-Agent: selenium/4.8.1 (java windows)
Content-Length: 176
Content-Type: application/json; charset=utf-8
host: localhost:46455
accept: */*

Response DefaultHttpResponse(decodeResult: success, version: HTTP/1.1)
HTTP/1.1 200 OK
Content-Length: 166638
Content-Type: application/json; charset=utf-8
cache-control: no-cache

21:55:26.878 [AsyncHttpClient-1-2] DEBUG org.asynchttpclient.netty.channel.ChannelManager - Adding key: http://localhost:46455 for channel [id: 0xc46d18cb, L:/127.0.0.1:53802 - R:localhost/127.0.0.1:46455]
21:55:26.898 [Forwarding getCurrentUrl on session e744708c031fc39770e197d63d032555 to remote] DEBUG org.asynchttpclient.netty.request.NettyRequestSender - Using pooled Channel '[id: 0xc46d18cb, L:/127.0.0.1:53802 - R:localhost/127.0.0.1:46455]' for 'GET' to 'http://localhost:46455/session/e744708c031fc39770e197d63d032555/url'
21:55:26.900 [Forwarding getCurrentUrl on session e744708c031fc39770e197d63d032555 to remote] DEBUG org.asynchttpclient.netty.request.NettyRequestSender - Using open Channel [id: 0xc46d18cb, L:/127.0.0.1:53802 - R:localhost/127.0.0.1:46455] for GET '/session/e744708c031fc39770e197d63d032555/url'
21:55:26.908 [AsyncHttpClient-1-2] DEBUG org.asynchttpclient.netty.handler.HttpHandler - 

Request DefaultFullHttpRequest(decodeResult: success, version: HTTP/1.1, content: EmptyByteBufBE)
GET /session/e744708c031fc39770e197d63d032555/url HTTP/1.1
User-Agent: selenium/4.8.1 (java windows)
Cache-Control: no-cache
Content-Type: application/json; charset=utf-8
host: localhost:46455
accept: */*

Response DefaultHttpResponse(decodeResult: success, version: HTTP/1.1)
HTTP/1.1 200 OK
Content-Length: 47
Content-Type: application/json; charset=utf-8
cache-control: no-cache

21:55:26.909 [AsyncHttpClient-1-2] DEBUG org.asynchttpclient.netty.channel.ChannelManager - Adding key: http://localhost:46455 for channel [id: 0xc46d18cb, L:/127.0.0.1:53802 - R:localhost/127.0.0.1:46455]
21:55:26.915 [main] DEBUG net.thucydides.core.steps.StepInterceptor - STARTING STEP: LoginSteps.enterUsernamelOnSigIn - inputUsername
21:55:26.920 [Forwarding findElement on session e744708c031fc39770e197d63d032555 to remote] DEBUG org.asynchttpclient.netty.request.NettyRequestSender - Using pooled Channel '[id: 0xc46d18cb, L:/127.0.0.1:53802 - R:localhost/127.0.0.1:46455]' for 'POST' to 'http://localhost:46455/session/e744708c031fc39770e197d63d032555/element'
21:55:26.920 [Forwarding findElement on session e744708c031fc39770e197d63d032555 to remote] DEBUG org.asynchttpclient.netty.request.NettyRequestSender - Using open Channel [id: 0xc46d18cb, L:/127.0.0.1:53802 - R:localhost/127.0.0.1:46455] for POST '/session/e744708c031fc39770e197d63d032555/element'
21:55:26.932 [AsyncHttpClient-1-2] DEBUG org.asynchttpclient.netty.handler.HttpHandler - 

Request DefaultHttpRequest(decodeResult: success, version: HTTP/1.1)
POST /session/e744708c031fc39770e197d63d032555/element HTTP/1.1
User-Agent: selenium/4.8.1 (java windows)
Content-Length: 88
Content-Type: application/json; charset=utf-8
host: localhost:46455
accept: */*

Response DefaultHttpResponse(decodeResult: success, version: HTTP/1.1)
HTTP/1.1 200 OK
Content-Length: 95
Content-Type: application/json; charset=utf-8
cache-control: no-cache

21:55:26.932 [AsyncHttpClient-1-2] DEBUG org.asynchttpclient.netty.channel.ChannelManager - Adding key: http://localhost:46455 for channel [id: 0xc46d18cb, L:/127.0.0.1:53802 - R:localhost/127.0.0.1:46455]
21:55:26.935 [Forwarding clearElement on session e744708c031fc39770e197d63d032555 to remote] DEBUG org.asynchttpclient.netty.request.NettyRequestSender - Using pooled Channel '[id: 0xc46d18cb, L:/127.0.0.1:53802 - R:localhost/127.0.0.1:46455]' for 'POST' to 'http://localhost:46455/session/e744708c031fc39770e197d63d032555/element/A57C8E971128287337169D0FB688F7BE_element_16/clear'
21:55:26.935 [Forwarding clearElement on session e744708c031fc39770e197d63d032555 to remote] DEBUG org.asynchttpclient.netty.request.NettyRequestSender - Using open Channel [id: 0xc46d18cb, L:/127.0.0.1:53802 - R:localhost/127.0.0.1:46455] for POST '/session/e744708c031fc39770e197d63d032555/element/A57C8E971128287337169D0FB688F7BE_element_16/clear'
21:55:26.968 [AsyncHttpClient-1-2] DEBUG org.asynchttpclient.netty.handler.HttpHandler - 

Request DefaultHttpRequest(decodeResult: success, version: HTTP/1.1)
POST /session/e744708c031fc39770e197d63d032555/element/A57C8E971128287337169D0FB688F7BE_element_16/clear HTTP/1.1
User-Agent: selenium/4.8.1 (java windows)
Content-Length: 57
Content-Type: application/json; charset=utf-8
host: localhost:46455
accept: */*

Response DefaultHttpResponse(decodeResult: success, version: HTTP/1.1)
HTTP/1.1 200 OK
Content-Length: 14
Content-Type: application/json; charset=utf-8
cache-control: no-cache

21:55:26.968 [AsyncHttpClient-1-2] DEBUG org.asynchttpclient.netty.channel.ChannelManager - Adding key: http://localhost:46455 for channel [id: 0xc46d18cb, L:/127.0.0.1:53802 - R:localhost/127.0.0.1:46455]
21:55:26.973 [Forwarding sendKeysToElement on session e744708c031fc39770e197d63d032555 to remote] DEBUG org.asynchttpclient.netty.request.NettyRequestSender - Using pooled Channel '[id: 0xc46d18cb, L:/127.0.0.1:53802 - R:localhost/127.0.0.1:46455]' for 'POST' to 'http://localhost:46455/session/e744708c031fc39770e197d63d032555/element/A57C8E971128287337169D0FB688F7BE_element_16/value'
21:55:26.973 [Forwarding sendKeysToElement on session e744708c031fc39770e197d63d032555 to remote] DEBUG org.asynchttpclient.netty.request.NettyRequestSender - Using open Channel [id: 0xc46d18cb, L:/127.0.0.1:53802 - R:localhost/127.0.0.1:46455] for POST '/session/e744708c031fc39770e197d63d032555/element/A57C8E971128287337169D0FB688F7BE_element_16/value'
21:55:27.104 [AsyncHttpClient-1-2] DEBUG org.asynchttpclient.netty.handler.HttpHandler - 

Request DefaultHttpRequest(decodeResult: success, version: HTTP/1.1)
POST /session/e744708c031fc39770e197d63d032555/element/A57C8E971128287337169D0FB688F7BE_element_16/value HTTP/1.1
User-Agent: selenium/4.8.1 (java windows)
Content-Length: 138
Content-Type: application/json; charset=utf-8
host: localhost:46455
accept: */*

Response DefaultHttpResponse(decodeResult: success, version: HTTP/1.1)
HTTP/1.1 200 OK
Content-Length: 14
Content-Type: application/json; charset=utf-8
cache-control: no-cache

21:55:27.105 [AsyncHttpClient-1-2] DEBUG org.asynchttpclient.netty.channel.ChannelManager - Adding key: http://localhost:46455 for channel [id: 0xc46d18cb, L:/127.0.0.1:53802 - R:localhost/127.0.0.1:46455]
21:55:27.119 [AsyncHttpClient-1-1] DEBUG org.asynchttpclient.netty.channel.DefaultChannelPool - Entry count for : http://localhost:53803 : 1
21:55:27.119 [AsyncHttpClient-1-1] DEBUG org.asynchttpclient.netty.channel.DefaultChannelPool - Entry count for : http://localhost:46455 : 1
21:55:27.133 [Forwarding getAlertText on session e744708c031fc39770e197d63d032555 to remote] DEBUG org.asynchttpclient.netty.request.NettyRequestSender - Using pooled Channel '[id: 0xc46d18cb, L:/127.0.0.1:53802 - R:localhost/127.0.0.1:46455]' for 'GET' to 'http://localhost:46455/session/e744708c031fc39770e197d63d032555/alert/text'
21:55:27.134 [Forwarding getAlertText on session e744708c031fc39770e197d63d032555 to remote] DEBUG org.asynchttpclient.netty.request.NettyRequestSender - Using open Channel [id: 0xc46d18cb, L:/127.0.0.1:53802 - R:localhost/127.0.0.1:46455] for GET '/session/e744708c031fc39770e197d63d032555/alert/text'
21:55:27.147 [AsyncHttpClient-1-2] DEBUG org.asynchttpclient.netty.handler.HttpHandler - 

Request DefaultFullHttpRequest(decodeResult: success, version: HTTP/1.1, content: EmptyByteBufBE)
GET /session/e744708c031fc39770e197d63d032555/alert/text HTTP/1.1
User-Agent: selenium/4.8.1 (java windows)
Cache-Control: no-cache
Content-Type: application/json; charset=utf-8
host: localhost:46455
accept: */*

Response DefaultHttpResponse(decodeResult: success, version: HTTP/1.1)
HTTP/1.1 404 Not Found
Content-Length: 821
Content-Type: application/json; charset=utf-8
cache-control: no-cache

21:55:27.149 [AsyncHttpClient-1-2] DEBUG org.asynchttpclient.netty.channel.ChannelManager - Adding key: http://localhost:46455 for channel [id: 0xc46d18cb, L:/127.0.0.1:53802 - R:localhost/127.0.0.1:46455]
21:55:27.156 [Forwarding getCurrentUrl on session e744708c031fc39770e197d63d032555 to remote] DEBUG org.asynchttpclient.netty.request.NettyRequestSender - Using pooled Channel '[id: 0xc46d18cb, L:/127.0.0.1:53802 - R:localhost/127.0.0.1:46455]' for 'GET' to 'http://localhost:46455/session/e744708c031fc39770e197d63d032555/url'
21:55:27.157 [Forwarding getCurrentUrl on session e744708c031fc39770e197d63d032555 to remote] DEBUG org.asynchttpclient.netty.request.NettyRequestSender - Using open Channel [id: 0xc46d18cb, L:/127.0.0.1:53802 - R:localhost/127.0.0.1:46455] for GET '/session/e744708c031fc39770e197d63d032555/url'
21:55:27.168 [AsyncHttpClient-1-2] DEBUG org.asynchttpclient.netty.handler.HttpHandler - 

Request DefaultFullHttpRequest(decodeResult: success, version: HTTP/1.1, content: EmptyByteBufBE)
GET /session/e744708c031fc39770e197d63d032555/url HTTP/1.1
User-Agent: selenium/4.8.1 (java windows)
Cache-Control: no-cache
Content-Type: application/json; charset=utf-8
host: localhost:46455
accept: */*

Response DefaultHttpResponse(decodeResult: success, version: HTTP/1.1)
HTTP/1.1 200 OK
Content-Length: 47
Content-Type: application/json; charset=utf-8
cache-control: no-cache

21:55:27.169 [AsyncHttpClient-1-2] DEBUG org.asynchttpclient.netty.channel.ChannelManager - Adding key: http://localhost:46455 for channel [id: 0xc46d18cb, L:/127.0.0.1:53802 - R:localhost/127.0.0.1:46455]
21:55:27.171 [Forwarding screenshot on session e744708c031fc39770e197d63d032555 to remote] DEBUG org.asynchttpclient.netty.request.NettyRequestSender - Using pooled Channel '[id: 0xc46d18cb, L:/127.0.0.1:53802 - R:localhost/127.0.0.1:46455]' for 'GET' to 'http://localhost:46455/session/e744708c031fc39770e197d63d032555/screenshot'
21:55:27.171 [Forwarding screenshot on session e744708c031fc39770e197d63d032555 to remote] DEBUG org.asynchttpclient.netty.request.NettyRequestSender - Using open Channel [id: 0xc46d18cb, L:/127.0.0.1:53802 - R:localhost/127.0.0.1:46455] for GET '/session/e744708c031fc39770e197d63d032555/screenshot'
21:55:27.346 [AsyncHttpClient-1-2] DEBUG org.asynchttpclient.netty.handler.HttpHandler - 

Request DefaultFullHttpRequest(decodeResult: success, version: HTTP/1.1, content: EmptyByteBufBE)
GET /session/e744708c031fc39770e197d63d032555/screenshot HTTP/1.1
User-Agent: selenium/4.8.1 (java windows)
Cache-Control: no-cache
Content-Type: application/json; charset=utf-8
host: localhost:46455
accept: */*

Response DefaultHttpResponse(decodeResult: success, version: HTTP/1.1)
HTTP/1.1 200 OK
Content-Length: 41348
Content-Type: application/json; charset=utf-8
cache-control: no-cache

21:55:27.348 [AsyncHttpClient-1-2] DEBUG org.asynchttpclient.netty.channel.ChannelManager - Adding key: http://localhost:46455 for channel [id: 0xc46d18cb, L:/127.0.0.1:53802 - R:localhost/127.0.0.1:46455]
21:55:27.351 [main] DEBUG net.serenitybdd.core.photography.Darkroom - Send negative for processing for target\site\serenity\be8ca9a99a131e2b58c12f54c52180fbd13817f3e797da03ca952b733385dd8a.png
21:55:27.351 [Darkroom Processing Line] DEBUG net.serenitybdd.core.photography.DarkroomProcessingLine - Processing screenshot image in /var/screenshots/screenshot-15249238521046178835
21:55:27.351 [main] DEBUG net.thucydides.core.steps.StepInterceptor - STEP DONE: inputUsername
21:55:27.351 [Darkroom Processing Line] DEBUG net.serenitybdd.core.photography.DarkroomProcessingLine - Saving screenshot to target\site\serenity\be8ca9a99a131e2b58c12f54c52180fbd13817f3e797da03ca952b733385dd8a.png
  &amp#27;[32mWhen &amp#27;[0m&amp#27;[32mI enter Username &amp#27;[0m&amp#27;[32m&amp#27;[1m"admin"&amp#27;[0m                       &amp#27;[90m# starter.stepdefinitions.LoginSteps.enterUsernamelOnSigIn(java.lang.String)&amp#27;[0m
21:55:27.358 [Forwarding getPageSource on session e744708c031fc39770e197d63d032555 to remote] DEBUG org.asynchttpclient.netty.request.NettyRequestSender - Using pooled Channel '[id: 0xc46d18cb, L:/127.0.0.1:53802 - R:localhost/127.0.0.1:46455]' for 'POST' to 'http://localhost:46455/session/e744708c031fc39770e197d63d032555/execute/sync'
21:55:27.358 [Forwarding getPageSource on session e744708c031fc39770e197d63d032555 to remote] DEBUG org.asynchttpclient.netty.request.NettyRequestSender - Using open Channel [id: 0xc46d18cb, L:/127.0.0.1:53802 - R:localhost/127.0.0.1:46455] for POST '/session/e744708c031fc39770e197d63d032555/execute/sync'
21:55:27.375 [AsyncHttpClient-1-2] DEBUG org.asynchttpclient.netty.handler.HttpHandler - 

Request DefaultHttpRequest(decodeResult: success, version: HTTP/1.1)
POST /session/e744708c031fc39770e197d63d032555/execute/sync HTTP/1.1
User-Agent: selenium/4.8.1 (java windows)
Content-Length: 176
Content-Type: application/json; charset=utf-8
host: localhost:46455
accept: */*

Response DefaultHttpResponse(decodeResult: success, version: HTTP/1.1)
HTTP/1.1 200 OK
Content-Length: 166740
Content-Type: application/json; charset=utf-8
cache-control: no-cache

21:55:27.376 [AsyncHttpClient-1-2] DEBUG org.asynchttpclient.netty.channel.ChannelManager - Adding key: http://localhost:46455 for channel [id: 0xc46d18cb, L:/127.0.0.1:53802 - R:localhost/127.0.0.1:46455]
21:55:27.389 [Forwarding getCurrentUrl on session e744708c031fc39770e197d63d032555 to remote] DEBUG org.asynchttpclient.netty.request.NettyRequestSender - Using pooled Channel '[id: 0xc46d18cb, L:/127.0.0.1:53802 - R:localhost/127.0.0.1:46455]' for 'GET' to 'http://localhost:46455/session/e744708c031fc39770e197d63d032555/url'
21:55:27.389 [Forwarding getCurrentUrl on session e744708c031fc39770e197d63d032555 to remote] DEBUG org.asynchttpclient.netty.request.NettyRequestSender - Using open Channel [id: 0xc46d18cb, L:/127.0.0.1:53802 - R:localhost/127.0.0.1:46455] for GET '/session/e744708c031fc39770e197d63d032555/url'
21:55:27.394 [AsyncHttpClient-1-2] DEBUG org.asynchttpclient.netty.handler.HttpHandler - 

Request DefaultFullHttpRequest(decodeResult: success, version: HTTP/1.1, content: EmptyByteBufBE)
GET /session/e744708c031fc39770e197d63d032555/url HTTP/1.1
User-Agent: selenium/4.8.1 (java windows)
Cache-Control: no-cache
Content-Type: application/json; charset=utf-8
host: localhost:46455
accept: */*

Response DefaultHttpResponse(decodeResult: success, version: HTTP/1.1)
HTTP/1.1 200 OK
Content-Length: 47
Content-Type: application/json; charset=utf-8
cache-control: no-cache

21:55:27.394 [AsyncHttpClient-1-2] DEBUG org.asynchttpclient.netty.channel.ChannelManager - Adding key: http://localhost:46455 for channel [id: 0xc46d18cb, L:/127.0.0.1:53802 - R:localhost/127.0.0.1:46455]
21:55:27.406 [Forwarding getAlertText on session e744708c031fc39770e197d63d032555 to remote] DEBUG org.asynchttpclient.netty.request.NettyRequestSender - Using pooled Channel '[id: 0xc46d18cb, L:/127.0.0.1:53802 - R:localhost/127.0.0.1:46455]' for 'GET' to 'http://localhost:46455/session/e744708c031fc39770e197d63d032555/alert/text'
21:55:27.406 [Forwarding getAlertText on session e744708c031fc39770e197d63d032555 to remote] DEBUG org.asynchttpclient.netty.request.NettyRequestSender - Using open Channel [id: 0xc46d18cb, L:/127.0.0.1:53802 - R:localhost/127.0.0.1:46455] for GET '/session/e744708c031fc39770e197d63d032555/alert/text'
21:55:27.408 [AsyncHttpClient-1-2] DEBUG org.asynchttpclient.netty.handler.HttpHandler - 

Request DefaultFullHttpRequest(decodeResult: success, version: HTTP/1.1, content: EmptyByteBufBE)
GET /session/e744708c031fc39770e197d63d032555/alert/text HTTP/1.1
User-Agent: selenium/4.8.1 (java windows)
Cache-Control: no-cache
Content-Type: application/json; charset=utf-8
host: localhost:46455
accept: */*

Response DefaultHttpResponse(decodeResult: success, version: HTTP/1.1)
HTTP/1.1 404 Not Found
Content-Length: 821
Content-Type: application/json; charset=utf-8
cache-control: no-cache

21:55:27.408 [AsyncHttpClient-1-2] DEBUG org.asynchttpclient.netty.channel.ChannelManager - Adding key: http://localhost:46455 for channel [id: 0xc46d18cb, L:/127.0.0.1:53802 - R:localhost/127.0.0.1:46455]
21:55:27.410 [Forwarding getCurrentUrl on session e744708c031fc39770e197d63d032555 to remote] DEBUG org.asynchttpclient.netty.request.NettyRequestSender - Using pooled Channel '[id: 0xc46d18cb, L:/127.0.0.1:53802 - R:localhost/127.0.0.1:46455]' for 'GET' to 'http://localhost:46455/session/e744708c031fc39770e197d63d032555/url'
21:55:27.410 [Forwarding getCurrentUrl on session e744708c031fc39770e197d63d032555 to remote] DEBUG org.asynchttpclient.netty.request.NettyRequestSender - Using open Channel [id: 0xc46d18cb, L:/127.0.0.1:53802 - R:localhost/127.0.0.1:46455] for GET '/session/e744708c031fc39770e197d63d032555/url'
21:55:27.415 [AsyncHttpClient-1-2] DEBUG org.asynchttpclient.netty.handler.HttpHandler - 

Request DefaultFullHttpRequest(decodeResult: success, version: HTTP/1.1, content: EmptyByteBufBE)
GET /session/e744708c031fc39770e197d63d032555/url HTTP/1.1
User-Agent: selenium/4.8.1 (java windows)
Cache-Control: no-cache
Content-Type: application/json; charset=utf-8
host: localhost:46455
accept: */*

Response DefaultHttpResponse(decodeResult: success, version: HTTP/1.1)
HTTP/1.1 200 OK
Content-Length: 47
Content-Type: application/json; charset=utf-8
cache-control: no-cache

21:55:27.415 [AsyncHttpClient-1-2] DEBUG org.asynchttpclient.netty.channel.ChannelManager - Adding key: http://localhost:46455 for channel [id: 0xc46d18cb, L:/127.0.0.1:53802 - R:localhost/127.0.0.1:46455]
21:55:27.417 [Forwarding screenshot on session e744708c031fc39770e197d63d032555 to remote] DEBUG org.asynchttpclient.netty.request.NettyRequestSender - Using pooled Channel '[id: 0xc46d18cb, L:/127.0.0.1:53802 - R:localhost/127.0.0.1:46455]' for 'GET' to 'http://localhost:46455/session/e744708c031fc39770e197d63d032555/screenshot'
21:55:27.417 [Forwarding screenshot on session e744708c031fc39770e197d63d032555 to remote] DEBUG org.asynchttpclient.netty.request.NettyRequestSender - Using open Channel [id: 0xc46d18cb, L:/127.0.0.1:53802 - R:localhost/127.0.0.1:46455] for GET '/session/e744708c031fc39770e197d63d032555/screenshot'
21:55:27.506 [AsyncHttpClient-1-2] DEBUG org.asynchttpclient.netty.handler.HttpHandler - 

Request DefaultFullHttpRequest(decodeResult: success, version: HTTP/1.1, content: EmptyByteBufBE)
GET /session/e744708c031fc39770e197d63d032555/screenshot HTTP/1.1
User-Agent: selenium/4.8.1 (java windows)
Cache-Control: no-cache
Content-Type: application/json; charset=utf-8
host: localhost:46455
accept: */*

Response DefaultHttpResponse(decodeResult: success, version: HTTP/1.1)
HTTP/1.1 200 OK
Content-Length: 41348
Content-Type: application/json; charset=utf-8
cache-control: no-cache

21:55:27.508 [AsyncHttpClient-1-2] DEBUG org.asynchttpclient.netty.channel.ChannelManager - Adding key: http://localhost:46455 for channel [id: 0xc46d18cb, L:/127.0.0.1:53802 - R:localhost/127.0.0.1:46455]
21:55:27.513 [main] DEBUG net.serenitybdd.core.photography.Darkroom - Send negative for processing for target\site\serenity\be8ca9a99a131e2b58c12f54c52180fbd13817f3e797da03ca952b733385dd8a.png
21:55:27.516 [Forwarding getPageSource on session e744708c031fc39770e197d63d032555 to remote] DEBUG org.asynchttpclient.netty.request.NettyRequestSender - Using pooled Channel '[id: 0xc46d18cb, L:/127.0.0.1:53802 - R:localhost/127.0.0.1:46455]' for 'POST' to 'http://localhost:46455/session/e744708c031fc39770e197d63d032555/execute/sync'
21:55:27.516 [Forwarding getPageSource on session e744708c031fc39770e197d63d032555 to remote] DEBUG org.asynchttpclient.netty.request.NettyRequestSender - Using open Channel [id: 0xc46d18cb, L:/127.0.0.1:53802 - R:localhost/127.0.0.1:46455] for POST '/session/e744708c031fc39770e197d63d032555/execute/sync'
21:55:27.534 [AsyncHttpClient-1-2] DEBUG org.asynchttpclient.netty.handler.HttpHandler - 

Request DefaultHttpRequest(decodeResult: success, version: HTTP/1.1)
POST /session/e744708c031fc39770e197d63d032555/execute/sync HTTP/1.1
User-Agent: selenium/4.8.1 (java windows)
Content-Length: 176
Content-Type: application/json; charset=utf-8
host: localhost:46455
accept: */*

Response DefaultHttpResponse(decodeResult: success, version: HTTP/1.1)
HTTP/1.1 200 OK
Content-Length: 166740
Content-Type: application/json; charset=utf-8
cache-control: no-cache

21:55:27.535 [AsyncHttpClient-1-2] DEBUG org.asynchttpclient.netty.channel.ChannelManager - Adding key: http://localhost:46455 for channel [id: 0xc46d18cb, L:/127.0.0.1:53802 - R:localhost/127.0.0.1:46455]
21:55:27.549 [Forwarding getCurrentUrl on session e744708c031fc39770e197d63d032555 to remote] DEBUG org.asynchttpclient.netty.request.NettyRequestSender - Using pooled Channel '[id: 0xc46d18cb, L:/127.0.0.1:53802 - R:localhost/127.0.0.1:46455]' for 'GET' to 'http://localhost:46455/session/e744708c031fc39770e197d63d032555/url'
21:55:27.549 [Forwarding getCurrentUrl on session e744708c031fc39770e197d63d032555 to remote] DEBUG org.asynchttpclient.netty.request.NettyRequestSender - Using open Channel [id: 0xc46d18cb, L:/127.0.0.1:53802 - R:localhost/127.0.0.1:46455] for GET '/session/e744708c031fc39770e197d63d032555/url'
21:55:27.554 [AsyncHttpClient-1-2] DEBUG org.asynchttpclient.netty.handler.HttpHandler - 

Request DefaultFullHttpRequest(decodeResult: success, version: HTTP/1.1, content: EmptyByteBufBE)
GET /session/e744708c031fc39770e197d63d032555/url HTTP/1.1
User-Agent: selenium/4.8.1 (java windows)
Cache-Control: no-cache
Content-Type: application/json; charset=utf-8
host: localhost:46455
accept: */*

Response DefaultHttpResponse(decodeResult: success, version: HTTP/1.1)
HTTP/1.1 200 OK
Content-Length: 47
Content-Type: application/json; charset=utf-8
cache-control: no-cache

21:55:27.555 [AsyncHttpClient-1-2] DEBUG org.asynchttpclient.netty.channel.ChannelManager - Adding key: http://localhost:46455 for channel [id: 0xc46d18cb, L:/127.0.0.1:53802 - R:localhost/127.0.0.1:46455]
21:55:27.557 [main] DEBUG net.thucydides.core.steps.StepInterceptor - STARTING STEP: LoginSteps.enterPasswordOnLogin - inputPassword
21:55:27.561 [Forwarding findElement on session e744708c031fc39770e197d63d032555 to remote] DEBUG org.asynchttpclient.netty.request.NettyRequestSender - Using pooled Channel '[id: 0xc46d18cb, L:/127.0.0.1:53802 - R:localhost/127.0.0.1:46455]' for 'POST' to 'http://localhost:46455/session/e744708c031fc39770e197d63d032555/element'
21:55:27.561 [Forwarding findElement on session e744708c031fc39770e197d63d032555 to remote] DEBUG org.asynchttpclient.netty.request.NettyRequestSender - Using open Channel [id: 0xc46d18cb, L:/127.0.0.1:53802 - R:localhost/127.0.0.1:46455] for POST '/session/e744708c031fc39770e197d63d032555/element'
21:55:27.574 [AsyncHttpClient-1-2] DEBUG org.asynchttpclient.netty.handler.HttpHandler - 

Request DefaultHttpRequest(decodeResult: success, version: HTTP/1.1)
POST /session/e744708c031fc39770e197d63d032555/element HTTP/1.1
User-Agent: selenium/4.8.1 (java windows)
Content-Length: 79
Content-Type: application/json; charset=utf-8
host: localhost:46455
accept: */*

Response DefaultHttpResponse(decodeResult: success, version: HTTP/1.1)
HTTP/1.1 200 OK
Content-Length: 94
Content-Type: application/json; charset=utf-8
cache-control: no-cache

21:55:27.575 [AsyncHttpClient-1-2] DEBUG org.asynchttpclient.netty.channel.ChannelManager - Adding key: http://localhost:46455 for channel [id: 0xc46d18cb, L:/127.0.0.1:53802 - R:localhost/127.0.0.1:46455]
21:55:27.576 [Forwarding clearElement on session e744708c031fc39770e197d63d032555 to remote] DEBUG org.asynchttpclient.netty.request.NettyRequestSender - Using pooled Channel '[id: 0xc46d18cb, L:/127.0.0.1:53802 - R:localhost/127.0.0.1:46455]' for 'POST' to 'http://localhost:46455/session/e744708c031fc39770e197d63d032555/element/A57C8E971128287337169D0FB688F7BE_element_2/clear'
21:55:27.576 [Forwarding clearElement on session e744708c031fc39770e197d63d032555 to remote] DEBUG org.asynchttpclient.netty.request.NettyRequestSender - Using open Channel [id: 0xc46d18cb, L:/127.0.0.1:53802 - R:localhost/127.0.0.1:46455] for POST '/session/e744708c031fc39770e197d63d032555/element/A57C8E971128287337169D0FB688F7BE_element_2/clear'
21:55:27.600 [AsyncHttpClient-1-2] DEBUG org.asynchttpclient.netty.handler.HttpHandler - 

Request DefaultHttpRequest(decodeResult: success, version: HTTP/1.1)
POST /session/e744708c031fc39770e197d63d032555/element/A57C8E971128287337169D0FB688F7BE_element_2/clear HTTP/1.1
User-Agent: selenium/4.8.1 (java windows)
Content-Length: 56
Content-Type: application/json; charset=utf-8
host: localhost:46455
accept: */*

Response DefaultHttpResponse(decodeResult: success, version: HTTP/1.1)
HTTP/1.1 200 OK
Content-Length: 14
Content-Type: application/json; charset=utf-8
cache-control: no-cache

21:55:27.600 [AsyncHttpClient-1-2] DEBUG org.asynchttpclient.netty.channel.ChannelManager - Adding key: http://localhost:46455 for channel [id: 0xc46d18cb, L:/127.0.0.1:53802 - R:localhost/127.0.0.1:46455]
21:55:27.602 [Forwarding sendKeysToElement on session e744708c031fc39770e197d63d032555 to remote] DEBUG org.asynchttpclient.netty.request.NettyRequestSender - Using pooled Channel '[id: 0xc46d18cb, L:/127.0.0.1:53802 - R:localhost/127.0.0.1:46455]' for 'POST' to 'http://localhost:46455/session/e744708c031fc39770e197d63d032555/element/A57C8E971128287337169D0FB688F7BE_element_2/value'
21:55:27.602 [Forwarding sendKeysToElement on session e744708c031fc39770e197d63d032555 to remote] DEBUG org.asynchttpclient.netty.request.NettyRequestSender - Using open Channel [id: 0xc46d18cb, L:/127.0.0.1:53802 - R:localhost/127.0.0.1:46455] for POST '/session/e744708c031fc39770e197d63d032555/element/A57C8E971128287337169D0FB688F7BE_element_2/value'
21:55:27.710 [AsyncHttpClient-1-2] DEBUG org.asynchttpclient.netty.handler.HttpHandler - 

Request DefaultHttpRequest(decodeResult: success, version: HTTP/1.1)
POST /session/e744708c031fc39770e197d63d032555/element/A57C8E971128287337169D0FB688F7BE_element_2/value HTTP/1.1
User-Agent: selenium/4.8.1 (java windows)
Content-Length: 187
Content-Type: application/json; charset=utf-8
host: localhost:46455
accept: */*

Response DefaultHttpResponse(decodeResult: success, version: HTTP/1.1)
HTTP/1.1 200 OK
Content-Length: 14
Content-Type: application/json; charset=utf-8
cache-control: no-cache

21:55:27.712 [AsyncHttpClient-1-2] DEBUG org.asynchttpclient.netty.channel.ChannelManager - Adding key: http://localhost:46455 for channel [id: 0xc46d18cb, L:/127.0.0.1:53802 - R:localhost/127.0.0.1:46455]
21:55:27.732 [Forwarding getAlertText on session e744708c031fc39770e197d63d032555 to remote] DEBUG org.asynchttpclient.netty.request.NettyRequestSender - Using pooled Channel '[id: 0xc46d18cb, L:/127.0.0.1:53802 - R:localhost/127.0.0.1:46455]' for 'GET' to 'http://localhost:46455/session/e744708c031fc39770e197d63d032555/alert/text'
21:55:27.732 [Forwarding getAlertText on session e744708c031fc39770e197d63d032555 to remote] DEBUG org.asynchttpclient.netty.request.NettyRequestSender - Using open Channel [id: 0xc46d18cb, L:/127.0.0.1:53802 - R:localhost/127.0.0.1:46455] for GET '/session/e744708c031fc39770e197d63d032555/alert/text'
21:55:27.745 [AsyncHttpClient-1-2] DEBUG org.asynchttpclient.netty.handler.HttpHandler - 

Request DefaultFullHttpRequest(decodeResult: success, version: HTTP/1.1, content: EmptyByteBufBE)
GET /session/e744708c031fc39770e197d63d032555/alert/text HTTP/1.1
User-Agent: selenium/4.8.1 (java windows)
Cache-Control: no-cache
Content-Type: application/json; charset=utf-8
host: localhost:46455
accept: */*

Response DefaultHttpResponse(decodeResult: success, version: HTTP/1.1)
HTTP/1.1 404 Not Found
Content-Length: 821
Content-Type: application/json; charset=utf-8
cache-control: no-cache

21:55:27.746 [AsyncHttpClient-1-2] DEBUG org.asynchttpclient.netty.channel.ChannelManager - Adding key: http://localhost:46455 for channel [id: 0xc46d18cb, L:/127.0.0.1:53802 - R:localhost/127.0.0.1:46455]
21:55:27.755 [Forwarding getCurrentUrl on session e744708c031fc39770e197d63d032555 to remote] DEBUG org.asynchttpclient.netty.request.NettyRequestSender - Using pooled Channel '[id: 0xc46d18cb, L:/127.0.0.1:53802 - R:localhost/127.0.0.1:46455]' for 'GET' to 'http://localhost:46455/session/e744708c031fc39770e197d63d032555/url'
21:55:27.757 [Forwarding getCurrentUrl on session e744708c031fc39770e197d63d032555 to remote] DEBUG org.asynchttpclient.netty.request.NettyRequestSender - Using open Channel [id: 0xc46d18cb, L:/127.0.0.1:53802 - R:localhost/127.0.0.1:46455] for GET '/session/e744708c031fc39770e197d63d032555/url'
21:55:27.776 [AsyncHttpClient-1-2] DEBUG org.asynchttpclient.netty.handler.HttpHandler - 

Request DefaultFullHttpRequest(decodeResult: success, version: HTTP/1.1, content: EmptyByteBufBE)
GET /session/e744708c031fc39770e197d63d032555/url HTTP/1.1
User-Agent: selenium/4.8.1 (java windows)
Cache-Control: no-cache
Content-Type: application/json; charset=utf-8
host: localhost:46455
accept: */*

Response DefaultHttpResponse(decodeResult: success, version: HTTP/1.1)
HTTP/1.1 200 OK
Content-Length: 47
Content-Type: application/json; charset=utf-8
cache-control: no-cache

21:55:27.776 [AsyncHttpClient-1-2] DEBUG org.asynchttpclient.netty.channel.ChannelManager - Adding key: http://localhost:46455 for channel [id: 0xc46d18cb, L:/127.0.0.1:53802 - R:localhost/127.0.0.1:46455]
21:55:27.780 [Forwarding screenshot on session e744708c031fc39770e197d63d032555 to remote] DEBUG org.asynchttpclient.netty.request.NettyRequestSender - Using pooled Channel '[id: 0xc46d18cb, L:/127.0.0.1:53802 - R:localhost/127.0.0.1:46455]' for 'GET' to 'http://localhost:46455/session/e744708c031fc39770e197d63d032555/screenshot'
21:55:27.780 [Forwarding screenshot on session e744708c031fc39770e197d63d032555 to remote] DEBUG org.asynchttpclient.netty.request.NettyRequestSender - Using open Channel [id: 0xc46d18cb, L:/127.0.0.1:53802 - R:localhost/127.0.0.1:46455] for GET '/session/e744708c031fc39770e197d63d032555/screenshot'
21:55:27.958 [AsyncHttpClient-1-2] DEBUG org.asynchttpclient.netty.handler.HttpHandler - 

Request DefaultFullHttpRequest(decodeResult: success, version: HTTP/1.1, content: EmptyByteBufBE)
GET /session/e744708c031fc39770e197d63d032555/screenshot HTTP/1.1
User-Agent: selenium/4.8.1 (java windows)
Cache-Control: no-cache
Content-Type: application/json; charset=utf-8
host: localhost:46455
accept: */*

Response DefaultHttpResponse(decodeResult: success, version: HTTP/1.1)
HTTP/1.1 200 OK
Content-Length: 39480
Content-Type: application/json; charset=utf-8
cache-control: no-cache

21:55:27.960 [AsyncHttpClient-1-2] DEBUG org.asynchttpclient.netty.channel.ChannelManager - Adding key: http://localhost:46455 for channel [id: 0xc46d18cb, L:/127.0.0.1:53802 - R:localhost/127.0.0.1:46455]
21:55:27.965 [main] DEBUG net.serenitybdd.core.photography.Darkroom - Send negative for processing for target\site\serenity\0848203905204abd79882076e548518aaf669550df61b8e8d89dc78a017fa67e.png
21:55:27.968 [Darkroom Processing Line] DEBUG net.serenitybdd.core.photography.DarkroomProcessingLine - Processing screenshot image in /var/screenshots/screenshot-1256878314091232758
21:55:27.968 [Darkroom Processing Line] DEBUG net.serenitybdd.core.photography.DarkroomProcessingLine - Saving screenshot to target\site\serenity\0848203905204abd79882076e548518aaf669550df61b8e8d89dc78a017fa67e.png
21:55:27.968 [main] DEBUG net.thucydides.core.steps.StepInterceptor - STEP DONE: inputPassword
  &amp#27;[32mAnd &amp#27;[0m&amp#27;[32mI enter Password &amp#27;[0m&amp#27;[32m&amp#27;[1m"mypassword"&amp#27;[0m                   &amp#27;[90m# starter.stepdefinitions.LoginSteps.enterPasswordOnLogin(java.lang.String)&amp#27;[0m
21:55:27.999 [Forwarding getPageSource on session e744708c031fc39770e197d63d032555 to remote] DEBUG org.asynchttpclient.netty.request.NettyRequestSender - Using pooled Channel '[id: 0xc46d18cb, L:/127.0.0.1:53802 - R:localhost/127.0.0.1:46455]' for 'POST' to 'http://localhost:46455/session/e744708c031fc39770e197d63d032555/execute/sync'
21:55:28.000 [Forwarding getPageSource on session e744708c031fc39770e197d63d032555 to remote] DEBUG org.asynchttpclient.netty.request.NettyRequestSender - Using open Channel [id: 0xc46d18cb, L:/127.0.0.1:53802 - R:localhost/127.0.0.1:46455] for POST '/session/e744708c031fc39770e197d63d032555/execute/sync'
[...]
21:55:59.551 [Forwarding getCurrentUrl on session 34224116b137178ba77a2ab9463131af to remote] DEBUG org.asynchttpclient.netty.request.NettyRequestSender - Using pooled Channel '[id: 0xf35da6c6, L:/127.0.0.1:53864 - R:localhost/127.0.0.1:36790]' for 'GET' to 'http://localhost:36790/session/34224116b137178ba77a2ab9463131af/url'
21:55:59.551 [Forwarding getCurrentUrl on session 34224116b137178ba77a2ab9463131af to remote] DEBUG org.asynchttpclient.netty.request.NettyRequestSender - Using open Channel [id: 0xf35da6c6, L:/127.0.0.1:53864 - R:localhost/127.0.0.1:36790] for GET '/session/34224116b137178ba77a2ab9463131af/url'
21:55:59.556 [AsyncHttpClient-1-8] DEBUG org.asynchttpclient.netty.handler.HttpHandler - 

Request DefaultFullHttpRequest(decodeResult: success, version: HTTP/1.1, content: EmptyByteBufBE)
GET /session/34224116b137178ba77a2ab9463131af/url HTTP/1.1
User-Agent: selenium/4.8.1 (java windows)
Cache-Control: no-cache
Content-Type: application/json; charset=utf-8
host: localhost:36790
accept: */*

Response DefaultHttpResponse(decodeResult: success, version: HTTP/1.1)
HTTP/1.1 200 OK
Content-Length: 47
Content-Type: application/json; charset=utf-8
cache-control: no-cache

21:55:59.556 [AsyncHttpClient-1-8] DEBUG org.asynchttpclient.netty.channel.ChannelManager - Adding key: http://localhost:36790 for channel [id: 0xf35da6c6, L:/127.0.0.1:53864 - R:localhost/127.0.0.1:36790]
21:55:59.560 [Forwarding screenshot on session 34224116b137178ba77a2ab9463131af to remote] DEBUG org.asynchttpclient.netty.request.NettyRequestSender - Using pooled Channel '[id: 0xf35da6c6, L:/127.0.0.1:53864 - R:localhost/127.0.0.1:36790]' for 'GET' to 'http://localhost:36790/session/34224116b137178ba77a2ab9463131af/screenshot'
21:55:59.560 [Forwarding screenshot on session 34224116b137178ba77a2ab9463131af to remote] DEBUG org.asynchttpclient.netty.request.NettyRequestSender - Using open Channel [id: 0xf35da6c6, L:/127.0.0.1:53864 - R:localhost/127.0.0.1:36790] for GET '/session/34224116b137178ba77a2ab9463131af/screenshot'
21:55:59.723 [AsyncHttpClient-1-8] DEBUG org.asynchttpclient.netty.handler.HttpHandler - 

Request DefaultFullHttpRequest(decodeResult: success, version: HTTP/1.1, content: EmptyByteBufBE)
GET /session/34224116b137178ba77a2ab9463131af/screenshot HTTP/1.1
User-Agent: selenium/4.8.1 (java windows)
Cache-Control: no-cache
Content-Type: application/json; charset=utf-8
host: localhost:36790
accept: */*

Response DefaultHttpResponse(decodeResult: success, version: HTTP/1.1)
HTTP/1.1 200 OK
Content-Length: 140468
Content-Type: application/json; charset=utf-8
cache-control: no-cache

21:55:59.723 [AsyncHttpClient-1-8] DEBUG org.asynchttpclient.netty.channel.ChannelManager - Adding key: http://localhost:36790 for channel [id: 0xf35da6c6, L:/127.0.0.1:53864 - R:localhost/127.0.0.1:36790]
21:55:59.726 [main] DEBUG net.serenitybdd.core.photography.Darkroom - Send negative for processing for target\site\serenity\2eb2ceb073c920b4c3040be695b8f21535a4bfda50f5b96a2368cbae9ac9d7ab.png
21:55:59.726 [main] DEBUG net.thucydides.core.steps.StepInterceptor - STEP DONE: validateErrorMessageDisplayed
21:55:59.728 [Darkroom Processing Line] DEBUG net.serenitybdd.core.photography.DarkroomProcessingLine - Processing screenshot image in /var/screenshots/screenshot-1354776332702362650
21:55:59.728 [Darkroom Processing Line] DEBUG net.serenitybdd.core.photography.DarkroomProcessingLine - Saving screenshot to target\site\serenity\2eb2ceb073c920b4c3040be695b8f21535a4bfda50f5b96a2368cbae9ac9d7ab.png
21:55:59.737 [Forwarding getPageSource on session 34224116b137178ba77a2ab9463131af to remote] DEBUG org.asynchttpclient.netty.request.NettyRequestSender - Using pooled Channel '[id: 0xf35da6c6, L:/127.0.0.1:53864 - R:localhost/127.0.0.1:36790]' for 'POST' to 'http://localhost:36790/session/34224116b137178ba77a2ab9463131af/execute/sync'
21:55:59.738 [Forwarding getPageSource on session 34224116b137178ba77a2ab9463131af to remote] DEBUG org.asynchttpclient.netty.request.NettyRequestSender - Using open Channel [id: 0xf35da6c6, L:/127.0.0.1:53864 - R:localhost/127.0.0.1:36790] for POST '/session/34224116b137178ba77a2ab9463131af/execute/sync'
21:55:59.764 [AsyncHttpClient-1-8] DEBUG org.asynchttpclient.netty.handler.HttpHandler - 

Request DefaultHttpRequest(decodeResult: success, version: HTTP/1.1)
POST /session/34224116b137178ba77a2ab9463131af/execute/sync HTTP/1.1
User-Agent: selenium/4.8.1 (java windows)
Content-Length: 176
Content-Type: application/json; charset=utf-8
host: localhost:36790
accept: */*

Response DefaultHttpResponse(decodeResult: success, version: HTTP/1.1)
HTTP/1.1 200 OK
Content-Length: 173132
Content-Type: application/json; charset=utf-8
cache-control: no-cache

21:55:59.764 [AsyncHttpClient-1-8] DEBUG org.asynchttpclient.netty.channel.ChannelManager - Adding key: http://localhost:36790 for channel [id: 0xf35da6c6, L:/127.0.0.1:53864 - R:localhost/127.0.0.1:36790]
21:55:59.778 [Forwarding getCurrentUrl on session 34224116b137178ba77a2ab9463131af to remote] DEBUG org.asynchttpclient.netty.request.NettyRequestSender - Using pooled Channel '[id: 0xf35da6c6, L:/127.0.0.1:53864 - R:localhost/127.0.0.1:36790]' for 'GET' to 'http://localhost:36790/session/34224116b137178ba77a2ab9463131af/url'
21:55:59.778 [Forwarding getCurrentUrl on session 34224116b137178ba77a2ab9463131af to remote] DEBUG org.asynchttpclient.netty.request.NettyRequestSender - Using open Channel [id: 0xf35da6c6, L:/127.0.0.1:53864 - R:localhost/127.0.0.1:36790] for GET '/session/34224116b137178ba77a2ab9463131af/url'
21:55:59.782 [AsyncHttpClient-1-8] DEBUG org.asynchttpclient.netty.handler.HttpHandler - 

Request DefaultFullHttpRequest(decodeResult: success, version: HTTP/1.1, content: EmptyByteBufBE)
GET /session/34224116b137178ba77a2ab9463131af/url HTTP/1.1
User-Agent: selenium/4.8.1 (java windows)
Cache-Control: no-cache
Content-Type: application/json; charset=utf-8
host: localhost:36790
accept: */*

Response DefaultHttpResponse(decodeResult: success, version: HTTP/1.1)
HTTP/1.1 200 OK
Content-Length: 47
Content-Type: application/json; charset=utf-8
cache-control: no-cache

21:55:59.783 [AsyncHttpClient-1-8] DEBUG org.asynchttpclient.netty.channel.ChannelManager - Adding key: http://localhost:36790 for channel [id: 0xf35da6c6, L:/127.0.0.1:53864 - R:localhost/127.0.0.1:36790]
21:55:59.785 [main] DEBUG net.thucydides.core.steps.StepInterceptor - STARTING STEP: LoginSteps.iCanSeeErrorMessage - validateEqualErrorMessage
21:55:59.790 [Forwarding findElement on session 34224116b137178ba77a2ab9463131af to remote] DEBUG org.asynchttpclient.netty.request.NettyRequestSender - Using pooled Channel '[id: 0xf35da6c6, L:/127.0.0.1:53864 - R:localhost/127.0.0.1:36790]' for 'POST' to 'http://localhost:36790/session/34224116b137178ba77a2ab9463131af/element'
21:55:59.790 [Forwarding findElement on session 34224116b137178ba77a2ab9463131af to remote] DEBUG org.asynchttpclient.netty.request.NettyRequestSender - Using open Channel [id: 0xf35da6c6, L:/127.0.0.1:53864 - R:localhost/127.0.0.1:36790] for POST '/session/34224116b137178ba77a2ab9463131af/element'
21:55:59.800 [AsyncHttpClient-1-8] DEBUG org.asynchttpclient.netty.handler.HttpHandler - 

Request DefaultHttpRequest(decodeResult: success, version: HTTP/1.1)
POST /session/34224116b137178ba77a2ab9463131af/element HTTP/1.1
User-Agent: selenium/4.8.1 (java windows)
Content-Length: 155
Content-Type: application/json; charset=utf-8
host: localhost:36790
accept: */*

Response DefaultHttpResponse(decodeResult: success, version: HTTP/1.1)
HTTP/1.1 200 OK
Content-Length: 95
Content-Type: application/json; charset=utf-8
cache-control: no-cache

21:55:59.800 [AsyncHttpClient-1-8] DEBUG org.asynchttpclient.netty.channel.ChannelManager - Adding key: http://localhost:36790 for channel [id: 0xf35da6c6, L:/127.0.0.1:53864 - R:localhost/127.0.0.1:36790]
21:55:59.801 [Forwarding getElementText on session 34224116b137178ba77a2ab9463131af to remote] DEBUG org.asynchttpclient.netty.request.NettyRequestSender - Using pooled Channel '[id: 0xf35da6c6, L:/127.0.0.1:53864 - R:localhost/127.0.0.1:36790]' for 'GET' to 'http://localhost:36790/session/34224116b137178ba77a2ab9463131af/element/E6A7BE43E36126BFA910BF9717C1E062_element_10/text'
21:55:59.801 [Forwarding getElementText on session 34224116b137178ba77a2ab9463131af to remote] DEBUG org.asynchttpclient.netty.request.NettyRequestSender - Using open Channel [id: 0xf35da6c6, L:/127.0.0.1:53864 - R:localhost/127.0.0.1:36790] for GET '/session/34224116b137178ba77a2ab9463131af/element/E6A7BE43E36126BFA910BF9717C1E062_element_10/text'
21:55:59.826 [AsyncHttpClient-1-8] DEBUG org.asynchttpclient.netty.handler.HttpHandler - 

Request DefaultFullHttpRequest(decodeResult: success, version: HTTP/1.1, content: EmptyByteBufBE)
GET /session/34224116b137178ba77a2ab9463131af/element/E6A7BE43E36126BFA910BF9717C1E062_element_10/text HTTP/1.1
User-Agent: selenium/4.8.1 (java windows)
Cache-Control: no-cache
Content-Type: application/json; charset=utf-8
host: localhost:36790
accept: */*

Response DefaultHttpResponse(decodeResult: success, version: HTTP/1.1)
HTTP/1.1 200 OK
Content-Length: 19
Content-Type: application/json; charset=utf-8
cache-control: no-cache

21:55:59.828 [AsyncHttpClient-1-8] DEBUG org.asynchttpclient.netty.channel.ChannelManager - Adding key: http://localhost:36790 for channel [id: 0xf35da6c6, L:/127.0.0.1:53864 - R:localhost/127.0.0.1:36790]
21:55:59.838 [Forwarding getAlertText on session 34224116b137178ba77a2ab9463131af to remote] DEBUG org.asynchttpclient.netty.request.NettyRequestSender - Using pooled Channel '[id: 0xf35da6c6, L:/127.0.0.1:53864 - R:localhost/127.0.0.1:36790]' for 'GET' to 'http://localhost:36790/session/34224116b137178ba77a2ab9463131af/alert/text'
21:55:59.839 [Forwarding getAlertText on session 34224116b137178ba77a2ab9463131af to remote] DEBUG org.asynchttpclient.netty.request.NettyRequestSender - Using open Channel [id: 0xf35da6c6, L:/127.0.0.1:53864 - R:localhost/127.0.0.1:36790] for GET '/session/34224116b137178ba77a2ab9463131af/alert/text'
21:55:59.843 [AsyncHttpClient-1-8] DEBUG org.asynchttpclient.netty.handler.HttpHandler - 

Request DefaultFullHttpRequest(decodeResult: success, version: HTTP/1.1, content: EmptyByteBufBE)
GET /session/34224116b137178ba77a2ab9463131af/alert/text HTTP/1.1
User-Agent: selenium/4.8.1 (java windows)
Cache-Control: no-cache
Content-Type: application/json; charset=utf-8
host: localhost:36790
accept: */*

Response DefaultHttpResponse(decodeResult: success, version: HTTP/1.1)
HTTP/1.1 404 Not Found
Content-Length: 821
Content-Type: application/json; charset=utf-8
cache-control: no-cache

21:55:59.843 [AsyncHttpClient-1-8] DEBUG org.asynchttpclient.netty.channel.ChannelManager - Adding key: http://localhost:36790 for channel [id: 0xf35da6c6, L:/127.0.0.1:53864 - R:localhost/127.0.0.1:36790]
21:55:59.846 [Forwarding getCurrentUrl on session 34224116b137178ba77a2ab9463131af to remote] DEBUG org.asynchttpclient.netty.request.NettyRequestSender - Using pooled Channel '[id: 0xf35da6c6, L:/127.0.0.1:53864 - R:localhost/127.0.0.1:36790]' for 'GET' to 'http://localhost:36790/session/34224116b137178ba77a2ab9463131af/url'
21:55:59.846 [Forwarding getCurrentUrl on session 34224116b137178ba77a2ab9463131af to remote] DEBUG org.asynchttpclient.netty.request.NettyRequestSender - Using open Channel [id: 0xf35da6c6, L:/127.0.0.1:53864 - R:localhost/127.0.0.1:36790] for GET '/session/34224116b137178ba77a2ab9463131af/url'
21:55:59.850 [AsyncHttpClient-1-8] DEBUG org.asynchttpclient.netty.handler.HttpHandler - 

Request DefaultFullHttpRequest(decodeResult: success, version: HTTP/1.1, content: EmptyByteBufBE)
GET /session/34224116b137178ba77a2ab9463131af/url HTTP/1.1
User-Agent: selenium/4.8.1 (java windows)
Cache-Control: no-cache
Content-Type: application/json; charset=utf-8
host: localhost:36790
accept: */*

Response DefaultHttpResponse(decodeResult: success, version: HTTP/1.1)
HTTP/1.1 200 OK
Content-Length: 47
Content-Type: application/json; charset=utf-8
cache-control: no-cache

21:55:59.850 [AsyncHttpClient-1-8] DEBUG org.asynchttpclient.netty.channel.ChannelManager - Adding key: http://localhost:36790 for channel [id: 0xf35da6c6, L:/127.0.0.1:53864 - R:localhost/127.0.0.1:36790]
21:55:59.851 [Forwarding screenshot on session 34224116b137178ba77a2ab9463131af to remote] DEBUG org.asynchttpclient.netty.request.NettyRequestSender - Using pooled Channel '[id: 0xf35da6c6, L:/127.0.0.1:53864 - R:localhost/127.0.0.1:36790]' for 'GET' to 'http://localhost:36790/session/34224116b137178ba77a2ab9463131af/screenshot'
21:55:59.851 [Forwarding screenshot on session 34224116b137178ba77a2ab9463131af to remote] DEBUG org.asynchttpclient.netty.request.NettyRequestSender - Using open Channel [id: 0xf35da6c6, L:/127.0.0.1:53864 - R:localhost/127.0.0.1:36790] for GET '/session/34224116b137178ba77a2ab9463131af/screenshot'
21:56:00.047 [AsyncHttpClient-1-8] DEBUG org.asynchttpclient.netty.handler.HttpHandler - 

Request DefaultFullHttpRequest(decodeResult: success, version: HTTP/1.1, content: EmptyByteBufBE)
GET /session/34224116b137178ba77a2ab9463131af/screenshot HTTP/1.1
User-Agent: selenium/4.8.1 (java windows)
Cache-Control: no-cache
Content-Type: application/json; charset=utf-8
host: localhost:36790
accept: */*

Response DefaultHttpResponse(decodeResult: success, version: HTTP/1.1)
HTTP/1.1 200 OK
Content-Length: 140288
Content-Type: application/json; charset=utf-8
cache-control: no-cache

21:56:00.048 [AsyncHttpClient-1-8] DEBUG org.asynchttpclient.netty.channel.ChannelManager - Adding key: http://localhost:36790 for channel [id: 0xf35da6c6, L:/127.0.0.1:53864 - R:localhost/127.0.0.1:36790]
21:56:00.056 [main] DEBUG net.serenitybdd.core.photography.Darkroom - Send negative for processing for target\site\serenity\f79e21e0c3aaed3e76566c6c1c6dd7a9664a741cf08815a08cc8754445a99bdc.png
21:56:00.058 [main] DEBUG net.thucydides.core.steps.StepInterceptor - STEP DONE: validateEqualErrorMessage
21:56:00.058 [Darkroom Processing Line] DEBUG net.serenitybdd.core.photography.DarkroomProcessingLine - Processing screenshot image in /var/screenshots/screenshot-12484435065383339915
21:56:00.058 [Darkroom Processing Line] DEBUG net.serenitybdd.core.photography.DarkroomProcessingLine - Saving screenshot to target\site\serenity\f79e21e0c3aaed3e76566c6c1c6dd7a9664a741cf08815a08cc8754445a99bdc.png
  &amp#27;[32mThen &amp#27;[0m&amp#27;[32mI can see error message &amp#27;[0m&amp#27;[32m&amp#27;[1m"Incorrect username or password, please try again"&amp#27;[0m &amp#27;[90m# starter.stepdefinitions.LoginSteps.iCanSeeErrorMessage(java.lang.String)&amp#27;[0m
21:56:00.066 [main] INFO  - 
  _____   ___   ___   _____     ___     _     ___   ___   ___   ___  
 |_   _| | __| / __| |_   _|   | _ \   /_\   / __| / __| | __| |   \ 
   | |   | _|  \__ \   | |     |  _/  / _ \  \__ \ \__ \ | _|  | |) |
   |_|   |___| |___/   |_|     |_|   /_/ \_\ |___/ |___/ |___| |___/ 

user input with invalid Username and valid password
----------------------------------------------------------------------
21:56:00.069 [AsyncHttpClient-1-10] DEBUG org.asynchttpclient.netty.handler.WebSocketHandler - Channel Closed: [id: 0xce38f86a, L:/127.0.0.1:53873 ! R:localhost/127.0.0.1:53865] with attribute NettyResponseFuture{currentRetry=0,
	isDone=1,
	isCancelled=0,
	asyncHandler=org.asynchttpclient.ws.WebSocketUpgradeHandler@6d39dec6,
	nettyRequest=org.asynchttpclient.netty.request.NettyRequest@283b4d05,
	future=java.util.concurrent.CompletableFuture@423d31b1[Completed normally],
	uri=ws://localhost:53865/devtools/browser/deaf106d-31be-449e-8c76-3bc018d03e05,
	keepAlive=true,
	redirectCount=0,
	timeoutsHolder=null,
	inAuth=0,
	touch=1687532148929}
21:56:00.069 [AsyncHttpClient-1-10] DEBUG org.asynchttpclient.netty.channel.ChannelManager - Closing Channel [id: 0xce38f86a, L:/127.0.0.1:53873 ! R:localhost/127.0.0.1:53865] 
21:56:00.069 [Driver Command Executor] DEBUG org.asynchttpclient.netty.request.NettyRequestSender - Using pooled Channel '[id: 0xf35da6c6, L:/127.0.0.1:53864 - R:localhost/127.0.0.1:36790]' for 'DELETE' to 'http://localhost:36790/session/34224116b137178ba77a2ab9463131af'
21:56:00.069 [Driver Command Executor] DEBUG org.asynchttpclient.netty.request.NettyRequestSender - Using open Channel [id: 0xf35da6c6, L:/127.0.0.1:53864 - R:localhost/127.0.0.1:36790] for DELETE '/session/34224116b137178ba77a2ab9463131af'
21:56:00.122 [AsyncHttpClient-1-1] DEBUG org.asynchttpclient.netty.channel.DefaultChannelPool - Entry count for : http://localhost:53865 : 1
21:56:00.400 [AsyncHttpClient-1-9] DEBUG org.asynchttpclient.netty.handler.HttpHandler - Unexpected I/O exception on channel [id: 0x3afc0e97, L:/127.0.0.1:53872 - R:localhost/127.0.0.1:53865]
java.net.SocketException: Connection reset
	at java.base/sun.nio.ch.SocketChannelImpl.throwConnectionReset(SocketChannelImpl.java:394)
	at java.base/sun.nio.ch.SocketChannelImpl.read(SocketChannelImpl.java:426)
	at io.netty.buffer.PooledByteBuf.setBytes(PooledByteBuf.java:259)
	at io.netty.buffer.AbstractByteBuf.writeBytes(AbstractByteBuf.java:1132)
	at io.netty.channel.socket.nio.NioSocketChannel.doReadBytes(NioSocketChannel.java:357)
	at io.netty.channel.nio.AbstractNioByteChannel$NioByteUnsafe.read(AbstractNioByteChannel.java:151)
	at io.netty.channel.nio.NioEventLoop.processSelectedKey(NioEventLoop.java:788)
	at io.netty.channel.nio.NioEventLoop.processSelectedKeysOptimized(NioEventLoop.java:724)
	at io.netty.channel.nio.NioEventLoop.processSelectedKeys(NioEventLoop.java:650)
	at io.netty.channel.nio.NioEventLoop.run(NioEventLoop.java:562)
	at io.netty.util.concurrent.SingleThreadEventExecutor$4.run(SingleThreadEventExecutor.java:997)
	at io.netty.util.internal.ThreadExecutorMap$2.run(ThreadExecutorMap.java:74)
	at io.netty.util.concurrent.FastThreadLocalRunnable.run(FastThreadLocalRunnable.java:30)
	at java.base/java.lang.Thread.run(Thread.java:833)
21:56:00.400 [AsyncHttpClient-1-9] DEBUG org.asynchttpclient.netty.channel.ChannelManager - Closing Channel [id: 0x3afc0e97, L:/127.0.0.1:53872 - R:localhost/127.0.0.1:53865] 
21:56:00.401 [AsyncHttpClient-1-9] DEBUG org.asynchttpclient.netty.handler.HttpHandler - Channel Closed: [id: 0x3afc0e97, L:/127.0.0.1:53872 ! R:localhost/127.0.0.1:53865] with attribute DISCARD
21:56:00.491 [AsyncHttpClient-1-8] DEBUG org.asynchttpclient.netty.handler.HttpHandler - 

Request DefaultFullHttpRequest(decodeResult: success, version: HTTP/1.1, content: EmptyByteBufBE)
DELETE /session/34224116b137178ba77a2ab9463131af HTTP/1.1
User-Agent: selenium/4.8.1 (java windows)
Content-Type: application/json; charset=utf-8
host: localhost:36790
accept: */*

Response DefaultHttpResponse(decodeResult: success, version: HTTP/1.1)
HTTP/1.1 200 OK
Content-Length: 14
Content-Type: application/json; charset=utf-8
cache-control: no-cache

21:56:00.491 [AsyncHttpClient-1-8] DEBUG org.asynchttpclient.netty.channel.ChannelManager - Adding key: http://localhost:36790 for channel [id: 0xf35da6c6, L:/127.0.0.1:53864 - R:localhost/127.0.0.1:36790]
21:56:00.608 [AsyncHttpClient-1-8] DEBUG org.asynchttpclient.netty.handler.HttpHandler - Channel Closed: [id: 0xf35da6c6, L:/127.0.0.1:53864 ! R:localhost/127.0.0.1:36790] with attribute DISCARD
]]></system-out>
    <system-err><![CDATA[Starting ChromeDriver 114.0.5735.90 (386bc09e8f4f2e025eddae123f36f6263096ae49-refs/branch-heads/5735@{#1052}) on port 36790
Only local connections are allowed.
Please see https://chromedriver.chromium.org/security-considerations for suggestions on keeping ChromeDriver safe.
ChromeDriver was started successfully.
Jun 23, 2023 9:55:48 PM org.openqa.selenium.devtools.CdpVersionFinder findNearestMatch
WARNING: Unable to find an exact match for CDP version 114, so returning the closest version found: 110
]]></system-err>
  </testcase>
</testsuite>