<?xml version="1.0" encoding="UTF-8"?>
<testsuite xmlns:xsi="http://www.w3.org/2001/XMLSchema-instance" xsi:noNamespaceSchemaLocation="https://maven.apache.org/surefire/maven-failsafe-plugin/xsd/failsafe-test-report-3.0.xsd" version="3.0" name="starter.CucumberTestSuite" time="53.597" tests="3" errors="3" skipped="0" failures="0">
  <properties>
[...]
</properties>
  <testcase name="user input with valid Username and password" classname="Login" time="16.28">
    <error type="org.openqa.selenium.NoSuchElementException"><![CDATA[org.openqa.selenium.NoSuchElementException: 
no such element: Unable to locate element: {"method":"xpath","selector":"//button[@class='v-btn v-btn--is-elevated v-btn--has-bg theme--light v-size--default primary']"}
  (Session info: chrome=114.0.5735.134)
For documentation on this error, please visit: https://selenium.dev/exceptions/#no_such_element
Build info: version: '4.8.1', revision: '8ebccac989'
System info: os.name: 'Windows 11', os.arch: 'amd64', os.version: '10.0', java.version: '17.0.6'
Driver info: org.openqa.selenium.chrome.ChromeDriver
Command: [533d1cc5ac3a3f3cfab3e85d1f206214, findElement {using=xpath, value=//button[@class='v-btn v-btn--is-elevated v-btn--has-bg theme--light v-size--default primary']}]
Capabilities {acceptInsecureCerts: false, browserName: chrome, browserVersion: 114.0.5735.134, chrome: {chromedriverVersion: 114.0.5735.90 (386bc09e8f4f..., userDataDir: C:\Users\User-PC\AppData\Lo...}, goog:chromeOptions: {debuggerAddress: localhost:61980}, networkConnectionEnabled: false, pageLoadStrategy: normal, platformName: WINDOWS, proxy: Proxy(), se:cdp: ws://localhost:61980/devtoo..., se:cdpVersion: 114.0.5735.134, setWindowRect: true, strictFileInteractability: false, timeouts: {implicit: 0, pageLoad: 300000, script: 30000}, unhandledPromptBehavior: dismiss and notify, webauthn:extension:credBlob: true, webauthn:extension:largeBlob: true, webauthn:extension:minPinLength: true, webauthn:extension:prf: true, webauthn:virtualAuthenticators: true}
Session ID: 533d1cc5ac3a3f3cfab3e85d1f206214
]]></error>
    <system-out><![CDATA[19:50:37.727 [main] DEBUG net.thucydides.core.guice.Injectors - Created injector for module net.thucydides.core.guice.ThucydidesModule
19:50:38.069 [main] DEBUG io.cucumber.core.plugin.SerenityReporter - Running feature from file:///D:/alta/Capstone/WEB/CapstoneWEB/src/test/resources/features/login.feature
19:50:38.285 [main] DEBUG net.thucydides.core.guice.Injectors - Created injector for module net.thucydides.core.guice.webdriver.WebDriverModule
19:50:38.312 [main] INFO  - 

-------------------------------------------------------------------------------------
     _______. _______ .______       _______ .__   __.  __  .___________.____    ____ 
    /       ||   ____||   _  \     |   ____||  \ |  | |  | |           |\   \  /   / 
   |   (----`|  |__   |  |_)  |    |  |__   |   \|  | |  | `---|  |----` \   \/   /  
    \   \    |   __|  |      /     |   __|  |  . `  | |  |     |  |       \_    _/   
.----)   |   |  |____ |  |\  \----.|  |____ |  |\   | |  |     |  |         |  |     
|_______/    |_______|| _| `._____||_______||__| \__| |__|     |__|         |__|    
                                                                                     
 News and tutorials at http://www.serenity-bdd.info                                  
 Documentation at https://wakaleo.gitbooks.io/the-serenity-book/content/             
 Join the Serenity Community on Gitter: https://gitter.im/serenity-bdd/serenity-core 
 Serenity BDD Support and Training at http://serenity-bdd.info/#/trainingandsupport  
-------------------------------------------------------------------------------------

19:50:38.317 [main] DEBUG net.thucydides.core.steps.StepEventBus - Test suite started for story net.thucydides.core.model.Story@f388ff28
19:50:38.322 [main] INFO  - Test Suite Started: Login
19:50:38.349 [main] DEBUG io.cucumber.core.plugin.SerenityReporter - Running feature from file:///D:/alta/Capstone/WEB/CapstoneWEB/src/test/resources/features/login.feature
19:50:38.353 [main] DEBUG net.thucydides.core.steps.StepEventBus - Test suite started for story net.thucydides.core.model.Story@f388ff28
19:50:38.354 [main] INFO  - Test Suite Started: Login

@login
Scenario: user input with valid Username and password &amp#27;[90m# src/test/resources/features/login.feature:7&amp#27;[0m
19:50:38.459 [main] DEBUG io.cucumber.core.plugin.SerenityReporter - Running feature from file:///D:/alta/Capstone/WEB/CapstoneWEB/src/test/resources/features/login.feature
19:50:38.607 [main] INFO  - 
  _____   ___   ___   _____     ___   _____     _     ___   _____   ___   ___  
 |_   _| | __| / __| |_   _|   / __| |_   _|   /_\   | _ \ |_   _| | __| |   \ 
   | |   | _|  \__ \   | |     \__ \   | |    / _ \  |   /   | |   | _|  | |) |
   |_|   |___| |___/   |_|     |___/   |_|   /_/ \_\ |_|_\   |_|   |___| |___/ 

user input with valid Username and password(login;user-input-with-valid-username-and-password)
--------------------------------------------------------------------------------
19:50:38.676 [main] DEBUG net.thucydides.core.requirements.model.cucumber.CucumberParser - Loading feature D:\alta\Capstone\WEB\CapstoneWEB\src\test\resources\features\login.feature
19:50:39.688 [main] INFO net.serenitybdd.core.webdriver.driverproviders.ChromeDriverProvider - Starting Chrome driver instance with capabilities:
19:50:39.692 [main] INFO net.serenitybdd.core.webdriver.driverproviders.ChromeDriverProvider - Capabilities {acceptInsecureCerts: false, browserName: chrome, goog:chromeOptions: {args: [remote-allow-origins=*], extensions: []}}
19:50:41.328 [main] DEBUG io.netty.util.internal.logging.InternalLoggerFactory - Using SLF4J as the default logging framework
19:50:41.335 [main] DEBUG io.netty.util.ResourceLeakDetector - -Dio.netty.leakDetection.level: simple
19:50:41.335 [main] DEBUG io.netty.util.ResourceLeakDetector - -Dio.netty.leakDetection.targetRecords: 4
19:50:41.343 [main] DEBUG io.netty.util.ResourceLeakDetectorFactory - Loaded default ResourceLeakDetector: io.netty.util.ResourceLeakDetector@691567ea
19:50:41.370 [main] DEBUG io.netty.util.internal.PlatformDependent0 - -Dio.netty.noUnsafe: false
19:50:41.370 [main] DEBUG io.netty.util.internal.PlatformDependent0 - Java version: 17
19:50:41.371 [main] DEBUG io.netty.util.internal.PlatformDependent0 - sun.misc.Unsafe.theUnsafe: available
19:50:41.372 [main] DEBUG io.netty.util.internal.PlatformDependent0 - sun.misc.Unsafe.copyMemory: available
19:50:41.373 [main] DEBUG io.netty.util.internal.PlatformDependent0 - sun.misc.Unsafe.storeFence: available
19:50:41.375 [main] DEBUG io.netty.util.internal.PlatformDependent0 - java.nio.Buffer.address: available
19:50:41.378 [main] DEBUG io.netty.util.internal.PlatformDependent0 - direct buffer constructor: unavailable: Reflective setAccessible(true) disabled
19:50:41.379 [main] DEBUG io.netty.util.internal.PlatformDependent0 - java.nio.Bits.unaligned: available, true
19:50:41.382 [main] DEBUG io.netty.util.internal.PlatformDependent0 - jdk.internal.misc.Unsafe.allocateUninitializedArray(int): unavailable: class io.netty.util.internal.PlatformDependent0$7 cannot access class jdk.internal.misc.Unsafe (in module java.base) because module java.base does not export jdk.internal.misc to unnamed module @272ed83b
19:50:41.387 [main] DEBUG io.netty.util.internal.PlatformDependent0 - java.nio.DirectByteBuffer.<init>(long, int): unavailable
19:50:41.387 [main] DEBUG io.netty.util.internal.PlatformDependent - sun.misc.Unsafe: available
19:50:41.390 [main] DEBUG io.netty.util.internal.PlatformDependent - maxDirectMemory: 2067791872 bytes (maybe)
19:50:41.391 [main] DEBUG io.netty.util.internal.PlatformDependent - -Dio.netty.tmpdir: C:\Users\User-PC\AppData\Local\Temp (java.io.tmpdir)
19:50:41.391 [main] DEBUG io.netty.util.internal.PlatformDependent - -Dio.netty.bitMode: 64 (sun.arch.data.model)
19:50:41.391 [main] DEBUG io.netty.util.internal.PlatformDependent - Platform: Windows
19:50:41.392 [main] DEBUG io.netty.util.internal.PlatformDependent - -Dio.netty.maxDirectMemory: -1 bytes
19:50:41.393 [main] DEBUG io.netty.util.internal.PlatformDependent - -Dio.netty.uninitializedArrayAllocationThreshold: -1
19:50:41.395 [main] DEBUG io.netty.util.internal.CleanerJava9 - java.nio.ByteBuffer.cleaner(): available
19:50:41.395 [main] DEBUG io.netty.util.internal.PlatformDependent - -Dio.netty.noPreferDirect: false
19:50:41.405 [main] DEBUG io.netty.util.internal.PlatformDependent - org.jctools-core.MpscChunkedArrayQueue: available
19:50:41.441 [main] DEBUG io.netty.util.internal.InternalThreadLocalMap - -Dio.netty.threadLocalMap.stringBuilder.initialSize: 1024
19:50:41.441 [main] DEBUG io.netty.util.internal.InternalThreadLocalMap - -Dio.netty.threadLocalMap.stringBuilder.maxSize: 4096
19:50:41.742 [main] DEBUG io.netty.handler.ssl.JdkSslContext - Default protocols (JDK): [TLSv1.3, TLSv1.2] 
19:50:41.742 [main] DEBUG io.netty.handler.ssl.JdkSslContext - Default cipher suites (JDK): [TLS_ECDHE_ECDSA_WITH_AES_256_GCM_SHA384, TLS_ECDHE_ECDSA_WITH_AES_128_GCM_SHA256, TLS_ECDHE_RSA_WITH_AES_128_GCM_SHA256, TLS_ECDHE_RSA_WITH_AES_256_GCM_SHA384, TLS_ECDHE_RSA_WITH_AES_128_CBC_SHA, TLS_ECDHE_RSA_WITH_AES_256_CBC_SHA, TLS_RSA_WITH_AES_128_GCM_SHA256, TLS_RSA_WITH_AES_128_CBC_SHA, TLS_RSA_WITH_AES_256_CBC_SHA, TLS_AES_128_GCM_SHA256, TLS_AES_256_GCM_SHA384]
19:50:41.787 [main] DEBUG io.netty.channel.MultithreadEventLoopGroup - -Dio.netty.eventLoopThreads: 16
19:50:41.804 [main] DEBUG io.netty.channel.nio.NioEventLoop - -Dio.netty.noKeySetOptimization: false
19:50:41.804 [main] DEBUG io.netty.channel.nio.NioEventLoop - -Dio.netty.selectorAutoRebuildThreshold: 512
19:50:41.893 [main] DEBUG io.netty.buffer.PooledByteBufAllocator - -Dio.netty.allocator.numHeapArenas: 16
19:50:41.893 [main] DEBUG io.netty.buffer.PooledByteBufAllocator - -Dio.netty.allocator.numDirectArenas: 16
19:50:41.893 [main] DEBUG io.netty.buffer.PooledByteBufAllocator - -Dio.netty.allocator.pageSize: 8192
19:50:41.893 [main] DEBUG io.netty.buffer.PooledByteBufAllocator - -Dio.netty.allocator.maxOrder: 9
19:50:41.893 [main] DEBUG io.netty.buffer.PooledByteBufAllocator - -Dio.netty.allocator.chunkSize: 4194304
19:50:41.894 [main] DEBUG io.netty.buffer.PooledByteBufAllocator - -Dio.netty.allocator.smallCacheSize: 256
19:50:41.894 [main] DEBUG io.netty.buffer.PooledByteBufAllocator - -Dio.netty.allocator.normalCacheSize: 64
19:50:41.894 [main] DEBUG io.netty.buffer.PooledByteBufAllocator - -Dio.netty.allocator.maxCachedBufferCapacity: 32768
19:50:41.894 [main] DEBUG io.netty.buffer.PooledByteBufAllocator - -Dio.netty.allocator.cacheTrimInterval: 8192
19:50:41.894 [main] DEBUG io.netty.buffer.PooledByteBufAllocator - -Dio.netty.allocator.cacheTrimIntervalMillis: 0
19:50:41.894 [main] DEBUG io.netty.buffer.PooledByteBufAllocator - -Dio.netty.allocator.useCacheForAllThreads: false
19:50:41.894 [main] DEBUG io.netty.buffer.PooledByteBufAllocator - -Dio.netty.allocator.maxCachedByteBuffersPerChunk: 1023
19:50:41.909 [main] DEBUG io.netty.buffer.ByteBufUtil - -Dio.netty.allocator.type: pooled
19:50:41.909 [main] DEBUG io.netty.buffer.ByteBufUtil - -Dio.netty.threadLocalDirectBufferSize: 0
19:50:41.909 [main] DEBUG io.netty.buffer.ByteBufUtil - -Dio.netty.maxThreadLocalCharBufferSize: 16384
19:50:42.330 [Forwarding newSession on session null to remote] DEBUG io.netty.channel.DefaultChannelId - -Dio.netty.processId: 12896 (auto-detected)
19:50:42.332 [Forwarding newSession on session null to remote] DEBUG io.netty.util.NetUtil - -Djava.net.preferIPv4Stack: false
19:50:42.332 [Forwarding newSession on session null to remote] DEBUG io.netty.util.NetUtil - -Djava.net.preferIPv6Addresses: false
19:50:42.343 [Forwarding newSession on session null to remote] DEBUG io.netty.util.NetUtilInitializations - Loopback interface: lo (Software Loopback Interface 1, 127.0.0.1)
19:50:42.344 [Forwarding newSession on session null to remote] DEBUG io.netty.util.NetUtil - Failed to get SOMAXCONN from sysctl and file \proc\sys\net\core\somaxconn. Default: 200
19:50:42.366 [Forwarding newSession on session null to remote] DEBUG io.netty.channel.DefaultChannelId - -Dio.netty.machineId: 28:11:a8:ff:fe:eb:e6:5f (auto-detected)
19:50:42.442 [AsyncHttpClient-1-2] DEBUG io.netty.buffer.AbstractByteBuf - -Dio.netty.buffer.checkAccessible: true
19:50:42.442 [AsyncHttpClient-1-2] DEBUG io.netty.buffer.AbstractByteBuf - -Dio.netty.buffer.checkBounds: true
19:50:42.442 [AsyncHttpClient-1-2] DEBUG io.netty.util.ResourceLeakDetectorFactory - Loaded default ResourceLeakDetector: io.netty.util.ResourceLeakDetector@19d016b4
19:50:42.464 [AsyncHttpClient-1-2] DEBUG org.asynchttpclient.netty.channel.NettyConnectListener - Using new Channel '[id: 0x08a476c0, L:/127.0.0.1:61979 - R:localhost/127.0.0.1:17188]' for 'POST' to '/session'
19:50:42.500 [AsyncHttpClient-1-2] DEBUG io.netty.util.Recycler - -Dio.netty.recycler.maxCapacityPerThread: 4096
19:50:42.500 [AsyncHttpClient-1-2] DEBUG io.netty.util.Recycler - -Dio.netty.recycler.ratio: 8
19:50:42.500 [AsyncHttpClient-1-2] DEBUG io.netty.util.Recycler - -Dio.netty.recycler.chunkSize: 32
19:50:42.500 [AsyncHttpClient-1-2] DEBUG io.netty.util.Recycler - -Dio.netty.recycler.blocking: false
19:50:44.168 [AsyncHttpClient-1-2] DEBUG io.netty.handler.codec.compression.Brotli - brotli4j not in the classpath; Brotli support will be unavailable.
19:50:44.169 [AsyncHttpClient-1-2] DEBUG org.asynchttpclient.netty.handler.HttpHandler - 

Request DefaultHttpRequest(decodeResult: success, version: HTTP/1.1)
POST /session HTTP/1.1
User-Agent: selenium/4.8.1 (java windows)
Content-Length: 507
Content-Type: application/json; charset=utf-8
host: localhost:17188
accept: */*

Response DefaultHttpResponse(decodeResult: success, version: HTTP/1.1)
HTTP/1.1 200 OK
Content-Length: 862
Content-Type: application/json; charset=utf-8
cache-control: no-cache

19:50:44.186 [AsyncHttpClient-1-2] DEBUG org.asynchttpclient.netty.channel.ChannelManager - Adding key: http://localhost:17188 for channel [id: 0x08a476c0, L:/127.0.0.1:61979 - R:localhost/127.0.0.1:17188]
19:50:44.365 [AsyncHttpClient-1-3] DEBUG org.asynchttpclient.netty.channel.NettyConnectListener - Using new Channel '[id: 0xf9175084, L:/127.0.0.1:61987 - R:localhost/127.0.0.1:61980]' for 'GET' to '/json/version'
19:50:44.375 [AsyncHttpClient-1-3] DEBUG org.asynchttpclient.netty.handler.HttpHandler - 

Request DefaultFullHttpRequest(decodeResult: success, version: HTTP/1.1, content: EmptyByteBufBE)
GET /json/version HTTP/1.1
User-Agent: selenium/4.8.1 (java windows)
host: localhost:61980
accept: */*

Response DefaultHttpResponse(decodeResult: success, version: HTTP/1.1)
HTTP/1.1 200 OK
Content-Security-Policy: frame-ancestors 'none'
Content-Length: 424
Content-Type: application/json; charset=UTF-8

19:50:44.377 [AsyncHttpClient-1-3] DEBUG org.asynchttpclient.netty.channel.ChannelManager - Adding key: http://localhost:61980 for channel [id: 0xf9175084, L:/127.0.0.1:61987 - R:localhost/127.0.0.1:61980]
19:50:44.399 [main] DEBUG io.netty.util.internal.ThreadLocalRandom - -Dio.netty.initialSeedUniquifier: 0x86187b637708849e
19:50:44.405 [AsyncHttpClient-1-4] DEBUG org.asynchttpclient.netty.channel.NettyConnectListener - Using new Channel '[id: 0x9bb8b861, L:/127.0.0.1:61988 - R:localhost/127.0.0.1:61980]' for 'GET' to '/devtools/browser/2bbee9ae-8668-4c71-a3e8-6441afb2d03a'
19:50:44.413 [AsyncHttpClient-1-4] DEBUG org.asynchttpclient.netty.handler.WebSocketHandler - 

Request DefaultFullHttpRequest(decodeResult: success, version: HTTP/1.1, content: EmptyByteBufBE)
GET /devtools/browser/2bbee9ae-8668-4c71-a3e8-6441afb2d03a HTTP/1.1
upgrade: websocket
connection: upgrade
sec-websocket-key: FDalCbbX9zxUa/3r9VMtVg==
sec-websocket-version: 13
origin: http://localhost:61980
host: localhost:61980
accept: */*
user-agent: AHC/2.1

Response DefaultHttpResponse(decodeResult: success, version: HTTP/1.1)
HTTP/1.1 101 WebSocket Protocol Handshake
Upgrade: WebSocket
Connection: Upgrade
Sec-WebSocket-Accept: 62vo01EsQZ2vN2jOLifxFuOIMEw=

19:50:44.700 [Forwarding get on session 533d1cc5ac3a3f3cfab3e85d1f206214 to remote] DEBUG org.asynchttpclient.netty.request.NettyRequestSender - Using pooled Channel '[id: 0x08a476c0, L:/127.0.0.1:61979 - R:localhost/127.0.0.1:17188]' for 'POST' to 'http://localhost:17188/session/533d1cc5ac3a3f3cfab3e85d1f206214/url'
19:50:44.700 [Forwarding get on session 533d1cc5ac3a3f3cfab3e85d1f206214 to remote] DEBUG org.asynchttpclient.netty.request.NettyRequestSender - Using open Channel [id: 0x08a476c0, L:/127.0.0.1:61979 - R:localhost/127.0.0.1:17188] for POST '/session/533d1cc5ac3a3f3cfab3e85d1f206214/url'
19:50:45.012 [AsyncHttpClient-1-1] DEBUG org.asynchttpclient.netty.channel.DefaultChannelPool - Entry count for : http://localhost:61980 : 1
19:50:46.113 [AsyncHttpClient-1-1] DEBUG org.asynchttpclient.netty.channel.DefaultChannelPool - Entry count for : http://localhost:61980 : 1
19:50:47.214 [AsyncHttpClient-1-1] DEBUG org.asynchttpclient.netty.channel.DefaultChannelPool - Entry count for : http://localhost:61980 : 1
19:50:48.312 [AsyncHttpClient-1-1] DEBUG org.asynchttpclient.netty.channel.DefaultChannelPool - Entry count for : http://localhost:61980 : 1
19:50:49.418 [AsyncHttpClient-1-1] DEBUG org.asynchttpclient.netty.channel.DefaultChannelPool - Entry count for : http://localhost:61980 : 1
19:50:49.831 [AsyncHttpClient-1-2] DEBUG org.asynchttpclient.netty.handler.HttpHandler - 

Request DefaultHttpRequest(decodeResult: success, version: HTTP/1.1)
POST /session/533d1cc5ac3a3f3cfab3e85d1f206214/url HTTP/1.1
User-Agent: selenium/4.8.1 (java windows)
Content-Length: 84
Content-Type: application/json; charset=utf-8
host: localhost:17188
accept: */*

Response DefaultHttpResponse(decodeResult: success, version: HTTP/1.1)
HTTP/1.1 200 OK
Content-Length: 14
Content-Type: application/json; charset=utf-8
cache-control: no-cache

19:50:49.832 [AsyncHttpClient-1-2] DEBUG org.asynchttpclient.netty.channel.ChannelManager - Adding key: http://localhost:17188 for channel [id: 0x08a476c0, L:/127.0.0.1:61979 - R:localhost/127.0.0.1:17188]
19:50:49.852 [Forwarding setTimeout on session 533d1cc5ac3a3f3cfab3e85d1f206214 to remote] DEBUG org.asynchttpclient.netty.request.NettyRequestSender - Using pooled Channel '[id: 0x08a476c0, L:/127.0.0.1:61979 - R:localhost/127.0.0.1:17188]' for 'POST' to 'http://localhost:17188/session/533d1cc5ac3a3f3cfab3e85d1f206214/timeouts'
19:50:49.852 [Forwarding setTimeout on session 533d1cc5ac3a3f3cfab3e85d1f206214 to remote] DEBUG org.asynchttpclient.netty.request.NettyRequestSender - Using open Channel [id: 0x08a476c0, L:/127.0.0.1:61979 - R:localhost/127.0.0.1:17188] for POST '/session/533d1cc5ac3a3f3cfab3e85d1f206214/timeouts'
19:50:49.859 [AsyncHttpClient-1-2] DEBUG org.asynchttpclient.netty.handler.HttpHandler - 

Request DefaultHttpRequest(decodeResult: success, version: HTTP/1.1)
POST /session/533d1cc5ac3a3f3cfab3e85d1f206214/timeouts HTTP/1.1
User-Agent: selenium/4.8.1 (java windows)
Content-Length: 22
Content-Type: application/json; charset=utf-8
host: localhost:17188
accept: */*

Response DefaultHttpResponse(decodeResult: success, version: HTTP/1.1)
HTTP/1.1 200 OK
Content-Length: 14
Content-Type: application/json; charset=utf-8
cache-control: no-cache

19:50:49.860 [AsyncHttpClient-1-2] DEBUG org.asynchttpclient.netty.channel.ChannelManager - Adding key: http://localhost:17188 for channel [id: 0x08a476c0, L:/127.0.0.1:61979 - R:localhost/127.0.0.1:17188]
19:50:50.008 [main] DEBUG net.serenitybdd.core.photography.Darkroom - Opening darkroom
19:50:50.014 [Darkroom Processing Line] DEBUG net.serenitybdd.core.photography.DarkroomProcessingLine - Darkroom processing line starting up
19:50:50.054 [Forwarding getAlertText on session 533d1cc5ac3a3f3cfab3e85d1f206214 to remote] DEBUG org.asynchttpclient.netty.request.NettyRequestSender - Using pooled Channel '[id: 0x08a476c0, L:/127.0.0.1:61979 - R:localhost/127.0.0.1:17188]' for 'GET' to 'http://localhost:17188/session/533d1cc5ac3a3f3cfab3e85d1f206214/alert/text'
19:50:50.056 [Forwarding getAlertText on session 533d1cc5ac3a3f3cfab3e85d1f206214 to remote] DEBUG org.asynchttpclient.netty.request.NettyRequestSender - Using open Channel [id: 0x08a476c0, L:/127.0.0.1:61979 - R:localhost/127.0.0.1:17188] for GET '/session/533d1cc5ac3a3f3cfab3e85d1f206214/alert/text'
19:50:50.060 [AsyncHttpClient-1-2] DEBUG org.asynchttpclient.netty.handler.HttpHandler - 

Request DefaultFullHttpRequest(decodeResult: success, version: HTTP/1.1, content: EmptyByteBufBE)
GET /session/533d1cc5ac3a3f3cfab3e85d1f206214/alert/text HTTP/1.1
User-Agent: selenium/4.8.1 (java windows)
Cache-Control: no-cache
Content-Type: application/json; charset=utf-8
host: localhost:17188
accept: */*

Response DefaultHttpResponse(decodeResult: success, version: HTTP/1.1)
HTTP/1.1 404 Not Found
Content-Length: 821
Content-Type: application/json; charset=utf-8
cache-control: no-cache

19:50:50.061 [AsyncHttpClient-1-2] DEBUG org.asynchttpclient.netty.channel.ChannelManager - Adding key: http://localhost:17188 for channel [id: 0x08a476c0, L:/127.0.0.1:61979 - R:localhost/127.0.0.1:17188]
19:50:50.080 [Forwarding getCurrentUrl on session 533d1cc5ac3a3f3cfab3e85d1f206214 to remote] DEBUG org.asynchttpclient.netty.request.NettyRequestSender - Using pooled Channel '[id: 0x08a476c0, L:/127.0.0.1:61979 - R:localhost/127.0.0.1:17188]' for 'GET' to 'http://localhost:17188/session/533d1cc5ac3a3f3cfab3e85d1f206214/url'
19:50:50.080 [Forwarding getCurrentUrl on session 533d1cc5ac3a3f3cfab3e85d1f206214 to remote] DEBUG org.asynchttpclient.netty.request.NettyRequestSender - Using open Channel [id: 0x08a476c0, L:/127.0.0.1:61979 - R:localhost/127.0.0.1:17188] for GET '/session/533d1cc5ac3a3f3cfab3e85d1f206214/url'
19:50:50.100 [AsyncHttpClient-1-2] DEBUG org.asynchttpclient.netty.handler.HttpHandler - 

Request DefaultFullHttpRequest(decodeResult: success, version: HTTP/1.1, content: EmptyByteBufBE)
GET /session/533d1cc5ac3a3f3cfab3e85d1f206214/url HTTP/1.1
User-Agent: selenium/4.8.1 (java windows)
Cache-Control: no-cache
Content-Type: application/json; charset=utf-8
host: localhost:17188
accept: */*

Response DefaultHttpResponse(decodeResult: success, version: HTTP/1.1)
HTTP/1.1 200 OK
Content-Length: 66
Content-Type: application/json; charset=utf-8
cache-control: no-cache

19:50:50.100 [AsyncHttpClient-1-2] DEBUG org.asynchttpclient.netty.channel.ChannelManager - Adding key: http://localhost:17188 for channel [id: 0x08a476c0, L:/127.0.0.1:61979 - R:localhost/127.0.0.1:17188]
19:50:50.120 [Forwarding screenshot on session 533d1cc5ac3a3f3cfab3e85d1f206214 to remote] DEBUG org.asynchttpclient.netty.request.NettyRequestSender - Using pooled Channel '[id: 0x08a476c0, L:/127.0.0.1:61979 - R:localhost/127.0.0.1:17188]' for 'GET' to 'http://localhost:17188/session/533d1cc5ac3a3f3cfab3e85d1f206214/screenshot'
19:50:50.120 [Forwarding screenshot on session 533d1cc5ac3a3f3cfab3e85d1f206214 to remote] DEBUG org.asynchttpclient.netty.request.NettyRequestSender - Using open Channel [id: 0x08a476c0, L:/127.0.0.1:61979 - R:localhost/127.0.0.1:17188] for GET '/session/533d1cc5ac3a3f3cfab3e85d1f206214/screenshot'
19:50:50.434 [AsyncHttpClient-1-2] DEBUG org.asynchttpclient.netty.handler.HttpHandler - 

Request DefaultFullHttpRequest(decodeResult: success, version: HTTP/1.1, content: EmptyByteBufBE)
GET /session/533d1cc5ac3a3f3cfab3e85d1f206214/screenshot HTTP/1.1
User-Agent: selenium/4.8.1 (java windows)
Cache-Control: no-cache
Content-Type: application/json; charset=utf-8
host: localhost:17188
accept: */*

Response DefaultHttpResponse(decodeResult: success, version: HTTP/1.1)
HTTP/1.1 200 OK
Content-Length: 105824
Content-Type: application/json; charset=utf-8
cache-control: no-cache

19:50:50.437 [AsyncHttpClient-1-2] DEBUG org.asynchttpclient.netty.channel.ChannelManager - Adding key: http://localhost:17188 for channel [id: 0x08a476c0, L:/127.0.0.1:61979 - R:localhost/127.0.0.1:17188]
19:50:50.518 [AsyncHttpClient-1-1] DEBUG org.asynchttpclient.netty.channel.DefaultChannelPool - Entry count for : http://localhost:61980 : 1
19:50:50.521 [AsyncHttpClient-1-1] DEBUG org.asynchttpclient.netty.channel.DefaultChannelPool - Entry count for : http://localhost:17188 : 1
19:50:50.636 [main] DEBUG net.serenitybdd.core.photography.Darkroom - Send negative for processing for target\site\serenity\3a10caa049e96f672679a7bfeb32bc2b0ac709d879816d224fcdb21d55f8d9bc.png
19:50:50.637 [Darkroom Processing Line] DEBUG net.serenitybdd.core.photography.DarkroomProcessingLine - Processing screenshot image in /var/screenshots/screenshot-10049109603436060336
19:50:50.637 [Darkroom Processing Line] DEBUG net.serenitybdd.core.photography.DarkroomProcessingLine - Saving screenshot to target\site\serenity\3a10caa049e96f672679a7bfeb32bc2b0ac709d879816d224fcdb21d55f8d9bc.png
19:50:50.642 [Forwarding getPageSource on session 533d1cc5ac3a3f3cfab3e85d1f206214 to remote] DEBUG org.asynchttpclient.netty.request.NettyRequestSender - Using pooled Channel '[id: 0x08a476c0, L:/127.0.0.1:61979 - R:localhost/127.0.0.1:17188]' for 'POST' to 'http://localhost:17188/session/533d1cc5ac3a3f3cfab3e85d1f206214/execute/sync'
19:50:50.643 [Forwarding getPageSource on session 533d1cc5ac3a3f3cfab3e85d1f206214 to remote] DEBUG org.asynchttpclient.netty.request.NettyRequestSender - Using open Channel [id: 0x08a476c0, L:/127.0.0.1:61979 - R:localhost/127.0.0.1:17188] for POST '/session/533d1cc5ac3a3f3cfab3e85d1f206214/execute/sync'
19:50:50.689 [AsyncHttpClient-1-2] DEBUG org.asynchttpclient.netty.handler.HttpHandler - 

Request DefaultHttpRequest(decodeResult: success, version: HTTP/1.1)
POST /session/533d1cc5ac3a3f3cfab3e85d1f206214/execute/sync HTTP/1.1
User-Agent: selenium/4.8.1 (java windows)
Content-Length: 176
Content-Type: application/json; charset=utf-8
host: localhost:17188
accept: */*

Response DefaultHttpResponse(decodeResult: success, version: HTTP/1.1)
HTTP/1.1 200 OK
Content-Length: 166638
Content-Type: application/json; charset=utf-8
cache-control: no-cache

19:50:50.691 [AsyncHttpClient-1-2] DEBUG org.asynchttpclient.netty.channel.ChannelManager - Adding key: http://localhost:17188 for channel [id: 0x08a476c0, L:/127.0.0.1:61979 - R:localhost/127.0.0.1:17188]
19:50:50.974 [Forwarding getCurrentUrl on session 533d1cc5ac3a3f3cfab3e85d1f206214 to remote] DEBUG org.asynchttpclient.netty.request.NettyRequestSender - Using pooled Channel '[id: 0x08a476c0, L:/127.0.0.1:61979 - R:localhost/127.0.0.1:17188]' for 'GET' to 'http://localhost:17188/session/533d1cc5ac3a3f3cfab3e85d1f206214/url'
19:50:50.975 [Forwarding getCurrentUrl on session 533d1cc5ac3a3f3cfab3e85d1f206214 to remote] DEBUG org.asynchttpclient.netty.request.NettyRequestSender - Using open Channel [id: 0x08a476c0, L:/127.0.0.1:61979 - R:localhost/127.0.0.1:17188] for GET '/session/533d1cc5ac3a3f3cfab3e85d1f206214/url'
19:50:50.988 [AsyncHttpClient-1-2] DEBUG org.asynchttpclient.netty.handler.HttpHandler - 

Request DefaultFullHttpRequest(decodeResult: success, version: HTTP/1.1, content: EmptyByteBufBE)
GET /session/533d1cc5ac3a3f3cfab3e85d1f206214/url HTTP/1.1
User-Agent: selenium/4.8.1 (java windows)
Cache-Control: no-cache
Content-Type: application/json; charset=utf-8
host: localhost:17188
accept: */*

Response DefaultHttpResponse(decodeResult: success, version: HTTP/1.1)
HTTP/1.1 200 OK
Content-Length: 66
Content-Type: application/json; charset=utf-8
cache-control: no-cache

19:50:50.989 [AsyncHttpClient-1-2] DEBUG org.asynchttpclient.netty.channel.ChannelManager - Adding key: http://localhost:17188 for channel [id: 0x08a476c0, L:/127.0.0.1:61979 - R:localhost/127.0.0.1:17188]
19:50:50.998 [main] DEBUG net.thucydides.core.steps.StepInterceptor - STARTING STEP: LoginSteps.onLoginPage - validateOnLoginPage
19:50:51.036 [Forwarding findElement on session 533d1cc5ac3a3f3cfab3e85d1f206214 to remote] DEBUG org.asynchttpclient.netty.request.NettyRequestSender - Using pooled Channel '[id: 0x08a476c0, L:/127.0.0.1:61979 - R:localhost/127.0.0.1:17188]' for 'POST' to 'http://localhost:17188/session/533d1cc5ac3a3f3cfab3e85d1f206214/element'
19:50:51.036 [Forwarding findElement on session 533d1cc5ac3a3f3cfab3e85d1f206214 to remote] DEBUG org.asynchttpclient.netty.request.NettyRequestSender - Using open Channel [id: 0x08a476c0, L:/127.0.0.1:61979 - R:localhost/127.0.0.1:17188] for POST '/session/533d1cc5ac3a3f3cfab3e85d1f206214/element'
19:50:51.614 [AsyncHttpClient-1-1] DEBUG org.asynchttpclient.netty.channel.DefaultChannelPool - Entry count for : http://localhost:61980 : 1
19:50:52.713 [AsyncHttpClient-1-1] DEBUG org.asynchttpclient.netty.channel.DefaultChannelPool - Entry count for : http://localhost:61980 : 1
19:50:53.166 [AsyncHttpClient-1-2] DEBUG org.asynchttpclient.netty.handler.HttpHandler - 

Request DefaultHttpRequest(decodeResult: success, version: HTTP/1.1)
POST /session/533d1cc5ac3a3f3cfab3e85d1f206214/element HTTP/1.1
User-Agent: selenium/4.8.1 (java windows)
Content-Length: 141
Content-Type: application/json; charset=utf-8
host: localhost:17188
accept: */*

Response DefaultHttpResponse(decodeResult: success, version: HTTP/1.1)
HTTP/1.1 404 Not Found
Content-Length: 1015
Content-Type: application/json; charset=utf-8
cache-control: no-cache

19:50:53.166 [AsyncHttpClient-1-2] DEBUG org.asynchttpclient.netty.channel.ChannelManager - Adding key: http://localhost:17188 for channel [id: 0x08a476c0, L:/127.0.0.1:61979 - R:localhost/127.0.0.1:17188]
19:50:53.189 [Forwarding getAlertText on session 533d1cc5ac3a3f3cfab3e85d1f206214 to remote] DEBUG org.asynchttpclient.netty.request.NettyRequestSender - Using pooled Channel '[id: 0x08a476c0, L:/127.0.0.1:61979 - R:localhost/127.0.0.1:17188]' for 'GET' to 'http://localhost:17188/session/533d1cc5ac3a3f3cfab3e85d1f206214/alert/text'
19:50:53.189 [Forwarding getAlertText on session 533d1cc5ac3a3f3cfab3e85d1f206214 to remote] DEBUG org.asynchttpclient.netty.request.NettyRequestSender - Using open Channel [id: 0x08a476c0, L:/127.0.0.1:61979 - R:localhost/127.0.0.1:17188] for GET '/session/533d1cc5ac3a3f3cfab3e85d1f206214/alert/text'
19:50:53.192 [AsyncHttpClient-1-2] DEBUG org.asynchttpclient.netty.handler.HttpHandler - 

Request DefaultFullHttpRequest(decodeResult: success, version: HTTP/1.1, content: EmptyByteBufBE)
GET /session/533d1cc5ac3a3f3cfab3e85d1f206214/alert/text HTTP/1.1
User-Agent: selenium/4.8.1 (java windows)
Cache-Control: no-cache
Content-Type: application/json; charset=utf-8
host: localhost:17188
accept: */*

Response DefaultHttpResponse(decodeResult: success, version: HTTP/1.1)
HTTP/1.1 404 Not Found
Content-Length: 821
Content-Type: application/json; charset=utf-8
cache-control: no-cache

19:50:53.193 [AsyncHttpClient-1-2] DEBUG org.asynchttpclient.netty.channel.ChannelManager - Adding key: http://localhost:17188 for channel [id: 0x08a476c0, L:/127.0.0.1:61979 - R:localhost/127.0.0.1:17188]
19:50:53.198 [Forwarding getCurrentUrl on session 533d1cc5ac3a3f3cfab3e85d1f206214 to remote] DEBUG org.asynchttpclient.netty.request.NettyRequestSender - Using pooled Channel '[id: 0x08a476c0, L:/127.0.0.1:61979 - R:localhost/127.0.0.1:17188]' for 'GET' to 'http://localhost:17188/session/533d1cc5ac3a3f3cfab3e85d1f206214/url'
19:50:53.198 [Forwarding getCurrentUrl on session 533d1cc5ac3a3f3cfab3e85d1f206214 to remote] DEBUG org.asynchttpclient.netty.request.NettyRequestSender - Using open Channel [id: 0x08a476c0, L:/127.0.0.1:61979 - R:localhost/127.0.0.1:17188] for GET '/session/533d1cc5ac3a3f3cfab3e85d1f206214/url'
19:50:53.206 [AsyncHttpClient-1-2] DEBUG org.asynchttpclient.netty.handler.HttpHandler - 

Request DefaultFullHttpRequest(decodeResult: success, version: HTTP/1.1, content: EmptyByteBufBE)
GET /session/533d1cc5ac3a3f3cfab3e85d1f206214/url HTTP/1.1
User-Agent: selenium/4.8.1 (java windows)
Cache-Control: no-cache
Content-Type: application/json; charset=utf-8
host: localhost:17188
accept: */*

Response DefaultHttpResponse(decodeResult: success, version: HTTP/1.1)
HTTP/1.1 200 OK
Content-Length: 66
Content-Type: application/json; charset=utf-8
cache-control: no-cache

19:50:53.206 [AsyncHttpClient-1-2] DEBUG org.asynchttpclient.netty.channel.ChannelManager - Adding key: http://localhost:17188 for channel [id: 0x08a476c0, L:/127.0.0.1:61979 - R:localhost/127.0.0.1:17188]
19:50:53.209 [Forwarding screenshot on session 533d1cc5ac3a3f3cfab3e85d1f206214 to remote] DEBUG org.asynchttpclient.netty.request.NettyRequestSender - Using pooled Channel '[id: 0x08a476c0, L:/127.0.0.1:61979 - R:localhost/127.0.0.1:17188]' for 'GET' to 'http://localhost:17188/session/533d1cc5ac3a3f3cfab3e85d1f206214/screenshot'
19:50:53.209 [Forwarding screenshot on session 533d1cc5ac3a3f3cfab3e85d1f206214 to remote] DEBUG org.asynchttpclient.netty.request.NettyRequestSender - Using open Channel [id: 0x08a476c0, L:/127.0.0.1:61979 - R:localhost/127.0.0.1:17188] for GET '/session/533d1cc5ac3a3f3cfab3e85d1f206214/screenshot'
19:50:53.476 [AsyncHttpClient-1-2] DEBUG org.asynchttpclient.netty.handler.HttpHandler - 

Request DefaultFullHttpRequest(decodeResult: success, version: HTTP/1.1, content: EmptyByteBufBE)
GET /session/533d1cc5ac3a3f3cfab3e85d1f206214/screenshot HTTP/1.1
User-Agent: selenium/4.8.1 (java windows)
Cache-Control: no-cache
Content-Type: application/json; charset=utf-8
host: localhost:17188
accept: */*

Response DefaultHttpResponse(decodeResult: success, version: HTTP/1.1)
HTTP/1.1 200 OK
Content-Length: 122040
Content-Type: application/json; charset=utf-8
cache-control: no-cache

19:50:53.479 [AsyncHttpClient-1-2] DEBUG org.asynchttpclient.netty.channel.ChannelManager - Adding key: http://localhost:17188 for channel [id: 0x08a476c0, L:/127.0.0.1:61979 - R:localhost/127.0.0.1:17188]
19:50:53.496 [main] DEBUG net.serenitybdd.core.photography.Darkroom - Send negative for processing for target\site\serenity\8392155f7b8892f6bfdafc304fdc568b7155b027a618c5e013eae136797389ed.png
19:50:53.498 [Darkroom Processing Line] DEBUG net.serenitybdd.core.photography.DarkroomProcessingLine - Processing screenshot image in /var/screenshots/screenshot-9421934563307952248
19:50:53.499 [Darkroom Processing Line] DEBUG net.serenitybdd.core.photography.DarkroomProcessingLine - Saving screenshot to target\site\serenity\8392155f7b8892f6bfdafc304fdc568b7155b027a618c5e013eae136797389ed.png
19:50:53.505 [Forwarding getPageSource on session 533d1cc5ac3a3f3cfab3e85d1f206214 to remote] DEBUG org.asynchttpclient.netty.request.NettyRequestSender - Using pooled Channel '[id: 0x08a476c0, L:/127.0.0.1:61979 - R:localhost/127.0.0.1:17188]' for 'POST' to 'http://localhost:17188/session/533d1cc5ac3a3f3cfab3e85d1f206214/execute/sync'
19:50:53.505 [Forwarding getPageSource on session 533d1cc5ac3a3f3cfab3e85d1f206214 to remote] DEBUG org.asynchttpclient.netty.request.NettyRequestSender - Using open Channel [id: 0x08a476c0, L:/127.0.0.1:61979 - R:localhost/127.0.0.1:17188] for POST '/session/533d1cc5ac3a3f3cfab3e85d1f206214/execute/sync'
19:50:53.566 [AsyncHttpClient-1-2] DEBUG org.asynchttpclient.netty.handler.HttpHandler - 

Request DefaultHttpRequest(decodeResult: success, version: HTTP/1.1)
POST /session/533d1cc5ac3a3f3cfab3e85d1f206214/execute/sync HTTP/1.1
User-Agent: selenium/4.8.1 (java windows)
Content-Length: 176
Content-Type: application/json; charset=utf-8
host: localhost:17188
accept: */*

Response DefaultHttpResponse(decodeResult: success, version: HTTP/1.1)
HTTP/1.1 200 OK
Content-Length: 166638
Content-Type: application/json; charset=utf-8
cache-control: no-cache

19:50:53.569 [AsyncHttpClient-1-2] DEBUG org.asynchttpclient.netty.channel.ChannelManager - Adding key: http://localhost:17188 for channel [id: 0x08a476c0, L:/127.0.0.1:61979 - R:localhost/127.0.0.1:17188]
19:50:53.671 [Forwarding getCurrentUrl on session 533d1cc5ac3a3f3cfab3e85d1f206214 to remote] DEBUG org.asynchttpclient.netty.request.NettyRequestSender - Using pooled Channel '[id: 0x08a476c0, L:/127.0.0.1:61979 - R:localhost/127.0.0.1:17188]' for 'GET' to 'http://localhost:17188/session/533d1cc5ac3a3f3cfab3e85d1f206214/url'
19:50:53.672 [Forwarding getCurrentUrl on session 533d1cc5ac3a3f3cfab3e85d1f206214 to remote] DEBUG org.asynchttpclient.netty.request.NettyRequestSender - Using open Channel [id: 0x08a476c0, L:/127.0.0.1:61979 - R:localhost/127.0.0.1:17188] for GET '/session/533d1cc5ac3a3f3cfab3e85d1f206214/url'
19:50:53.692 [AsyncHttpClient-1-2] DEBUG org.asynchttpclient.netty.handler.HttpHandler - 

Request DefaultFullHttpRequest(decodeResult: success, version: HTTP/1.1, content: EmptyByteBufBE)
GET /session/533d1cc5ac3a3f3cfab3e85d1f206214/url HTTP/1.1
User-Agent: selenium/4.8.1 (java windows)
Cache-Control: no-cache
Content-Type: application/json; charset=utf-8
host: localhost:17188
accept: */*

Response DefaultHttpResponse(decodeResult: success, version: HTTP/1.1)
HTTP/1.1 200 OK
Content-Length: 66
Content-Type: application/json; charset=utf-8
cache-control: no-cache

19:50:53.693 [AsyncHttpClient-1-2] DEBUG org.asynchttpclient.netty.channel.ChannelManager - Adding key: http://localhost:17188 for channel [id: 0x08a476c0, L:/127.0.0.1:61979 - R:localhost/127.0.0.1:17188]
  &amp#27;[31mGiven &amp#27;[0m&amp#27;[31mI am on the login page&amp#27;[0m                        &amp#27;[90m# starter.stepdefinitions.LoginSteps.onLoginPage()&amp#27;[0m
      &amp#27;[31morg.openqa.selenium.NoSuchElementException: no such element: Unable to locate element: {"method":"xpath","selector":"//button[@class='v-btn v-btn--is-elevated v-btn--has-bg theme--light v-size--default primary']"}
  (Session info: chrome=114.0.5735.134)
For documentation on this error, please visit: https://selenium.dev/exceptions/#no_such_element
Build info: version: '4.8.1', revision: '8ebccac989'
System info: os.name: 'Windows 11', os.arch: 'amd64', os.version: '10.0', java.version: '17.0.6'
Driver info: org.openqa.selenium.chrome.ChromeDriver
Command: [533d1cc5ac3a3f3cfab3e85d1f206214, findElement {using=xpath, value=//button[@class='v-btn v-btn--is-elevated v-btn--has-bg theme--light v-size--default primary']}]
Capabilities {acceptInsecureCerts: false, browserName: chrome, browserVersion: 114.0.5735.134, chrome: {chromedriverVersion: 114.0.5735.90 (386bc09e8f4f..., userDataDir: C:\Users\User-PC\AppData\Lo...}, goog:chromeOptions: {debuggerAddress: localhost:61980}, networkConnectionEnabled: false, pageLoadStrategy: normal, platformName: WINDOWS, proxy: Proxy(), se:cdp: ws://localhost:61980/devtoo..., se:cdpVersion: 114.0.5735.134, setWindowRect: true, strictFileInteractability: false, timeouts: {implicit: 0, pageLoad: 300000, script: 30000}, unhandledPromptBehavior: dismiss and notify, webauthn:extension:credBlob: true, webauthn:extension:largeBlob: true, webauthn:extension:minPinLength: true, webauthn:extension:prf: true, webauthn:virtualAuthenticators: true}
Session ID: 533d1cc5ac3a3f3cfab3e85d1f206214
	at java.base/jdk.internal.reflect.NativeConstructorAccessorImpl.newInstance0(Native Method)
	at java.base/jdk.internal.reflect.NativeConstructorAccessorImpl.newInstance(NativeConstructorAccessorImpl.java:77)
	at java.base/jdk.internal.reflect.DelegatingConstructorAccessorImpl.newInstance(DelegatingConstructorAccessorImpl.java:45)
	at java.base/java.lang.reflect.Constructor.newInstanceWithCaller(Constructor.java:499)
	at java.base/java.lang.reflect.Constructor.newInstance(Constructor.java:480)
	at org.openqa.selenium.remote.codec.w3c.W3CHttpResponseCodec.createException(W3CHttpResponseCodec.java:200)
	at org.openqa.selenium.remote.codec.w3c.W3CHttpResponseCodec.decode(W3CHttpResponseCodec.java:133)
	at org.openqa.selenium.remote.codec.w3c.W3CHttpResponseCodec.decode(W3CHttpResponseCodec.java:53)
	at org.openqa.selenium.remote.HttpCommandExecutor.execute(HttpCommandExecutor.java:184)
	at org.openqa.selenium.remote.service.DriverCommandExecutor.invokeExecute(DriverCommandExecutor.java:167)
	at org.openqa.selenium.remote.service.DriverCommandExecutor.execute(DriverCommandExecutor.java:142)
	at org.openqa.selenium.remote.RemoteWebDriver.execute(RemoteWebDriver.java:543)
	at org.openqa.selenium.remote.ElementLocation$ElementFinder$2.findElement(ElementLocation.java:162)
	at org.openqa.selenium.remote.ElementLocation.findElement(ElementLocation.java:60)
	at org.openqa.selenium.remote.RemoteWebDriver.findElement(RemoteWebDriver.java:352)
	at org.openqa.selenium.remote.RemoteWebDriver.findElement(RemoteWebDriver.java:344)
	at net.thucydides.core.webdriver.WebDriverFacade.findElement(WebDriverFacade.java:242)
	at net.serenitybdd.core.pages.WebElementResolverByLocator.resolveForDriver(WebElementResolverByLocator.java:25)
	at net.serenitybdd.core.pages.WebElementFacadeImpl.getResolvedElement(WebElementFacadeImpl.java:189)
	at net.serenitybdd.core.pages.WebElementFacadeImpl.getElement(WebElementFacadeImpl.java:184)
	at net.serenitybdd.core.pages.WebElementFacadeImpl.isDisplayed(WebElementFacadeImpl.java:1321)
	at MiniProject@1.0-SNAPSHOT/starter.user.Login.validateOnLoginPage(Login.java:29)
	at MiniProject@1.0-SNAPSHOT/starter.user.Login$ByteBuddy$40yDOS7E.validateOnLoginPage$accessor$dzYIkQ8I(Unknown Source)
	at java.base/jdk.internal.reflect.NativeMethodAccessorImpl.invoke0(Native Method)
	at java.base/jdk.internal.reflect.NativeMethodAccessorImpl.invoke(NativeMethodAccessorImpl.java:77)
	at java.base/jdk.internal.reflect.DelegatingMethodAccessorImpl.invoke(DelegatingMethodAccessorImpl.java:43)
	at java.base/java.lang.reflect.Method.invoke(Method.java:568)
	at net.thucydides.core.steps.StepInterceptor.invokeMethod(StepInterceptor.java:518)
	at net.thucydides.core.steps.StepInterceptor.executeTestStepMethod(StepInterceptor.java:498)
	at net.thucydides.core.steps.StepInterceptor.runTestStep(StepInterceptor.java:472)
	at net.thucydides.core.steps.StepInterceptor.runOrSkipMethod(StepInterceptor.java:211)
	at net.thucydides.core.steps.StepInterceptor.testStepResult(StepInterceptor.java:198)
	at net.thucydides.core.steps.StepInterceptor.intercept(StepInterceptor.java:86)
	at net.thucydides.core.steps.ProxyConfiguration$InterceptorDispatcher.intercept(ProxyConfiguration.java:51)
	at MiniProject@1.0-SNAPSHOT/starter.user.Login$ByteBuddy$40yDOS7E.validateOnLoginPage(Unknown Source)
	at MiniProject@1.0-SNAPSHOT/starter.stepdefinitions.LoginSteps.onLoginPage(LoginSteps.java:21)
	at âœ½.I am on the login page(file:///D:/alta/Capstone/WEB/CapstoneWEB/src/test/resources/features/login.feature:8)
&amp#27;[0m
  &amp#27;[36mWhen &amp#27;[0m&amp#27;[36mI enter Username &amp#27;[0m&amp#27;[36m&amp#27;[1m"admin"&amp#27;[0m                       &amp#27;[90m# starter.stepdefinitions.LoginSteps.enterUsernamelOnSigIn(java.lang.String)&amp#27;[0m
19:50:53.822 [AsyncHttpClient-1-1] DEBUG org.asynchttpclient.netty.channel.DefaultChannelPool - Entry count for : http://localhost:61980 : 1
19:50:53.822 [AsyncHttpClient-1-1] DEBUG org.asynchttpclient.netty.channel.DefaultChannelPool - Entry count for : http://localhost:17188 : 1
  &amp#27;[36mAnd &amp#27;[0m&amp#27;[36mI enter Password &amp#27;[0m&amp#27;[36m&amp#27;[1m"mypassword"&amp#27;[0m                   &amp#27;[90m# starter.stepdefinitions.LoginSteps.enterPasswordOnLogin(java.lang.String)&amp#27;[0m
  &amp#27;[36mAnd &amp#27;[0m&amp#27;[36mI click SigIn button&amp#27;[0m                            &amp#27;[90m# starter.stepdefinitions.LoginSteps.clickSigInButton()&amp#27;[0m
  &amp#27;[36mThen &amp#27;[0m&amp#27;[36mI am on the home page&amp#27;[0m                          &amp#27;[90m# starter.stepdefinitions.LoginSteps.goToHomePage()&amp#27;[0m
19:50:53.934 [main] ERROR  - 
  _____   ___   ___   _____     ___   ___   ___    ___    ___ 
 |_   _| | __| / __| |_   _|   | __| | _ \ | _ \  / _ \  | _ \
   | |   | _|  \__ \   | |     | _|  |   / |   / | (_) | |   /
   |_|   |___| |___/   |_|     |___| |_|_\ |_|_\  \___/  |_|_\

user input with valid Username and password
---------------------------------------------------------------
19:50:53.939 [main] DEBUG  - RELATED ISSUES: 
19:50:53.945 [main] ERROR  -     Test failed at step: Validate on login page
19:50:53.947 [main] ERROR  -     no such element: Unable to locate element: {"method":"xpath","selector":"//button[@class='v-btn v-btn--is-elevated v-btn--has-bg theme--light v-size--default primary']"}
19:50:54.047 [Driver Command Executor] DEBUG org.asynchttpclient.netty.request.NettyRequestSender - Using pooled Channel '[id: 0x08a476c0, L:/127.0.0.1:61979 - R:localhost/127.0.0.1:17188]' for 'DELETE' to 'http://localhost:17188/session/533d1cc5ac3a3f3cfab3e85d1f206214'
19:50:54.047 [Driver Command Executor] DEBUG org.asynchttpclient.netty.request.NettyRequestSender - Using open Channel [id: 0x08a476c0, L:/127.0.0.1:61979 - R:localhost/127.0.0.1:17188] for DELETE '/session/533d1cc5ac3a3f3cfab3e85d1f206214'
19:50:54.050 [AsyncHttpClient-1-4] DEBUG org.asynchttpclient.netty.handler.WebSocketHandler - Channel Closed: [id: 0x9bb8b861, L:/127.0.0.1:61988 ! R:localhost/127.0.0.1:61980] with attribute NettyResponseFuture{currentRetry=0,
	isDone=1,
	isCancelled=0,
	asyncHandler=org.asynchttpclient.ws.WebSocketUpgradeHandler@107efde9,
	nettyRequest=org.asynchttpclient.netty.request.NettyRequest@5598bdcd,
	future=java.util.concurrent.CompletableFuture@3421a1c1[Completed normally],
	uri=ws://localhost:61980/devtools/browser/2bbee9ae-8668-4c71-a3e8-6441afb2d03a,
	keepAlive=true,
	redirectCount=0,
	timeoutsHolder=null,
	inAuth=0,
	touch=1687179044442}
19:50:54.052 [AsyncHttpClient-1-4] DEBUG org.asynchttpclient.netty.channel.ChannelManager - Closing Channel [id: 0x9bb8b861, L:/127.0.0.1:61988 ! R:localhost/127.0.0.1:61980] 
19:50:54.425 [AsyncHttpClient-1-3] DEBUG org.asynchttpclient.netty.handler.HttpHandler - Unexpected I/O exception on channel [id: 0xf9175084, L:/127.0.0.1:61987 - R:localhost/127.0.0.1:61980]
java.net.SocketException: Connection reset
	at java.base/sun.nio.ch.SocketChannelImpl.throwConnectionReset(SocketChannelImpl.java:394)
	at java.base/sun.nio.ch.SocketChannelImpl.read(SocketChannelImpl.java:426)
	at io.netty.buffer.PooledByteBuf.setBytes(PooledByteBuf.java:259)
	at io.netty.buffer.AbstractByteBuf.writeBytes(AbstractByteBuf.java:1132)
	at io.netty.channel.socket.nio.NioSocketChannel.doReadBytes(NioSocketChannel.java:357)
	at io.netty.channel.nio.AbstractNioByteChannel$NioByteUnsafe.read(AbstractNioByteChannel.java:151)
	at io.netty.channel.nio.NioEventLoop.processSelectedKey(NioEventLoop.java:788)
	at io.netty.channel.nio.NioEventLoop.processSelectedKeysOptimized(NioEventLoop.java:724)
	at io.netty.channel.nio.NioEventLoop.processSelectedKeys(NioEventLoop.java:650)
	at io.netty.channel.nio.NioEventLoop.run(NioEventLoop.java:562)
	at io.netty.util.concurrent.SingleThreadEventExecutor$4.run(SingleThreadEventExecutor.java:997)
	at io.netty.util.internal.ThreadExecutorMap$2.run(ThreadExecutorMap.java:74)
	at io.netty.util.concurrent.FastThreadLocalRunnable.run(FastThreadLocalRunnable.java:30)
	at java.base/java.lang.Thread.run(Thread.java:833)
19:50:54.426 [AsyncHttpClient-1-3] DEBUG org.asynchttpclient.netty.channel.ChannelManager - Closing Channel [id: 0xf9175084, L:/127.0.0.1:61987 - R:localhost/127.0.0.1:61980] 
19:50:54.428 [AsyncHttpClient-1-3] DEBUG org.asynchttpclient.netty.handler.HttpHandler - Channel Closed: [id: 0xf9175084, L:/127.0.0.1:61987 ! R:localhost/127.0.0.1:61980] with attribute DISCARD
19:50:54.456 [AsyncHttpClient-1-2] DEBUG org.asynchttpclient.netty.handler.HttpHandler - 

Request DefaultFullHttpRequest(decodeResult: success, version: HTTP/1.1, content: EmptyByteBufBE)
DELETE /session/533d1cc5ac3a3f3cfab3e85d1f206214 HTTP/1.1
User-Agent: selenium/4.8.1 (java windows)
Content-Type: application/json; charset=utf-8
host: localhost:17188
accept: */*

Response DefaultHttpResponse(decodeResult: success, version: HTTP/1.1)
HTTP/1.1 200 OK
Content-Length: 14
Content-Type: application/json; charset=utf-8
cache-control: no-cache

19:50:54.458 [AsyncHttpClient-1-2] DEBUG org.asynchttpclient.netty.channel.ChannelManager - Adding key: http://localhost:17188 for channel [id: 0x08a476c0, L:/127.0.0.1:61979 - R:localhost/127.0.0.1:17188]
19:50:54.556 [AsyncHttpClient-1-2] DEBUG org.asynchttpclient.netty.handler.HttpHandler - Channel Closed: [id: 0x08a476c0, L:/127.0.0.1:61979 ! R:localhost/127.0.0.1:17188] with attribute DISCARD
]]></system-out>
    <system-err><![CDATA[Starting ChromeDriver 114.0.5735.90 (386bc09e8f4f2e025eddae123f36f6263096ae49-refs/branch-heads/5735@{#1052}) on port 17188
Only local connections are allowed.
Please see https://chromedriver.chromium.org/security-considerations for suggestions on keeping ChromeDriver safe.
ChromeDriver was started successfully.
Jun 19, 2023 7:50:44 PM org.openqa.selenium.devtools.CdpVersionFinder findNearestMatch
WARNING: Unable to find an exact match for CDP version 114, so returning the closest version found: 110
]]></system-err>
  </testcase>
  <testcase name="user input with valid Username and invalid password" classname="Login" time="14.545">
    <error type="org.openqa.selenium.NoSuchElementException"><![CDATA[org.openqa.selenium.NoSuchElementException: 
no such element: Unable to locate element: {"method":"xpath","selector":"//button[@class='v-btn v-btn--is-elevated v-btn--has-bg theme--light v-size--default primary']"}
  (Session info: chrome=114.0.5735.134)
For documentation on this error, please visit: https://selenium.dev/exceptions/#no_such_element
Build info: version: '4.8.1', revision: '8ebccac989'
System info: os.name: 'Windows 11', os.arch: 'amd64', os.version: '10.0', java.version: '17.0.6'
Driver info: org.openqa.selenium.chrome.ChromeDriver
Command: [57bc926e8d86934905fde3837b238aa3, findElement {using=xpath, value=//button[@class='v-btn v-btn--is-elevated v-btn--has-bg theme--light v-size--default primary']}]
Capabilities {acceptInsecureCerts: false, browserName: chrome, browserVersion: 114.0.5735.134, chrome: {chromedriverVersion: 114.0.5735.90 (386bc09e8f4f..., userDataDir: C:\Users\User-PC\AppData\Lo...}, goog:chromeOptions: {debuggerAddress: localhost:62006}, networkConnectionEnabled: false, pageLoadStrategy: normal, platformName: WINDOWS, proxy: Proxy(), se:cdp: ws://localhost:62006/devtoo..., se:cdpVersion: 114.0.5735.134, setWindowRect: true, strictFileInteractability: false, timeouts: {implicit: 0, pageLoad: 300000, script: 30000}, unhandledPromptBehavior: dismiss and notify, webauthn:extension:credBlob: true, webauthn:extension:largeBlob: true, webauthn:extension:minPinLength: true, webauthn:extension:prf: true, webauthn:virtualAuthenticators: true}
Session ID: 57bc926e8d86934905fde3837b238aa3
]]></error>
    <system-out><![CDATA[
Scenario: user input with valid Username and invalid password                     &amp#27;[90m# src/test/resources/features/login.feature:14&amp#27;[0m
19:50:54.658 [main] DEBUG io.cucumber.core.plugin.SerenityReporter - Running feature from file:///D:/alta/Capstone/WEB/CapstoneWEB/src/test/resources/features/login.feature
19:50:54.668 [main] INFO  - 
  _____   ___   ___   _____     ___   _____     _     ___   _____   ___   ___  
 |_   _| | __| / __| |_   _|   / __| |_   _|   /_\   | _ \ |_   _| | __| |   \ 
   | |   | _|  \__ \   | |     \__ \   | |    / _ \  |   /   | |   | _|  | |) |
   |_|   |___| |___/   |_|     |___/   |_|   /_/ \_\ |_|_\   |_|   |___| |___/ 

user input with valid Username and invalid password(login;user-input-with-valid-username-and-invalid-password)
--------------------------------------------------------------------------------
19:50:54.872 [main] INFO net.serenitybdd.core.webdriver.driverproviders.ChromeDriverProvider - Starting Chrome driver instance with capabilities:
19:50:54.872 [main] INFO net.serenitybdd.core.webdriver.driverproviders.ChromeDriverProvider - Capabilities {acceptInsecureCerts: false, browserName: chrome, goog:chromeOptions: {args: [remote-allow-origins=*], extensions: []}}
19:50:54.915 [AsyncHttpClient-1-1] DEBUG org.asynchttpclient.netty.channel.DefaultChannelPool - Entry count for : http://localhost:61980 : 1
19:50:54.915 [AsyncHttpClient-1-1] DEBUG org.asynchttpclient.netty.channel.DefaultChannelPool - Entry count for : http://localhost:17188 : 1
19:50:54.915 [AsyncHttpClient-1-1] DEBUG org.asynchttpclient.netty.channel.DefaultChannelPool - Adding Candidate expired Channel [id: 0xf9175084, L:/127.0.0.1:61987 ! R:localhost/127.0.0.1:61980] isIdleTimeoutExpired=false isRemotelyClosed=true isTtlExpired=false
19:50:54.916 [AsyncHttpClient-1-1] DEBUG org.asynchttpclient.netty.channel.DefaultChannelPool - Closing Idle Channel [id: 0xf9175084, L:/127.0.0.1:61987 ! R:localhost/127.0.0.1:61980]
19:50:54.917 [AsyncHttpClient-1-1] DEBUG org.asynchttpclient.netty.channel.DefaultChannelPool - Adding Candidate expired Channel [id: 0x08a476c0, L:/127.0.0.1:61979 ! R:localhost/127.0.0.1:17188] isIdleTimeoutExpired=false isRemotelyClosed=true isTtlExpired=false
19:50:54.917 [AsyncHttpClient-1-1] DEBUG org.asynchttpclient.netty.channel.DefaultChannelPool - Closing Idle Channel [id: 0x08a476c0, L:/127.0.0.1:61979 ! R:localhost/127.0.0.1:17188]
19:50:54.917 [AsyncHttpClient-1-1] DEBUG org.asynchttpclient.netty.channel.DefaultChannelPool - Closed 2 connections out of 2 in 2 ms
19:50:56.978 [AsyncHttpClient-1-5] DEBUG org.asynchttpclient.netty.channel.NettyConnectListener - Using new Channel '[id: 0xf313e145, L:/127.0.0.1:62005 - R:localhost/127.0.0.1:16006]' for 'POST' to '/session'
19:50:58.880 [AsyncHttpClient-1-5] DEBUG org.asynchttpclient.netty.handler.HttpHandler - 

Request DefaultHttpRequest(decodeResult: success, version: HTTP/1.1)
POST /session HTTP/1.1
User-Agent: selenium/4.8.1 (java windows)
Content-Length: 507
Content-Type: application/json; charset=utf-8
host: localhost:16006
accept: */*

Response DefaultHttpResponse(decodeResult: success, version: HTTP/1.1)
HTTP/1.1 200 OK
Content-Length: 863
Content-Type: application/json; charset=utf-8
cache-control: no-cache

19:50:58.882 [AsyncHttpClient-1-5] DEBUG org.asynchttpclient.netty.channel.ChannelManager - Adding key: http://localhost:16006 for channel [id: 0xf313e145, L:/127.0.0.1:62005 - R:localhost/127.0.0.1:16006]
19:50:58.896 [AsyncHttpClient-1-6] DEBUG org.asynchttpclient.netty.channel.NettyConnectListener - Using new Channel '[id: 0x42a84e29, L:/127.0.0.1:62013 - R:localhost/127.0.0.1:62006]' for 'GET' to '/json/version'
19:50:58.905 [AsyncHttpClient-1-6] DEBUG org.asynchttpclient.netty.handler.HttpHandler - 

Request DefaultFullHttpRequest(decodeResult: success, version: HTTP/1.1, content: EmptyByteBufBE)
GET /json/version HTTP/1.1
User-Agent: selenium/4.8.1 (java windows)
host: localhost:62006
accept: */*

Response DefaultHttpResponse(decodeResult: success, version: HTTP/1.1)
HTTP/1.1 200 OK
Content-Security-Policy: frame-ancestors 'none'
Content-Length: 424
Content-Type: application/json; charset=UTF-8

19:50:58.905 [AsyncHttpClient-1-6] DEBUG org.asynchttpclient.netty.channel.ChannelManager - Adding key: http://localhost:62006 for channel [id: 0x42a84e29, L:/127.0.0.1:62013 - R:localhost/127.0.0.1:62006]
19:50:58.911 [AsyncHttpClient-1-7] DEBUG org.asynchttpclient.netty.channel.NettyConnectListener - Using new Channel '[id: 0x59a2473b, L:/127.0.0.1:62014 - R:localhost/127.0.0.1:62006]' for 'GET' to '/devtools/browser/37ea0b70-efbd-4ab6-a341-e6873b6d83dd'
19:50:58.918 [AsyncHttpClient-1-7] DEBUG org.asynchttpclient.netty.handler.WebSocketHandler - 

Request DefaultFullHttpRequest(decodeResult: success, version: HTTP/1.1, content: EmptyByteBufBE)
GET /devtools/browser/37ea0b70-efbd-4ab6-a341-e6873b6d83dd HTTP/1.1
upgrade: websocket
connection: upgrade
sec-websocket-key: Czyu/DbRTwQH0nQXajIrrQ==
sec-websocket-version: 13
origin: http://localhost:62006
host: localhost:62006
accept: */*
user-agent: AHC/2.1

Response DefaultHttpResponse(decodeResult: success, version: HTTP/1.1)
HTTP/1.1 101 WebSocket Protocol Handshake
Upgrade: WebSocket
Connection: Upgrade
Sec-WebSocket-Accept: Jqw3F1B5cI8x7T9VZJpIQLHZdTc=

19:50:58.930 [Forwarding get on session 57bc926e8d86934905fde3837b238aa3 to remote] DEBUG org.asynchttpclient.netty.request.NettyRequestSender - Using pooled Channel '[id: 0xf313e145, L:/127.0.0.1:62005 - R:localhost/127.0.0.1:16006]' for 'POST' to 'http://localhost:16006/session/57bc926e8d86934905fde3837b238aa3/url'
19:50:58.930 [Forwarding get on session 57bc926e8d86934905fde3837b238aa3 to remote] DEBUG org.asynchttpclient.netty.request.NettyRequestSender - Using open Channel [id: 0xf313e145, L:/127.0.0.1:62005 - R:localhost/127.0.0.1:16006] for POST '/session/57bc926e8d86934905fde3837b238aa3/url'
19:50:59.315 [AsyncHttpClient-1-1] DEBUG org.asynchttpclient.netty.channel.DefaultChannelPool - Entry count for : http://localhost:62006 : 1
19:51:00.422 [AsyncHttpClient-1-1] DEBUG org.asynchttpclient.netty.channel.DefaultChannelPool - Entry count for : http://localhost:62006 : 1
19:51:01.514 [AsyncHttpClient-1-1] DEBUG org.asynchttpclient.netty.channel.DefaultChannelPool - Entry count for : http://localhost:62006 : 1
19:51:02.613 [AsyncHttpClient-1-1] DEBUG org.asynchttpclient.netty.channel.DefaultChannelPool - Entry count for : http://localhost:62006 : 1
19:51:03.713 [AsyncHttpClient-1-1] DEBUG org.asynchttpclient.netty.channel.DefaultChannelPool - Entry count for : http://localhost:62006 : 1
19:51:04.813 [AsyncHttpClient-1-1] DEBUG org.asynchttpclient.netty.channel.DefaultChannelPool - Entry count for : http://localhost:62006 : 1
19:51:05.570 [AsyncHttpClient-1-5] DEBUG org.asynchttpclient.netty.handler.HttpHandler - 

Request DefaultHttpRequest(decodeResult: success, version: HTTP/1.1)
POST /session/57bc926e8d86934905fde3837b238aa3/url HTTP/1.1
User-Agent: selenium/4.8.1 (java windows)
Content-Length: 84
Content-Type: application/json; charset=utf-8
host: localhost:16006
accept: */*

Response DefaultHttpResponse(decodeResult: success, version: HTTP/1.1)
HTTP/1.1 200 OK
Content-Length: 14
Content-Type: application/json; charset=utf-8
cache-control: no-cache

19:51:05.570 [AsyncHttpClient-1-5] DEBUG org.asynchttpclient.netty.channel.ChannelManager - Adding key: http://localhost:16006 for channel [id: 0xf313e145, L:/127.0.0.1:62005 - R:localhost/127.0.0.1:16006]
19:51:05.574 [Forwarding setTimeout on session 57bc926e8d86934905fde3837b238aa3 to remote] DEBUG org.asynchttpclient.netty.request.NettyRequestSender - Using pooled Channel '[id: 0xf313e145, L:/127.0.0.1:62005 - R:localhost/127.0.0.1:16006]' for 'POST' to 'http://localhost:16006/session/57bc926e8d86934905fde3837b238aa3/timeouts'
19:51:05.575 [Forwarding setTimeout on session 57bc926e8d86934905fde3837b238aa3 to remote] DEBUG org.asynchttpclient.netty.request.NettyRequestSender - Using open Channel [id: 0xf313e145, L:/127.0.0.1:62005 - R:localhost/127.0.0.1:16006] for POST '/session/57bc926e8d86934905fde3837b238aa3/timeouts'
19:51:05.577 [AsyncHttpClient-1-5] DEBUG org.asynchttpclient.netty.handler.HttpHandler - 

Request DefaultHttpRequest(decodeResult: success, version: HTTP/1.1)
POST /session/57bc926e8d86934905fde3837b238aa3/timeouts HTTP/1.1
User-Agent: selenium/4.8.1 (java windows)
Content-Length: 22
Content-Type: application/json; charset=utf-8
host: localhost:16006
accept: */*

Response DefaultHttpResponse(decodeResult: success, version: HTTP/1.1)
HTTP/1.1 200 OK
Content-Length: 14
Content-Type: application/json; charset=utf-8
cache-control: no-cache

19:51:05.577 [AsyncHttpClient-1-5] DEBUG org.asynchttpclient.netty.channel.ChannelManager - Adding key: http://localhost:16006 for channel [id: 0xf313e145, L:/127.0.0.1:62005 - R:localhost/127.0.0.1:16006]
19:51:05.592 [Forwarding getAlertText on session 57bc926e8d86934905fde3837b238aa3 to remote] DEBUG org.asynchttpclient.netty.request.NettyRequestSender - Using pooled Channel '[id: 0xf313e145, L:/127.0.0.1:62005 - R:localhost/127.0.0.1:16006]' for 'GET' to 'http://localhost:16006/session/57bc926e8d86934905fde3837b238aa3/alert/text'
19:51:05.593 [Forwarding getAlertText on session 57bc926e8d86934905fde3837b238aa3 to remote] DEBUG org.asynchttpclient.netty.request.NettyRequestSender - Using open Channel [id: 0xf313e145, L:/127.0.0.1:62005 - R:localhost/127.0.0.1:16006] for GET '/session/57bc926e8d86934905fde3837b238aa3/alert/text'
19:51:05.596 [AsyncHttpClient-1-5] DEBUG org.asynchttpclient.netty.handler.HttpHandler - 

Request DefaultFullHttpRequest(decodeResult: success, version: HTTP/1.1, content: EmptyByteBufBE)
GET /session/57bc926e8d86934905fde3837b238aa3/alert/text HTTP/1.1
User-Agent: selenium/4.8.1 (java windows)
Cache-Control: no-cache
Content-Type: application/json; charset=utf-8
host: localhost:16006
accept: */*

Response DefaultHttpResponse(decodeResult: success, version: HTTP/1.1)
HTTP/1.1 404 Not Found
Content-Length: 821
Content-Type: application/json; charset=utf-8
cache-control: no-cache

19:51:05.597 [AsyncHttpClient-1-5] DEBUG org.asynchttpclient.netty.channel.ChannelManager - Adding key: http://localhost:16006 for channel [id: 0xf313e145, L:/127.0.0.1:62005 - R:localhost/127.0.0.1:16006]
19:51:05.600 [Forwarding getCurrentUrl on session 57bc926e8d86934905fde3837b238aa3 to remote] DEBUG org.asynchttpclient.netty.request.NettyRequestSender - Using pooled Channel '[id: 0xf313e145, L:/127.0.0.1:62005 - R:localhost/127.0.0.1:16006]' for 'GET' to 'http://localhost:16006/session/57bc926e8d86934905fde3837b238aa3/url'
19:51:05.600 [Forwarding getCurrentUrl on session 57bc926e8d86934905fde3837b238aa3 to remote] DEBUG org.asynchttpclient.netty.request.NettyRequestSender - Using open Channel [id: 0xf313e145, L:/127.0.0.1:62005 - R:localhost/127.0.0.1:16006] for GET '/session/57bc926e8d86934905fde3837b238aa3/url'
19:51:05.611 [AsyncHttpClient-1-5] DEBUG org.asynchttpclient.netty.handler.HttpHandler - 

Request DefaultFullHttpRequest(decodeResult: success, version: HTTP/1.1, content: EmptyByteBufBE)
GET /session/57bc926e8d86934905fde3837b238aa3/url HTTP/1.1
User-Agent: selenium/4.8.1 (java windows)
Cache-Control: no-cache
Content-Type: application/json; charset=utf-8
host: localhost:16006
accept: */*

Response DefaultHttpResponse(decodeResult: success, version: HTTP/1.1)
HTTP/1.1 200 OK
Content-Length: 66
Content-Type: application/json; charset=utf-8
cache-control: no-cache

19:51:05.612 [AsyncHttpClient-1-5] DEBUG org.asynchttpclient.netty.channel.ChannelManager - Adding key: http://localhost:16006 for channel [id: 0xf313e145, L:/127.0.0.1:62005 - R:localhost/127.0.0.1:16006]
19:51:05.615 [Forwarding screenshot on session 57bc926e8d86934905fde3837b238aa3 to remote] DEBUG org.asynchttpclient.netty.request.NettyRequestSender - Using pooled Channel '[id: 0xf313e145, L:/127.0.0.1:62005 - R:localhost/127.0.0.1:16006]' for 'GET' to 'http://localhost:16006/session/57bc926e8d86934905fde3837b238aa3/screenshot'
19:51:05.615 [Forwarding screenshot on session 57bc926e8d86934905fde3837b238aa3 to remote] DEBUG org.asynchttpclient.netty.request.NettyRequestSender - Using open Channel [id: 0xf313e145, L:/127.0.0.1:62005 - R:localhost/127.0.0.1:16006] for GET '/session/57bc926e8d86934905fde3837b238aa3/screenshot'
19:51:05.913 [AsyncHttpClient-1-1] DEBUG org.asynchttpclient.netty.channel.DefaultChannelPool - Entry count for : http://localhost:62006 : 1
19:51:05.936 [AsyncHttpClient-1-5] DEBUG org.asynchttpclient.netty.handler.HttpHandler - 

Request DefaultFullHttpRequest(decodeResult: success, version: HTTP/1.1, content: EmptyByteBufBE)
GET /session/57bc926e8d86934905fde3837b238aa3/screenshot HTTP/1.1
User-Agent: selenium/4.8.1 (java windows)
Cache-Control: no-cache
Content-Type: application/json; charset=utf-8
host: localhost:16006
accept: */*

Response DefaultHttpResponse(decodeResult: success, version: HTTP/1.1)
HTTP/1.1 200 OK
Content-Length: 105824
Content-Type: application/json; charset=utf-8
cache-control: no-cache

19:51:05.937 [AsyncHttpClient-1-5] DEBUG org.asynchttpclient.netty.channel.ChannelManager - Adding key: http://localhost:16006 for channel [id: 0xf313e145, L:/127.0.0.1:62005 - R:localhost/127.0.0.1:16006]
19:51:05.949 [main] DEBUG net.serenitybdd.core.photography.Darkroom - Send negative for processing for target\site\serenity\3a10caa049e96f672679a7bfeb32bc2b0ac709d879816d224fcdb21d55f8d9bc.png
19:51:05.953 [Forwarding getPageSource on session 57bc926e8d86934905fde3837b238aa3 to remote] DEBUG org.asynchttpclient.netty.request.NettyRequestSender - Using pooled Channel '[id: 0xf313e145, L:/127.0.0.1:62005 - R:localhost/127.0.0.1:16006]' for 'POST' to 'http://localhost:16006/session/57bc926e8d86934905fde3837b238aa3/execute/sync'
19:51:05.953 [Forwarding getPageSource on session 57bc926e8d86934905fde3837b238aa3 to remote] DEBUG org.asynchttpclient.netty.request.NettyRequestSender - Using open Channel [id: 0xf313e145, L:/127.0.0.1:62005 - R:localhost/127.0.0.1:16006] for POST '/session/57bc926e8d86934905fde3837b238aa3/execute/sync'
19:51:05.990 [AsyncHttpClient-1-5] DEBUG org.asynchttpclient.netty.handler.HttpHandler - 

Request DefaultHttpRequest(decodeResult: success, version: HTTP/1.1)
POST /session/57bc926e8d86934905fde3837b238aa3/execute/sync HTTP/1.1
User-Agent: selenium/4.8.1 (java windows)
Content-Length: 176
Content-Type: application/json; charset=utf-8
host: localhost:16006
accept: */*

Response DefaultHttpResponse(decodeResult: success, version: HTTP/1.1)
HTTP/1.1 200 OK
Content-Length: 166638
Content-Type: application/json; charset=utf-8
cache-control: no-cache

19:51:05.991 [AsyncHttpClient-1-5] DEBUG org.asynchttpclient.netty.channel.ChannelManager - Adding key: http://localhost:16006 for channel [id: 0xf313e145, L:/127.0.0.1:62005 - R:localhost/127.0.0.1:16006]
19:51:06.009 [Forwarding getCurrentUrl on session 57bc926e8d86934905fde3837b238aa3 to remote] DEBUG org.asynchttpclient.netty.request.NettyRequestSender - Using pooled Channel '[id: 0xf313e145, L:/127.0.0.1:62005 - R:localhost/127.0.0.1:16006]' for 'GET' to 'http://localhost:16006/session/57bc926e8d86934905fde3837b238aa3/url'
19:51:06.009 [Forwarding getCurrentUrl on session 57bc926e8d86934905fde3837b238aa3 to remote] DEBUG org.asynchttpclient.netty.request.NettyRequestSender - Using open Channel [id: 0xf313e145, L:/127.0.0.1:62005 - R:localhost/127.0.0.1:16006] for GET '/session/57bc926e8d86934905fde3837b238aa3/url'
19:51:06.017 [AsyncHttpClient-1-5] DEBUG org.asynchttpclient.netty.handler.HttpHandler - 

Request DefaultFullHttpRequest(decodeResult: success, version: HTTP/1.1, content: EmptyByteBufBE)
GET /session/57bc926e8d86934905fde3837b238aa3/url HTTP/1.1
User-Agent: selenium/4.8.1 (java windows)
Cache-Control: no-cache
Content-Type: application/json; charset=utf-8
host: localhost:16006
accept: */*

Response DefaultHttpResponse(decodeResult: success, version: HTTP/1.1)
HTTP/1.1 200 OK
Content-Length: 66
Content-Type: application/json; charset=utf-8
cache-control: no-cache

19:51:06.017 [AsyncHttpClient-1-5] DEBUG org.asynchttpclient.netty.channel.ChannelManager - Adding key: http://localhost:16006 for channel [id: 0xf313e145, L:/127.0.0.1:62005 - R:localhost/127.0.0.1:16006]
19:51:06.022 [main] DEBUG net.thucydides.core.steps.StepInterceptor - STARTING STEP: LoginSteps.onLoginPage - validateOnLoginPage
19:51:06.027 [Forwarding findElement on session 57bc926e8d86934905fde3837b238aa3 to remote] DEBUG org.asynchttpclient.netty.request.NettyRequestSender - Using pooled Channel '[id: 0xf313e145, L:/127.0.0.1:62005 - R:localhost/127.0.0.1:16006]' for 'POST' to 'http://localhost:16006/session/57bc926e8d86934905fde3837b238aa3/element'
19:51:06.027 [Forwarding findElement on session 57bc926e8d86934905fde3837b238aa3 to remote] DEBUG org.asynchttpclient.netty.request.NettyRequestSender - Using open Channel [id: 0xf313e145, L:/127.0.0.1:62005 - R:localhost/127.0.0.1:16006] for POST '/session/57bc926e8d86934905fde3837b238aa3/element'
19:51:07.013 [AsyncHttpClient-1-1] DEBUG org.asynchttpclient.netty.channel.DefaultChannelPool - Entry count for : http://localhost:62006 : 1
19:51:08.060 [AsyncHttpClient-1-5] DEBUG org.asynchttpclient.netty.handler.HttpHandler - 

Request DefaultHttpRequest(decodeResult: success, version: HTTP/1.1)
POST /session/57bc926e8d86934905fde3837b238aa3/element HTTP/1.1
User-Agent: selenium/4.8.1 (java windows)
Content-Length: 141
Content-Type: application/json; charset=utf-8
host: localhost:16006
accept: */*

Response DefaultHttpResponse(decodeResult: success, version: HTTP/1.1)
HTTP/1.1 404 Not Found
Content-Length: 1015
Content-Type: application/json; charset=utf-8
cache-control: no-cache

19:51:08.061 [AsyncHttpClient-1-5] DEBUG org.asynchttpclient.netty.channel.ChannelManager - Adding key: http://localhost:16006 for channel [id: 0xf313e145, L:/127.0.0.1:62005 - R:localhost/127.0.0.1:16006]
19:51:08.072 [Forwarding getAlertText on session 57bc926e8d86934905fde3837b238aa3 to remote] DEBUG org.asynchttpclient.netty.request.NettyRequestSender - Using pooled Channel '[id: 0xf313e145, L:/127.0.0.1:62005 - R:localhost/127.0.0.1:16006]' for 'GET' to 'http://localhost:16006/session/57bc926e8d86934905fde3837b238aa3/alert/text'
19:51:08.073 [Forwarding getAlertText on session 57bc926e8d86934905fde3837b238aa3 to remote] DEBUG org.asynchttpclient.netty.request.NettyRequestSender - Using open Channel [id: 0xf313e145, L:/127.0.0.1:62005 - R:localhost/127.0.0.1:16006] for GET '/session/57bc926e8d86934905fde3837b238aa3/alert/text'
19:51:08.076 [AsyncHttpClient-1-5] DEBUG org.asynchttpclient.netty.handler.HttpHandler - 

Request DefaultFullHttpRequest(decodeResult: success, version: HTTP/1.1, content: EmptyByteBufBE)
GET /session/57bc926e8d86934905fde3837b238aa3/alert/text HTTP/1.1
User-Agent: selenium/4.8.1 (java windows)
Cache-Control: no-cache
Content-Type: application/json; charset=utf-8
host: localhost:16006
accept: */*

Response DefaultHttpResponse(decodeResult: success, version: HTTP/1.1)
HTTP/1.1 404 Not Found
Content-Length: 821
Content-Type: application/json; charset=utf-8
cache-control: no-cache

19:51:08.076 [AsyncHttpClient-1-5] DEBUG org.asynchttpclient.netty.channel.ChannelManager - Adding key: http://localhost:16006 for channel [id: 0xf313e145, L:/127.0.0.1:62005 - R:localhost/127.0.0.1:16006]
19:51:08.079 [Forwarding getCurrentUrl on session 57bc926e8d86934905fde3837b238aa3 to remote] DEBUG org.asynchttpclient.netty.request.NettyRequestSender - Using pooled Channel '[id: 0xf313e145, L:/127.0.0.1:62005 - R:localhost/127.0.0.1:16006]' for 'GET' to 'http://localhost:16006/session/57bc926e8d86934905fde3837b238aa3/url'
19:51:08.080 [Forwarding getCurrentUrl on session 57bc926e8d86934905fde3837b238aa3 to remote] DEBUG org.asynchttpclient.netty.request.NettyRequestSender - Using open Channel [id: 0xf313e145, L:/127.0.0.1:62005 - R:localhost/127.0.0.1:16006] for GET '/session/57bc926e8d86934905fde3837b238aa3/url'
19:51:08.088 [AsyncHttpClient-1-5] DEBUG org.asynchttpclient.netty.handler.HttpHandler - 

Request DefaultFullHttpRequest(decodeResult: success, version: HTTP/1.1, content: EmptyByteBufBE)
GET /session/57bc926e8d86934905fde3837b238aa3/url HTTP/1.1
User-Agent: selenium/4.8.1 (java windows)
Cache-Control: no-cache
Content-Type: application/json; charset=utf-8
host: localhost:16006
accept: */*

Response DefaultHttpResponse(decodeResult: success, version: HTTP/1.1)
HTTP/1.1 200 OK
Content-Length: 66
Content-Type: application/json; charset=utf-8
cache-control: no-cache

19:51:08.089 [AsyncHttpClient-1-5] DEBUG org.asynchttpclient.netty.channel.ChannelManager - Adding key: http://localhost:16006 for channel [id: 0xf313e145, L:/127.0.0.1:62005 - R:localhost/127.0.0.1:16006]
19:51:08.091 [Forwarding screenshot on session 57bc926e8d86934905fde3837b238aa3 to remote] DEBUG org.asynchttpclient.netty.request.NettyRequestSender - Using pooled Channel '[id: 0xf313e145, L:/127.0.0.1:62005 - R:localhost/127.0.0.1:16006]' for 'GET' to 'http://localhost:16006/session/57bc926e8d86934905fde3837b238aa3/screenshot'
19:51:08.091 [Forwarding screenshot on session 57bc926e8d86934905fde3837b238aa3 to remote] DEBUG org.asynchttpclient.netty.request.NettyRequestSender - Using open Channel [id: 0xf313e145, L:/127.0.0.1:62005 - R:localhost/127.0.0.1:16006] for GET '/session/57bc926e8d86934905fde3837b238aa3/screenshot'
19:51:08.113 [AsyncHttpClient-1-1] DEBUG org.asynchttpclient.netty.channel.DefaultChannelPool - Entry count for : http://localhost:62006 : 1
19:51:08.282 [AsyncHttpClient-1-5] DEBUG org.asynchttpclient.netty.handler.HttpHandler - 

Request DefaultFullHttpRequest(decodeResult: success, version: HTTP/1.1, content: EmptyByteBufBE)
GET /session/57bc926e8d86934905fde3837b238aa3/screenshot HTTP/1.1
User-Agent: selenium/4.8.1 (java windows)
Cache-Control: no-cache
Content-Type: application/json; charset=utf-8
host: localhost:16006
accept: */*

Response DefaultHttpResponse(decodeResult: success, version: HTTP/1.1)
HTTP/1.1 200 OK
Content-Length: 122040
Content-Type: application/json; charset=utf-8
cache-control: no-cache

19:51:08.283 [AsyncHttpClient-1-5] DEBUG org.asynchttpclient.netty.channel.ChannelManager - Adding key: http://localhost:16006 for channel [id: 0xf313e145, L:/127.0.0.1:62005 - R:localhost/127.0.0.1:16006]
19:51:08.289 [main] DEBUG net.serenitybdd.core.photography.Darkroom - Send negative for processing for target\site\serenity\8392155f7b8892f6bfdafc304fdc568b7155b027a618c5e013eae136797389ed.png
19:51:08.292 [Forwarding getPageSource on session 57bc926e8d86934905fde3837b238aa3 to remote] DEBUG org.asynchttpclient.netty.request.NettyRequestSender - Using pooled Channel '[id: 0xf313e145, L:/127.0.0.1:62005 - R:localhost/127.0.0.1:16006]' for 'POST' to 'http://localhost:16006/session/57bc926e8d86934905fde3837b238aa3/execute/sync'
19:51:08.292 [Forwarding getPageSource on session 57bc926e8d86934905fde3837b238aa3 to remote] DEBUG org.asynchttpclient.netty.request.NettyRequestSender - Using open Channel [id: 0xf313e145, L:/127.0.0.1:62005 - R:localhost/127.0.0.1:16006] for POST '/session/57bc926e8d86934905fde3837b238aa3/execute/sync'
19:51:08.316 [AsyncHttpClient-1-5] DEBUG org.asynchttpclient.netty.handler.HttpHandler - 

Request DefaultHttpRequest(decodeResult: success, version: HTTP/1.1)
POST /session/57bc926e8d86934905fde3837b238aa3/execute/sync HTTP/1.1
User-Agent: selenium/4.8.1 (java windows)
Content-Length: 176
Content-Type: application/json; charset=utf-8
host: localhost:16006
accept: */*

Response DefaultHttpResponse(decodeResult: success, version: HTTP/1.1)
HTTP/1.1 200 OK
Content-Length: 166638
Content-Type: application/json; charset=utf-8
cache-control: no-cache

19:51:08.317 [AsyncHttpClient-1-5] DEBUG org.asynchttpclient.netty.channel.ChannelManager - Adding key: http://localhost:16006 for channel [id: 0xf313e145, L:/127.0.0.1:62005 - R:localhost/127.0.0.1:16006]
19:51:08.337 [Forwarding getCurrentUrl on session 57bc926e8d86934905fde3837b238aa3 to remote] DEBUG org.asynchttpclient.netty.request.NettyRequestSender - Using pooled Channel '[id: 0xf313e145, L:/127.0.0.1:62005 - R:localhost/127.0.0.1:16006]' for 'GET' to 'http://localhost:16006/session/57bc926e8d86934905fde3837b238aa3/url'
19:51:08.337 [Forwarding getCurrentUrl on session 57bc926e8d86934905fde3837b238aa3 to remote] DEBUG org.asynchttpclient.netty.request.NettyRequestSender - Using open Channel [id: 0xf313e145, L:/127.0.0.1:62005 - R:localhost/127.0.0.1:16006] for GET '/session/57bc926e8d86934905fde3837b238aa3/url'
19:51:08.343 [AsyncHttpClient-1-5] DEBUG org.asynchttpclient.netty.handler.HttpHandler - 

Request DefaultFullHttpRequest(decodeResult: success, version: HTTP/1.1, content: EmptyByteBufBE)
GET /session/57bc926e8d86934905fde3837b238aa3/url HTTP/1.1
User-Agent: selenium/4.8.1 (java windows)
Cache-Control: no-cache
Content-Type: application/json; charset=utf-8
host: localhost:16006
accept: */*

Response DefaultHttpResponse(decodeResult: success, version: HTTP/1.1)
HTTP/1.1 200 OK
Content-Length: 66
Content-Type: application/json; charset=utf-8
cache-control: no-cache

19:51:08.343 [AsyncHttpClient-1-5] DEBUG org.asynchttpclient.netty.channel.ChannelManager - Adding key: http://localhost:16006 for channel [id: 0xf313e145, L:/127.0.0.1:62005 - R:localhost/127.0.0.1:16006]
  &amp#27;[31mGiven &amp#27;[0m&amp#27;[31mI am on the login page&amp#27;[0m                                                    &amp#27;[90m# starter.stepdefinitions.LoginSteps.onLoginPage()&amp#27;[0m
      &amp#27;[31morg.openqa.selenium.NoSuchElementException: no such element: Unable to locate element: {"method":"xpath","selector":"//button[@class='v-btn v-btn--is-elevated v-btn--has-bg theme--light v-size--default primary']"}
  (Session info: chrome=114.0.5735.134)
For documentation on this error, please visit: https://selenium.dev/exceptions/#no_such_element
Build info: version: '4.8.1', revision: '8ebccac989'
System info: os.name: 'Windows 11', os.arch: 'amd64', os.version: '10.0', java.version: '17.0.6'
Driver info: org.openqa.selenium.chrome.ChromeDriver
Command: [57bc926e8d86934905fde3837b238aa3, findElement {using=xpath, value=//button[@class='v-btn v-btn--is-elevated v-btn--has-bg theme--light v-size--default primary']}]
Capabilities {acceptInsecureCerts: false, browserName: chrome, browserVersion: 114.0.5735.134, chrome: {chromedriverVersion: 114.0.5735.90 (386bc09e8f4f..., userDataDir: C:\Users\User-PC\AppData\Lo...}, goog:chromeOptions: {debuggerAddress: localhost:62006}, networkConnectionEnabled: false, pageLoadStrategy: normal, platformName: WINDOWS, proxy: Proxy(), se:cdp: ws://localhost:62006/devtoo..., se:cdpVersion: 114.0.5735.134, setWindowRect: true, strictFileInteractability: false, timeouts: {implicit: 0, pageLoad: 300000, script: 30000}, unhandledPromptBehavior: dismiss and notify, webauthn:extension:credBlob: true, webauthn:extension:largeBlob: true, webauthn:extension:minPinLength: true, webauthn:extension:prf: true, webauthn:virtualAuthenticators: true}
Session ID: 57bc926e8d86934905fde3837b238aa3
	at java.base/jdk.internal.reflect.NativeConstructorAccessorImpl.newInstance0(Native Method)
	at java.base/jdk.internal.reflect.NativeConstructorAccessorImpl.newInstance(NativeConstructorAccessorImpl.java:77)
	at java.base/jdk.internal.reflect.DelegatingConstructorAccessorImpl.newInstance(DelegatingConstructorAccessorImpl.java:45)
	at java.base/java.lang.reflect.Constructor.newInstanceWithCaller(Constructor.java:499)
	at java.base/java.lang.reflect.Constructor.newInstance(Constructor.java:480)
	at org.openqa.selenium.remote.codec.w3c.W3CHttpResponseCodec.createException(W3CHttpResponseCodec.java:200)
	at org.openqa.selenium.remote.codec.w3c.W3CHttpResponseCodec.decode(W3CHttpResponseCodec.java:133)
	at org.openqa.selenium.remote.codec.w3c.W3CHttpResponseCodec.decode(W3CHttpResponseCodec.java:53)
	at org.openqa.selenium.remote.HttpCommandExecutor.execute(HttpCommandExecutor.java:184)
	at org.openqa.selenium.remote.service.DriverCommandExecutor.invokeExecute(DriverCommandExecutor.java:167)
	at org.openqa.selenium.remote.service.DriverCommandExecutor.execute(DriverCommandExecutor.java:142)
	at org.openqa.selenium.remote.RemoteWebDriver.execute(RemoteWebDriver.java:543)
	at org.openqa.selenium.remote.ElementLocation$ElementFinder$2.findElement(ElementLocation.java:162)
	at org.openqa.selenium.remote.ElementLocation.findElement(ElementLocation.java:60)
	at org.openqa.selenium.remote.RemoteWebDriver.findElement(RemoteWebDriver.java:352)
	at org.openqa.selenium.remote.RemoteWebDriver.findElement(RemoteWebDriver.java:344)
	at net.thucydides.core.webdriver.WebDriverFacade.findElement(WebDriverFacade.java:242)
	at net.serenitybdd.core.pages.WebElementResolverByLocator.resolveForDriver(WebElementResolverByLocator.java:25)
	at net.serenitybdd.core.pages.WebElementFacadeImpl.getResolvedElement(WebElementFacadeImpl.java:189)
	at net.serenitybdd.core.pages.WebElementFacadeImpl.getElement(WebElementFacadeImpl.java:184)
	at net.serenitybdd.core.pages.WebElementFacadeImpl.isDisplayed(WebElementFacadeImpl.java:1321)
	at MiniProject@1.0-SNAPSHOT/starter.user.Login.validateOnLoginPage(Login.java:29)
	at MiniProject@1.0-SNAPSHOT/starter.user.Login$ByteBuddy$40yDOS7E.validateOnLoginPage$accessor$dzYIkQ8I(Unknown Source)
[...]
cache-control: no-cache

19:51:20.319 [AsyncHttpClient-1-8] DEBUG org.asynchttpclient.netty.channel.ChannelManager - Adding key: http://localhost:35370 for channel [id: 0x15608099, L:/127.0.0.1:62029 - R:localhost/127.0.0.1:35370]
19:51:20.327 [Forwarding getAlertText on session 7629f6c0091a29ca9fe7557f1915732e to remote] DEBUG org.asynchttpclient.netty.request.NettyRequestSender - Using pooled Channel '[id: 0x15608099, L:/127.0.0.1:62029 - R:localhost/127.0.0.1:35370]' for 'GET' to 'http://localhost:35370/session/7629f6c0091a29ca9fe7557f1915732e/alert/text'
19:51:20.327 [Forwarding getAlertText on session 7629f6c0091a29ca9fe7557f1915732e to remote] DEBUG org.asynchttpclient.netty.request.NettyRequestSender - Using open Channel [id: 0x15608099, L:/127.0.0.1:62029 - R:localhost/127.0.0.1:35370] for GET '/session/7629f6c0091a29ca9fe7557f1915732e/alert/text'
19:51:20.332 [AsyncHttpClient-1-8] DEBUG org.asynchttpclient.netty.handler.HttpHandler - 

Request DefaultFullHttpRequest(decodeResult: success, version: HTTP/1.1, content: EmptyByteBufBE)
GET /session/7629f6c0091a29ca9fe7557f1915732e/alert/text HTTP/1.1
User-Agent: selenium/4.8.1 (java windows)
Cache-Control: no-cache
Content-Type: application/json; charset=utf-8
host: localhost:35370
accept: */*

Response DefaultHttpResponse(decodeResult: success, version: HTTP/1.1)
HTTP/1.1 404 Not Found
Content-Length: 821
Content-Type: application/json; charset=utf-8
cache-control: no-cache

19:51:20.333 [AsyncHttpClient-1-8] DEBUG org.asynchttpclient.netty.channel.ChannelManager - Adding key: http://localhost:35370 for channel [id: 0x15608099, L:/127.0.0.1:62029 - R:localhost/127.0.0.1:35370]
19:51:20.335 [Forwarding getCurrentUrl on session 7629f6c0091a29ca9fe7557f1915732e to remote] DEBUG org.asynchttpclient.netty.request.NettyRequestSender - Using pooled Channel '[id: 0x15608099, L:/127.0.0.1:62029 - R:localhost/127.0.0.1:35370]' for 'GET' to 'http://localhost:35370/session/7629f6c0091a29ca9fe7557f1915732e/url'
19:51:20.335 [Forwarding getCurrentUrl on session 7629f6c0091a29ca9fe7557f1915732e to remote] DEBUG org.asynchttpclient.netty.request.NettyRequestSender - Using open Channel [id: 0x15608099, L:/127.0.0.1:62029 - R:localhost/127.0.0.1:35370] for GET '/session/7629f6c0091a29ca9fe7557f1915732e/url'
19:51:20.344 [AsyncHttpClient-1-8] DEBUG org.asynchttpclient.netty.handler.HttpHandler - 

Request DefaultFullHttpRequest(decodeResult: success, version: HTTP/1.1, content: EmptyByteBufBE)
GET /session/7629f6c0091a29ca9fe7557f1915732e/url HTTP/1.1
User-Agent: selenium/4.8.1 (java windows)
Cache-Control: no-cache
Content-Type: application/json; charset=utf-8
host: localhost:35370
accept: */*

Response DefaultHttpResponse(decodeResult: success, version: HTTP/1.1)
HTTP/1.1 200 OK
Content-Length: 66
Content-Type: application/json; charset=utf-8
cache-control: no-cache

19:51:20.344 [AsyncHttpClient-1-8] DEBUG org.asynchttpclient.netty.channel.ChannelManager - Adding key: http://localhost:35370 for channel [id: 0x15608099, L:/127.0.0.1:62029 - R:localhost/127.0.0.1:35370]
19:51:20.346 [Forwarding screenshot on session 7629f6c0091a29ca9fe7557f1915732e to remote] DEBUG org.asynchttpclient.netty.request.NettyRequestSender - Using pooled Channel '[id: 0x15608099, L:/127.0.0.1:62029 - R:localhost/127.0.0.1:35370]' for 'GET' to 'http://localhost:35370/session/7629f6c0091a29ca9fe7557f1915732e/screenshot'
19:51:20.346 [Forwarding screenshot on session 7629f6c0091a29ca9fe7557f1915732e to remote] DEBUG org.asynchttpclient.netty.request.NettyRequestSender - Using open Channel [id: 0x15608099, L:/127.0.0.1:62029 - R:localhost/127.0.0.1:35370] for GET '/session/7629f6c0091a29ca9fe7557f1915732e/screenshot'
19:51:20.523 [AsyncHttpClient-1-8] DEBUG org.asynchttpclient.netty.handler.HttpHandler - 

Request DefaultFullHttpRequest(decodeResult: success, version: HTTP/1.1, content: EmptyByteBufBE)
GET /session/7629f6c0091a29ca9fe7557f1915732e/screenshot HTTP/1.1
User-Agent: selenium/4.8.1 (java windows)
Cache-Control: no-cache
Content-Type: application/json; charset=utf-8
host: localhost:35370
accept: */*

Response DefaultHttpResponse(decodeResult: success, version: HTTP/1.1)
HTTP/1.1 200 OK
Content-Length: 122040
Content-Type: application/json; charset=utf-8
cache-control: no-cache

19:51:20.524 [AsyncHttpClient-1-8] DEBUG org.asynchttpclient.netty.channel.ChannelManager - Adding key: http://localhost:35370 for channel [id: 0x15608099, L:/127.0.0.1:62029 - R:localhost/127.0.0.1:35370]
19:51:20.530 [main] DEBUG net.serenitybdd.core.photography.Darkroom - Send negative for processing for target\site\serenity\8392155f7b8892f6bfdafc304fdc568b7155b027a618c5e013eae136797389ed.png
19:51:20.532 [Forwarding getPageSource on session 7629f6c0091a29ca9fe7557f1915732e to remote] DEBUG org.asynchttpclient.netty.request.NettyRequestSender - Using pooled Channel '[id: 0x15608099, L:/127.0.0.1:62029 - R:localhost/127.0.0.1:35370]' for 'POST' to 'http://localhost:35370/session/7629f6c0091a29ca9fe7557f1915732e/execute/sync'
19:51:20.532 [Forwarding getPageSource on session 7629f6c0091a29ca9fe7557f1915732e to remote] DEBUG org.asynchttpclient.netty.request.NettyRequestSender - Using open Channel [id: 0x15608099, L:/127.0.0.1:62029 - R:localhost/127.0.0.1:35370] for POST '/session/7629f6c0091a29ca9fe7557f1915732e/execute/sync'
19:51:20.562 [AsyncHttpClient-1-8] DEBUG org.asynchttpclient.netty.handler.HttpHandler - 

Request DefaultHttpRequest(decodeResult: success, version: HTTP/1.1)
POST /session/7629f6c0091a29ca9fe7557f1915732e/execute/sync HTTP/1.1
User-Agent: selenium/4.8.1 (java windows)
Content-Length: 176
Content-Type: application/json; charset=utf-8
host: localhost:35370
accept: */*

Response DefaultHttpResponse(decodeResult: success, version: HTTP/1.1)
HTTP/1.1 200 OK
Content-Length: 166638
Content-Type: application/json; charset=utf-8
cache-control: no-cache

19:51:20.563 [AsyncHttpClient-1-8] DEBUG org.asynchttpclient.netty.channel.ChannelManager - Adding key: http://localhost:35370 for channel [id: 0x15608099, L:/127.0.0.1:62029 - R:localhost/127.0.0.1:35370]
19:51:20.588 [Forwarding getCurrentUrl on session 7629f6c0091a29ca9fe7557f1915732e to remote] DEBUG org.asynchttpclient.netty.request.NettyRequestSender - Using pooled Channel '[id: 0x15608099, L:/127.0.0.1:62029 - R:localhost/127.0.0.1:35370]' for 'GET' to 'http://localhost:35370/session/7629f6c0091a29ca9fe7557f1915732e/url'
19:51:20.588 [Forwarding getCurrentUrl on session 7629f6c0091a29ca9fe7557f1915732e to remote] DEBUG org.asynchttpclient.netty.request.NettyRequestSender - Using open Channel [id: 0x15608099, L:/127.0.0.1:62029 - R:localhost/127.0.0.1:35370] for GET '/session/7629f6c0091a29ca9fe7557f1915732e/url'
19:51:20.597 [AsyncHttpClient-1-8] DEBUG org.asynchttpclient.netty.handler.HttpHandler - 

Request DefaultFullHttpRequest(decodeResult: success, version: HTTP/1.1, content: EmptyByteBufBE)
GET /session/7629f6c0091a29ca9fe7557f1915732e/url HTTP/1.1
User-Agent: selenium/4.8.1 (java windows)
Cache-Control: no-cache
Content-Type: application/json; charset=utf-8
host: localhost:35370
accept: */*

Response DefaultHttpResponse(decodeResult: success, version: HTTP/1.1)
HTTP/1.1 200 OK
Content-Length: 66
Content-Type: application/json; charset=utf-8
cache-control: no-cache

19:51:20.597 [AsyncHttpClient-1-8] DEBUG org.asynchttpclient.netty.channel.ChannelManager - Adding key: http://localhost:35370 for channel [id: 0x15608099, L:/127.0.0.1:62029 - R:localhost/127.0.0.1:35370]
  &amp#27;[31mGiven &amp#27;[0m&amp#27;[31mI am on the login page&amp#27;[0m                                                    &amp#27;[90m# starter.stepdefinitions.LoginSteps.onLoginPage()&amp#27;[0m
      &amp#27;[31morg.openqa.selenium.NoSuchElementException: no such element: Unable to locate element: {"method":"xpath","selector":"//button[@class='v-btn v-btn--is-elevated v-btn--has-bg theme--light v-size--default primary']"}
  (Session info: chrome=114.0.5735.134)
For documentation on this error, please visit: https://selenium.dev/exceptions/#no_such_element
Build info: version: '4.8.1', revision: '8ebccac989'
System info: os.name: 'Windows 11', os.arch: 'amd64', os.version: '10.0', java.version: '17.0.6'
Driver info: org.openqa.selenium.chrome.ChromeDriver
Command: [7629f6c0091a29ca9fe7557f1915732e, findElement {using=xpath, value=//button[@class='v-btn v-btn--is-elevated v-btn--has-bg theme--light v-size--default primary']}]
Capabilities {acceptInsecureCerts: false, browserName: chrome, browserVersion: 114.0.5735.134, chrome: {chromedriverVersion: 114.0.5735.90 (386bc09e8f4f..., userDataDir: C:\Users\User-PC\AppData\Lo...}, goog:chromeOptions: {debuggerAddress: localhost:62030}, networkConnectionEnabled: false, pageLoadStrategy: normal, platformName: WINDOWS, proxy: Proxy(), se:cdp: ws://localhost:62030/devtoo..., se:cdpVersion: 114.0.5735.134, setWindowRect: true, strictFileInteractability: false, timeouts: {implicit: 0, pageLoad: 300000, script: 30000}, unhandledPromptBehavior: dismiss and notify, webauthn:extension:credBlob: true, webauthn:extension:largeBlob: true, webauthn:extension:minPinLength: true, webauthn:extension:prf: true, webauthn:virtualAuthenticators: true}
Session ID: 7629f6c0091a29ca9fe7557f1915732e
	at java.base/jdk.internal.reflect.NativeConstructorAccessorImpl.newInstance0(Native Method)
	at java.base/jdk.internal.reflect.NativeConstructorAccessorImpl.newInstance(NativeConstructorAccessorImpl.java:77)
	at java.base/jdk.internal.reflect.DelegatingConstructorAccessorImpl.newInstance(DelegatingConstructorAccessorImpl.java:45)
	at java.base/java.lang.reflect.Constructor.newInstanceWithCaller(Constructor.java:499)
	at java.base/java.lang.reflect.Constructor.newInstance(Constructor.java:480)
	at org.openqa.selenium.remote.codec.w3c.W3CHttpResponseCodec.createException(W3CHttpResponseCodec.java:200)
	at org.openqa.selenium.remote.codec.w3c.W3CHttpResponseCodec.decode(W3CHttpResponseCodec.java:133)
	at org.openqa.selenium.remote.codec.w3c.W3CHttpResponseCodec.decode(W3CHttpResponseCodec.java:53)
	at org.openqa.selenium.remote.HttpCommandExecutor.execute(HttpCommandExecutor.java:184)
	at org.openqa.selenium.remote.service.DriverCommandExecutor.invokeExecute(DriverCommandExecutor.java:167)
	at org.openqa.selenium.remote.service.DriverCommandExecutor.execute(DriverCommandExecutor.java:142)
	at org.openqa.selenium.remote.RemoteWebDriver.execute(RemoteWebDriver.java:543)
	at org.openqa.selenium.remote.ElementLocation$ElementFinder$2.findElement(ElementLocation.java:162)
	at org.openqa.selenium.remote.ElementLocation.findElement(ElementLocation.java:60)
	at org.openqa.selenium.remote.RemoteWebDriver.findElement(RemoteWebDriver.java:352)
	at org.openqa.selenium.remote.RemoteWebDriver.findElement(RemoteWebDriver.java:344)
	at net.thucydides.core.webdriver.WebDriverFacade.findElement(WebDriverFacade.java:242)
	at net.serenitybdd.core.pages.WebElementResolverByLocator.resolveForDriver(WebElementResolverByLocator.java:25)
	at net.serenitybdd.core.pages.WebElementFacadeImpl.getResolvedElement(WebElementFacadeImpl.java:189)
	at net.serenitybdd.core.pages.WebElementFacadeImpl.getElement(WebElementFacadeImpl.java:184)
	at net.serenitybdd.core.pages.WebElementFacadeImpl.isDisplayed(WebElementFacadeImpl.java:1321)
	at MiniProject@1.0-SNAPSHOT/starter.user.Login.validateOnLoginPage(Login.java:29)
	at MiniProject@1.0-SNAPSHOT/starter.user.Login$ByteBuddy$40yDOS7E.validateOnLoginPage$accessor$dzYIkQ8I(Unknown Source)
	at java.base/jdk.internal.reflect.NativeMethodAccessorImpl.invoke0(Native Method)
	at java.base/jdk.internal.reflect.NativeMethodAccessorImpl.invoke(NativeMethodAccessorImpl.java:77)
	at java.base/jdk.internal.reflect.DelegatingMethodAccessorImpl.invoke(DelegatingMethodAccessorImpl.java:43)
	at java.base/java.lang.reflect.Method.invoke(Method.java:568)
	at net.thucydides.core.steps.StepInterceptor.invokeMethod(StepInterceptor.java:518)
	at net.thucydides.core.steps.StepInterceptor.executeTestStepMethod(StepInterceptor.java:498)
	at net.thucydides.core.steps.StepInterceptor.runTestStep(StepInterceptor.java:472)
	at net.thucydides.core.steps.StepInterceptor.runOrSkipMethod(StepInterceptor.java:211)
	at net.thucydides.core.steps.StepInterceptor.testStepResult(StepInterceptor.java:198)
	at net.thucydides.core.steps.StepInterceptor.intercept(StepInterceptor.java:86)
	at net.thucydides.core.steps.ProxyConfiguration$InterceptorDispatcher.intercept(ProxyConfiguration.java:51)
	at MiniProject@1.0-SNAPSHOT/starter.user.Login$ByteBuddy$40yDOS7E.validateOnLoginPage(Unknown Source)
	at MiniProject@1.0-SNAPSHOT/starter.stepdefinitions.LoginSteps.onLoginPage(LoginSteps.java:21)
	at âœ½.I am on the login page(file:///D:/alta/Capstone/WEB/CapstoneWEB/src/test/resources/features/login.feature:22)
&amp#27;[0m
  &amp#27;[36mWhen &amp#27;[0m&amp#27;[36mI enter Username &amp#27;[0m&amp#27;[36m&amp#27;[1m"kelompok20"&amp#27;[0m                                              &amp#27;[90m# starter.stepdefinitions.LoginSteps.enterUsernamelOnSigIn(java.lang.String)&amp#27;[0m
  &amp#27;[36mAnd &amp#27;[0m&amp#27;[36mI enter Password &amp#27;[0m&amp#27;[36m&amp#27;[1m"mypassword"&amp#27;[0m                                               &amp#27;[90m# starter.stepdefinitions.LoginSteps.enterPasswordOnLogin(java.lang.String)&amp#27;[0m
  &amp#27;[36mAnd &amp#27;[0m&amp#27;[36mI click SigIn button&amp#27;[0m                                                        &amp#27;[90m# starter.stepdefinitions.LoginSteps.clickSigInButton()&amp#27;[0m
  &amp#27;[36mThen &amp#27;[0m&amp#27;[36mI can see error message &amp#27;[0m&amp#27;[36m&amp#27;[1m"Incorrect username or password, please try again"&amp#27;[0m &amp#27;[90m# starter.stepdefinitions.LoginSteps.iCanSeeErrorMessage(java.lang.String)&amp#27;[0m
19:51:20.751 [main] ERROR  - 
  _____   ___   ___   _____     ___   ___   ___    ___    ___ 
 |_   _| | __| / __| |_   _|   | __| | _ \ | _ \  / _ \  | _ \
   | |   | _|  \__ \   | |     | _|  |   / |   / | (_) | |   /
   |_|   |___| |___/   |_|     |___| |_|_\ |_|_\  \___/  |_|_\

user input with invalid Username and valid password
---------------------------------------------------------------
19:51:20.752 [main] DEBUG  - RELATED ISSUES: 
19:51:20.753 [main] ERROR  -     Test failed at step: Validate on login page
19:51:20.755 [main] ERROR  -     no such element: Unable to locate element: {"method":"xpath","selector":"//button[@class='v-btn v-btn--is-elevated v-btn--has-bg theme--light v-size--default primary']"}
19:51:20.760 [AsyncHttpClient-1-10] DEBUG org.asynchttpclient.netty.handler.WebSocketHandler - Channel Closed: [id: 0x7d7210cc, L:/127.0.0.1:62036 ! R:localhost/127.0.0.1:62030] with attribute NettyResponseFuture{currentRetry=0,
	isDone=1,
	isCancelled=0,
	asyncHandler=org.asynchttpclient.ws.WebSocketUpgradeHandler@4f835175,
	nettyRequest=org.asynchttpclient.netty.request.NettyRequest@a81c6e1,
	future=java.util.concurrent.CompletableFuture@16b66ea6[Completed normally],
	uri=ws://localhost:62030/devtools/browser/5d4c38b4-28f2-4311-bcbe-e65baa4d0765,
	keepAlive=true,
	redirectCount=0,
	timeoutsHolder=null,
	inAuth=0,
	touch=1687179071975}
19:51:20.762 [AsyncHttpClient-1-10] DEBUG org.asynchttpclient.netty.channel.ChannelManager - Closing Channel [id: 0x7d7210cc, L:/127.0.0.1:62036 ! R:localhost/127.0.0.1:62030] 
19:51:20.762 [Driver Command Executor] DEBUG org.asynchttpclient.netty.request.NettyRequestSender - Using pooled Channel '[id: 0x15608099, L:/127.0.0.1:62029 - R:localhost/127.0.0.1:35370]' for 'DELETE' to 'http://localhost:35370/session/7629f6c0091a29ca9fe7557f1915732e'
19:51:20.762 [Driver Command Executor] DEBUG org.asynchttpclient.netty.request.NettyRequestSender - Using open Channel [id: 0x15608099, L:/127.0.0.1:62029 - R:localhost/127.0.0.1:35370] for DELETE '/session/7629f6c0091a29ca9fe7557f1915732e'
19:51:21.269 [AsyncHttpClient-1-9] DEBUG org.asynchttpclient.netty.handler.HttpHandler - Unexpected I/O exception on channel [id: 0x34b89a76, L:/127.0.0.1:62035 - R:localhost/127.0.0.1:62030]
java.net.SocketException: Connection reset
	at java.base/sun.nio.ch.SocketChannelImpl.throwConnectionReset(SocketChannelImpl.java:394)
	at java.base/sun.nio.ch.SocketChannelImpl.read(SocketChannelImpl.java:426)
	at io.netty.buffer.PooledByteBuf.setBytes(PooledByteBuf.java:259)
	at io.netty.buffer.AbstractByteBuf.writeBytes(AbstractByteBuf.java:1132)
	at io.netty.channel.socket.nio.NioSocketChannel.doReadBytes(NioSocketChannel.java:357)
	at io.netty.channel.nio.AbstractNioByteChannel$NioByteUnsafe.read(AbstractNioByteChannel.java:151)
	at io.netty.channel.nio.NioEventLoop.processSelectedKey(NioEventLoop.java:788)
	at io.netty.channel.nio.NioEventLoop.processSelectedKeysOptimized(NioEventLoop.java:724)
	at io.netty.channel.nio.NioEventLoop.processSelectedKeys(NioEventLoop.java:650)
	at io.netty.channel.nio.NioEventLoop.run(NioEventLoop.java:562)
	at io.netty.util.concurrent.SingleThreadEventExecutor$4.run(SingleThreadEventExecutor.java:997)
	at io.netty.util.internal.ThreadExecutorMap$2.run(ThreadExecutorMap.java:74)
	at io.netty.util.concurrent.FastThreadLocalRunnable.run(FastThreadLocalRunnable.java:30)
	at java.base/java.lang.Thread.run(Thread.java:833)
19:51:21.269 [AsyncHttpClient-1-9] DEBUG org.asynchttpclient.netty.channel.ChannelManager - Closing Channel [id: 0x34b89a76, L:/127.0.0.1:62035 - R:localhost/127.0.0.1:62030] 
19:51:21.270 [AsyncHttpClient-1-9] DEBUG org.asynchttpclient.netty.handler.HttpHandler - Channel Closed: [id: 0x34b89a76, L:/127.0.0.1:62035 ! R:localhost/127.0.0.1:62030] with attribute DISCARD
19:51:21.308 [AsyncHttpClient-1-8] DEBUG org.asynchttpclient.netty.handler.HttpHandler - 

Request DefaultFullHttpRequest(decodeResult: success, version: HTTP/1.1, content: EmptyByteBufBE)
DELETE /session/7629f6c0091a29ca9fe7557f1915732e HTTP/1.1
User-Agent: selenium/4.8.1 (java windows)
Content-Type: application/json; charset=utf-8
host: localhost:35370
accept: */*

Response DefaultHttpResponse(decodeResult: success, version: HTTP/1.1)
HTTP/1.1 200 OK
Content-Length: 14
Content-Type: application/json; charset=utf-8
cache-control: no-cache

19:51:21.309 [AsyncHttpClient-1-8] DEBUG org.asynchttpclient.netty.channel.ChannelManager - Adding key: http://localhost:35370 for channel [id: 0x15608099, L:/127.0.0.1:62029 - R:localhost/127.0.0.1:35370]
19:51:21.317 [AsyncHttpClient-1-1] DEBUG org.asynchttpclient.netty.channel.DefaultChannelPool - Entry count for : http://localhost:35370 : 1
19:51:21.318 [AsyncHttpClient-1-1] DEBUG org.asynchttpclient.netty.channel.DefaultChannelPool - Entry count for : http://localhost:62030 : 1
19:51:21.318 [AsyncHttpClient-1-1] DEBUG org.asynchttpclient.netty.channel.DefaultChannelPool - Adding Candidate expired Channel [id: 0x34b89a76, L:/127.0.0.1:62035 ! R:localhost/127.0.0.1:62030] isIdleTimeoutExpired=false isRemotelyClosed=true isTtlExpired=false
19:51:21.318 [AsyncHttpClient-1-1] DEBUG org.asynchttpclient.netty.channel.DefaultChannelPool - Closing Idle Channel [id: 0x34b89a76, L:/127.0.0.1:62035 ! R:localhost/127.0.0.1:62030]
19:51:21.318 [AsyncHttpClient-1-1] DEBUG org.asynchttpclient.netty.channel.DefaultChannelPool - Closed 1 connections out of 2 in 0 ms
19:51:21.444 [AsyncHttpClient-1-8] DEBUG org.asynchttpclient.netty.handler.HttpHandler - Channel Closed: [id: 0x15608099, L:/127.0.0.1:62029 ! R:localhost/127.0.0.1:35370] with attribute DISCARD
]]></system-out>
    <system-err><![CDATA[Starting ChromeDriver 114.0.5735.90 (386bc09e8f4f2e025eddae123f36f6263096ae49-refs/branch-heads/5735@{#1052}) on port 35370
Only local connections are allowed.
Please see https://chromedriver.chromium.org/security-considerations for suggestions on keeping ChromeDriver safe.
ChromeDriver was started successfully.
Jun 19, 2023 7:51:11 PM org.openqa.selenium.devtools.CdpVersionFinder findNearestMatch
WARNING: Unable to find an exact match for CDP version 114, so returning the closest version found: 110
]]></system-err>
  </testcase>
</testsuite>