<?xml version="1.0" encoding="UTF-8"?>
<testsuite xmlns:xsi="http://www.w3.org/2001/XMLSchema-instance" xsi:noNamespaceSchemaLocation="https://maven.apache.org/surefire/maven-failsafe-plugin/xsd/failsafe-test-report-3.0.xsd" version="3.0" name="starter.CucumberTestSuite" time="15.732" tests="3" errors="0" skipped="0" failures="1">
  <properties>
[...]
</properties>
  <testcase name="Users register to Nusameal" classname="Users started to use Nusameal" time="6.886">
    <failure type="java.lang.AssertionError"><![CDATA[java.lang.AssertionError: 
1 expectation failed.
Expected status code <200> but was <400>.

]]></failure>
    <system-out><![CDATA[14:44:43.264 [main] INFO   - 

-------------------------------------------------------------------------------------
     _______. _______ .______       _______ .__   __.  __  .___________.____    ____ 
    /       ||   ____||   _  \     |   ____||  \ |  | |  | |           |\   \  /   / 
   |   (----`|  |__   |  |_)  |    |  |__   |   \|  | |  | `---|  |----` \   \/   /  
    \   \    |   __|  |      /     |   __|  |  . `  | |  |     |  |       \_    _/   
.----)   |   |  |____ |  |\  \----.|  |____ |  |\   | |  |     |  |         |  |     
|_______/    |_______|| _| `._____||_______||__| \__| |__|     |__|         |__|    
                                                                                     
 News and tutorials at http://www.serenity-bdd.info                                  
 Documentation at https://wakaleo.gitbooks.io/the-serenity-book/content/             
 Join the Serenity Community on Gitter: https://gitter.im/serenity-bdd/serenity-core 
 Serenity BDD Support and Training at http://serenity-bdd.info/#/trainingandsupport  
-------------------------------------------------------------------------------------

14:44:43.276 [main] INFO   - Test Suite Started: Users started to use Nusameal
14:44:43.305 [main] INFO   - Test Suite Started: Users started to use Nusameal

@NusamealAPI @Register @Positive
Scenario: Users register to Nusameal                                      &amp#27;[90m# src/test/resources/features/Authentication.feature:4&amp#27;[0m
14:44:43.608 [main] INFO   - 
  _____   ___   ___   _____     ___   _____     _     ___   _____   ___   ___  
 |_   _| | __| / __| |_   _|   / __| |_   _|   /_\   | _ \ |_   _| | __| |   \ 
   | |   | _|  \__ \   | |     \__ \   | |    / _ \  |   /   | |   | _|  | |) |
   |_|   |___| |___/   |_|     |___/   |_|   /_/ \_\ |_|_\   |_|   |___| |___/ 

Users register to Nusameal(users-started-to-use-nusameal;users-register-to-nusameal)
--------------------------------------------------------------------------------
  &amp#27;[32mGiven &amp#27;[0m&amp#27;[32m&amp#27;[0m&amp#27;[32m&amp#27;[1mUser&amp#27;[0m&amp#27;[32m call an api &amp#27;[0m&amp#27;[32m&amp#27;[1m"register"&amp#27;[0m&amp#27;[32m with method &amp#27;[0m&amp#27;[32m&amp#27;[1m"POST"&amp#27;[0m&amp#27;[32m with payload below&amp#27;[0m &amp#27;[90m# starter.stepdefinitions.NusamealStepDefinitions.CallAnApi(net.serenitybdd.screenplay.Actor,java.lang.String,java.lang.String,io.cucumber.datatable.DataTable)&amp#27;[0m
    | username | email              | password | retype_password |
    | disti10  | disti500@email.com | disti303 | disti303        |
HTTP/1.1 400 Bad Request
Content-Type: application/json; charset=UTF-8
Vary: Origin
Vary: Origin
Date: Thu, 22 Jun 2023 07:44:47 GMT
Content-Length: 41

{
    "message": "username is already Exists"
}
  &amp#27;[31mThen &amp#27;[0m&amp#27;[31m&amp#27;[0m&amp#27;[31m&amp#27;[1mUser&amp#27;[0m&amp#27;[31m verify status code is &amp#27;[0m&amp#27;[31m&amp#27;[1m200&amp#27;[0m                                     &amp#27;[90m# starter.stepdefinitions.NusamealStepDefinitions.userVerifyStatusCodeIs(net.serenitybdd.screenplay.Actor,int)&amp#27;[0m
      &amp#27;[31mjava.lang.AssertionError: 1 expectation failed.
Expected status code <200> but was <400>.

	at java.base/jdk.internal.reflect.NativeConstructorAccessorImpl.newInstance0(Native Method)
	at java.base/jdk.internal.reflect.NativeConstructorAccessorImpl.newInstance(NativeConstructorAccessorImpl.java:77)
	at java.base/jdk.internal.reflect.DelegatingConstructorAccessorImpl.newInstance(DelegatingConstructorAccessorImpl.java:45)
	at java.base/java.lang.reflect.Constructor.newInstanceWithCaller(Constructor.java:499)
	at java.base/java.lang.reflect.Constructor.newInstance(Constructor.java:480)
	at org.codehaus.groovy.reflection.CachedConstructor.invoke(CachedConstructor.java:73)
	at org.codehaus.groovy.runtime.callsite.ConstructorSite$ConstructorSiteNoUnwrapNoCoerce.callConstructor(ConstructorSite.java:108)
	at org.codehaus.groovy.runtime.callsite.CallSiteArray.defaultCallConstructor(CallSiteArray.java:57)
	at org.codehaus.groovy.runtime.callsite.AbstractCallSite.callConstructor(AbstractCallSite.java:263)
	at org.codehaus.groovy.runtime.callsite.AbstractCallSite.callConstructor(AbstractCallSite.java:277)
	at io.restassured.internal.ResponseSpecificationImpl$HamcrestAssertionClosure.validate(ResponseSpecificationImpl.groovy:512)
	at io.restassured.internal.ResponseSpecificationImpl$HamcrestAssertionClosure$validate$1.call(Unknown Source)
	at org.codehaus.groovy.runtime.callsite.CallSiteArray.defaultCall(CallSiteArray.java:45)
	at org.codehaus.groovy.runtime.callsite.AbstractCallSite.call(AbstractCallSite.java:125)
	at org.codehaus.groovy.runtime.callsite.AbstractCallSite.call(AbstractCallSite.java:139)
	at io.restassured.internal.ResponseSpecificationImpl.validateResponseIfRequired(ResponseSpecificationImpl.groovy:696)
	at io.restassured.internal.ResponseSpecificationImpl.this$2$validateResponseIfRequired(ResponseSpecificationImpl.groovy)
	at java.base/jdk.internal.reflect.NativeMethodAccessorImpl.invoke0(Native Method)
	at java.base/jdk.internal.reflect.NativeMethodAccessorImpl.invoke(NativeMethodAccessorImpl.java:77)
	at java.base/jdk.internal.reflect.DelegatingMethodAccessorImpl.invoke(DelegatingMethodAccessorImpl.java:43)
	at java.base/java.lang.reflect.Method.invoke(Method.java:568)
	at org.codehaus.groovy.runtime.callsite.PlainObjectMetaMethodSite.doInvoke(PlainObjectMetaMethodSite.java:43)
	at org.codehaus.groovy.runtime.callsite.PogoMetaMethodSite$PogoCachedMethodSiteNoUnwrapNoCoerce.invoke(PogoMetaMethodSite.java:198)
	at org.codehaus.groovy.runtime.callsite.PogoMetaMethodSite.callCurrent(PogoMetaMethodSite.java:62)
	at org.codehaus.groovy.runtime.callsite.CallSiteArray.defaultCallCurrent(CallSiteArray.java:49)
	at org.codehaus.groovy.runtime.callsite.AbstractCallSite.callCurrent(AbstractCallSite.java:171)
	at org.codehaus.groovy.runtime.callsite.AbstractCallSite.callCurrent(AbstractCallSite.java:185)
	at io.restassured.internal.ResponseSpecificationImpl.statusCode(ResponseSpecificationImpl.groovy:135)
	at io.restassured.specification.ResponseSpecification$statusCode$0.callCurrent(Unknown Source)
	at org.codehaus.groovy.runtime.callsite.CallSiteArray.defaultCallCurrent(CallSiteArray.java:49)
	at org.codehaus.groovy.runtime.callsite.AbstractCallSite.callCurrent(AbstractCallSite.java:171)
	at org.codehaus.groovy.runtime.callsite.AbstractCallSite.callCurrent(AbstractCallSite.java:185)
	at io.restassured.internal.ResponseSpecificationImpl.statusCode(ResponseSpecificationImpl.groovy:143)
	at io.restassured.internal.ValidatableResponseOptionsImpl.statusCode(ValidatableResponseOptionsImpl.java:89)
	at cucumber.starter@1.0.0-SNAPSHOT/starter.stepdefinitions.NusamealStepDefinitions.userVerifyStatusCodeIs(NusamealStepDefinitions.java:50)
	at âœ½.User verify status code is 200(file:///D:/capstone/QE-20/API/CapstoneAPI/src/test/resources/features/Authentication.feature:8)
&amp#27;[0m
14:44:50.102 [main] ERROR  - 
  _____   ___   ___   _____     ___     _     ___   _      ___   ___  
 |_   _| | __| / __| |_   _|   | __|   /_\   |_ _| | |    | __| |   \ 
   | |   | _|  \__ \   | |     | _|   / _ \   | |  | |__  | _|  | |) |
   |_|   |___| |___/   |_|     |_|   /_/ \_\ |___| |____| |___| |___/ 

Users register to Nusameal
-----------------------------------------------------------------------
14:44:50.193 [main] ERROR  -     Test failed at step: Then User verify status code is 200
14:44:50.194 [main] ERROR  -     1 expectation failed.Expected status code <200> but was <400>.
]]></system-out>
  </testcase>
  <testcase name="Users login to Nusameal correct email password" classname="Users started to use Nusameal" time="1.028">
    <system-out><![CDATA[
@NusamealAPI @Login @Positive
Scenario: Users login to Nusameal correct email password               &amp#27;[90m# src/test/resources/features/Authentication.feature:11&amp#27;[0m
14:44:50.230 [main] INFO   - 
  _____   ___   ___   _____     ___   _____     _     ___   _____   ___   ___  
 |_   _| | __| / __| |_   _|   / __| |_   _|   /_\   | _ \ |_   _| | __| |   \ 
   | |   | _|  \__ \   | |     \__ \   | |    / _ \  |   /   | |   | _|  | |) |
   |_|   |___| |___/   |_|     |___/   |_|   /_/ \_\ |_|_\   |_|   |___| |___/ 

Users login to Nusameal correct email password(users-started-to-use-nusameal;users-login-to-nusameal-correct-email-password)
--------------------------------------------------------------------------------
  &amp#27;[32mGiven &amp#27;[0m&amp#27;[32m&amp#27;[0m&amp#27;[32m&amp#27;[1mUser&amp#27;[0m&amp#27;[32m call an api &amp#27;[0m&amp#27;[32m&amp#27;[1m"login"&amp#27;[0m&amp#27;[32m with method &amp#27;[0m&amp#27;[32m&amp#27;[1m"POST"&amp#27;[0m&amp#27;[32m with payload below&amp#27;[0m &amp#27;[90m# starter.stepdefinitions.NusamealStepDefinitions.CallAnApi(net.serenitybdd.screenplay.Actor,java.lang.String,java.lang.String,io.cucumber.datatable.DataTable)&amp#27;[0m
    | email_or_username | password |
    | disti10           | disti303 |
HTTP/1.1 200 OK
Content-Type: application/json; charset=UTF-8
Vary: Origin
Vary: Origin
Date: Thu, 22 Jun 2023 07:44:49 GMT
Content-Length: 214

{
    "id": 71,
    "username": "disti10",
    "token": "eyJhbGciOiJIUzI1NiIsInR5cCI6IkpXVCJ9.eyJ1c2VyX2lkIjoiNzEiLCJ1c2VybmFtZSI6ImRpc3RpMTAiLCJyb2xlIjoidXNlciIsImV4cCI6MTY4NzUwNjI4OX0.cr5UL0bqqeNQjymQTJKUsVvrbW2-RHGoKjaGa1-049E"
}
  &amp#27;[32mThen &amp#27;[0m&amp#27;[32m&amp#27;[0m&amp#27;[32m&amp#27;[1mUser&amp#27;[0m&amp#27;[32m verify status code is &amp#27;[0m&amp#27;[32m&amp#27;[1m200&amp#27;[0m                                  &amp#27;[90m# starter.stepdefinitions.NusamealStepDefinitions.userVerifyStatusCodeIs(net.serenitybdd.screenplay.Actor,int)&amp#27;[0m
14:44:51.241 [main] INFO   - 
  _____   ___   ___   _____     ___     _     ___   ___   ___   ___  
 |_   _| | __| / __| |_   _|   | _ \   /_\   / __| / __| | __| |   \ 
   | |   | _|  \__ \   | |     |  _/  / _ \  \__ \ \__ \ | _|  | |) |
   |_|   |___| |___/   |_|     |_|   /_/ \_\ |___/ |___/ |___| |___/ 

Users login to Nusameal correct email password
----------------------------------------------------------------------
]]></system-out>
  </testcase>
  <testcase name="Users login to Nusameal wrong email password" classname="Users started to use Nusameal" time="0.82">
    <system-out><![CDATA[
@NusamealAPI @Login @Negative
Scenario: Users login to Nusameal wrong email password                 &amp#27;[90m# src/test/resources/features/Authentication.feature:18&amp#27;[0m
14:44:51.270 [main] INFO   - 
  _____   ___   ___   _____     ___   _____     _     ___   _____   ___   ___  
 |_   _| | __| / __| |_   _|   / __| |_   _|   /_\   | _ \ |_   _| | __| |   \ 
   | |   | _|  \__ \   | |     \__ \   | |    / _ \  |   /   | |   | _|  | |) |
   |_|   |___| |___/   |_|     |___/   |_|   /_/ \_\ |_|_\   |_|   |___| |___/ 

Users login to Nusameal wrong email password(users-started-to-use-nusameal;users-login-to-nusameal-wrong-email-password)
--------------------------------------------------------------------------------
  &amp#27;[32mGiven &amp#27;[0m&amp#27;[32m&amp#27;[0m&amp#27;[32m&amp#27;[1mUser&amp#27;[0m&amp#27;[32m call an api &amp#27;[0m&amp#27;[32m&amp#27;[1m"login"&amp#27;[0m&amp#27;[32m with method &amp#27;[0m&amp#27;[32m&amp#27;[1m"POST"&amp#27;[0m&amp#27;[32m with payload below&amp#27;[0m &amp#27;[90m# starter.stepdefinitions.NusamealStepDefinitions.CallAnApi(net.serenitybdd.screenplay.Actor,java.lang.String,java.lang.String,io.cucumber.datatable.DataTable)&amp#27;[0m
    | email_or_username | password |
    | disti2            | disti299 |
HTTP/1.1 400 Bad Request
Content-Type: application/json; charset=UTF-8
Vary: Origin
Vary: Origin
Date: Thu, 22 Jun 2023 07:44:50 GMT
Content-Length: 31

{
    "message": "invalid password"
}
  &amp#27;[32mThen &amp#27;[0m&amp#27;[32m&amp#27;[0m&amp#27;[32m&amp#27;[1mUser&amp#27;[0m&amp#27;[32m verify status code is &amp#27;[0m&amp#27;[32m&amp#27;[1m400&amp#27;[0m                                  &amp#27;[90m# starter.stepdefinitions.NusamealStepDefinitions.userVerifyStatusCodeIs(net.serenitybdd.screenplay.Actor,int)&amp#27;[0m
14:44:52.063 [main] INFO   - 
  _____   ___   ___   _____     ___     _     ___   ___   ___   ___  
 |_   _| | __| / __| |_   _|   | _ \   /_\   / __| / __| | __| |   \ 
   | |   | _|  \__ \   | |     |  _/  / _ \  \__ \ \__ \ | _|  | |) |
   |_|   |___| |___/   |_|     |_|   /_/ \_\ |___/ |___/ |___| |___/ 

Users login to Nusameal wrong email password
----------------------------------------------------------------------
]]></system-out>
  </testcase>
</testsuite>